<?xml version="1.0" encoding="UTF-8"?>
<testsuite xmlns:xsi="http://www.w3.org/2001/XMLSchema-instance" xsi:noNamespaceSchemaLocation="https://maven.apache.org/surefire/maven-surefire-plugin/xsd/surefire-test-report.xsd" version="3.0.2" name="com.newveela.bonafidegenerator.BonafideGeneratorApplicationTests" time="2.87" tests="1" errors="0" skipped="0" failures="0">
  <properties>
    <property name="java.specification.version" value="23"/>
    <property name="sun.jnu.encoding" value="UTF-8"/>
    <property name="java.class.path" value="/Users/bug/Github/BonafideGenerator/target/test-classes:/Users/bug/Github/BonafideGenerator/target/classes:/Users/bug/.m2/repository/org/springframework/boot/spring-boot-starter-data-jpa/3.4.4/spring-boot-starter-data-jpa-3.4.4.jar:/Users/bug/.m2/repository/org/springframework/boot/spring-boot-starter/3.4.4/spring-boot-starter-3.4.4.jar:/Users/bug/.m2/repository/org/springframework/boot/spring-boot/3.4.4/spring-boot-3.4.4.jar:/Users/bug/.m2/repository/org/springframework/boot/spring-boot-autoconfigure/3.4.4/spring-boot-autoconfigure-3.4.4.jar:/Users/bug/.m2/repository/org/springframework/boot/spring-boot-starter-logging/3.4.4/spring-boot-starter-logging-3.4.4.jar:/Users/bug/.m2/repository/ch/qos/logback/logback-classic/1.5.18/logback-classic-1.5.18.jar:/Users/bug/.m2/repository/ch/qos/logback/logback-core/1.5.18/logback-core-1.5.18.jar:/Users/bug/.m2/repository/org/apache/logging/log4j/log4j-to-slf4j/2.24.3/log4j-to-slf4j-2.24.3.jar:/Users/bug/.m2/repository/org/apache/logging/log4j/log4j-api/2.24.3/log4j-api-2.24.3.jar:/Users/bug/.m2/repository/org/slf4j/jul-to-slf4j/2.0.17/jul-to-slf4j-2.0.17.jar:/Users/bug/.m2/repository/jakarta/annotation/jakarta.annotation-api/2.1.1/jakarta.annotation-api-2.1.1.jar:/Users/bug/.m2/repository/org/yaml/snakeyaml/2.3/snakeyaml-2.3.jar:/Users/bug/.m2/repository/org/springframework/boot/spring-boot-starter-jdbc/3.4.4/spring-boot-starter-jdbc-3.4.4.jar:/Users/bug/.m2/repository/com/zaxxer/HikariCP/5.1.0/HikariCP-5.1.0.jar:/Users/bug/.m2/repository/org/springframework/spring-jdbc/6.2.5/spring-jdbc-6.2.5.jar:/Users/bug/.m2/repository/org/hibernate/orm/hibernate-core/6.6.11.Final/hibernate-core-6.6.11.Final.jar:/Users/bug/.m2/repository/jakarta/persistence/jakarta.persistence-api/3.1.0/jakarta.persistence-api-3.1.0.jar:/Users/bug/.m2/repository/jakarta/transaction/jakarta.transaction-api/2.0.1/jakarta.transaction-api-2.0.1.jar:/Users/bug/.m2/repository/org/jboss/logging/jboss-logging/3.6.1.Final/jboss-logging-3.6.1.Final.jar:/Users/bug/.m2/repository/org/hibernate/common/hibernate-commons-annotations/7.0.3.Final/hibernate-commons-annotations-7.0.3.Final.jar:/Users/bug/.m2/repository/io/smallrye/jandex/3.2.0/jandex-3.2.0.jar:/Users/bug/.m2/repository/com/fasterxml/classmate/1.7.0/classmate-1.7.0.jar:/Users/bug/.m2/repository/net/bytebuddy/byte-buddy/1.15.11/byte-buddy-1.15.11.jar:/Users/bug/.m2/repository/org/glassfish/jaxb/jaxb-runtime/4.0.5/jaxb-runtime-4.0.5.jar:/Users/bug/.m2/repository/org/glassfish/jaxb/jaxb-core/4.0.5/jaxb-core-4.0.5.jar:/Users/bug/.m2/repository/org/eclipse/angus/angus-activation/2.0.2/angus-activation-2.0.2.jar:/Users/bug/.m2/repository/org/glassfish/jaxb/txw2/4.0.5/txw2-4.0.5.jar:/Users/bug/.m2/repository/com/sun/istack/istack-commons-runtime/4.1.2/istack-commons-runtime-4.1.2.jar:/Users/bug/.m2/repository/jakarta/inject/jakarta.inject-api/2.0.1/jakarta.inject-api-2.0.1.jar:/Users/bug/.m2/repository/org/antlr/antlr4-runtime/4.13.0/antlr4-runtime-4.13.0.jar:/Users/bug/.m2/repository/org/springframework/data/spring-data-jpa/3.4.4/spring-data-jpa-3.4.4.jar:/Users/bug/.m2/repository/org/springframework/data/spring-data-commons/3.4.4/spring-data-commons-3.4.4.jar:/Users/bug/.m2/repository/org/springframework/spring-orm/6.2.5/spring-orm-6.2.5.jar:/Users/bug/.m2/repository/org/springframework/spring-context/6.2.5/spring-context-6.2.5.jar:/Users/bug/.m2/repository/org/springframework/spring-aop/6.2.5/spring-aop-6.2.5.jar:/Users/bug/.m2/repository/org/springframework/spring-tx/6.2.5/spring-tx-6.2.5.jar:/Users/bug/.m2/repository/org/springframework/spring-beans/6.2.5/spring-beans-6.2.5.jar:/Users/bug/.m2/repository/org/slf4j/slf4j-api/2.0.17/slf4j-api-2.0.17.jar:/Users/bug/.m2/repository/org/springframework/spring-aspects/6.2.5/spring-aspects-6.2.5.jar:/Users/bug/.m2/repository/org/aspectj/aspectjweaver/1.9.23/aspectjweaver-1.9.23.jar:/Users/bug/.m2/repository/org/springframework/boot/spring-boot-starter-web/3.4.4/spring-boot-starter-web-3.4.4.jar:/Users/bug/.m2/repository/org/springframework/boot/spring-boot-starter-json/3.4.4/spring-boot-starter-json-3.4.4.jar:/Users/bug/.m2/repository/com/fasterxml/jackson/core/jackson-databind/2.18.3/jackson-databind-2.18.3.jar:/Users/bug/.m2/repository/com/fasterxml/jackson/core/jackson-annotations/2.18.3/jackson-annotations-2.18.3.jar:/Users/bug/.m2/repository/com/fasterxml/jackson/core/jackson-core/2.18.3/jackson-core-2.18.3.jar:/Users/bug/.m2/repository/com/fasterxml/jackson/datatype/jackson-datatype-jdk8/2.18.3/jackson-datatype-jdk8-2.18.3.jar:/Users/bug/.m2/repository/com/fasterxml/jackson/datatype/jackson-datatype-jsr310/2.18.3/jackson-datatype-jsr310-2.18.3.jar:/Users/bug/.m2/repository/com/fasterxml/jackson/module/jackson-module-parameter-names/2.18.3/jackson-module-parameter-names-2.18.3.jar:/Users/bug/.m2/repository/org/springframework/boot/spring-boot-starter-tomcat/3.4.4/spring-boot-starter-tomcat-3.4.4.jar:/Users/bug/.m2/repository/org/apache/tomcat/embed/tomcat-embed-core/10.1.39/tomcat-embed-core-10.1.39.jar:/Users/bug/.m2/repository/org/apache/tomcat/embed/tomcat-embed-el/10.1.39/tomcat-embed-el-10.1.39.jar:/Users/bug/.m2/repository/org/apache/tomcat/embed/tomcat-embed-websocket/10.1.39/tomcat-embed-websocket-10.1.39.jar:/Users/bug/.m2/repository/org/springframework/spring-web/6.2.5/spring-web-6.2.5.jar:/Users/bug/.m2/repository/org/springframework/spring-webmvc/6.2.5/spring-webmvc-6.2.5.jar:/Users/bug/.m2/repository/org/springframework/spring-expression/6.2.5/spring-expression-6.2.5.jar:/Users/bug/.m2/repository/com/itextpdf/itextpdf/5.5.13.3/itextpdf-5.5.13.3.jar:/Users/bug/.m2/repository/com/h2database/h2/2.3.232/h2-2.3.232.jar:/Users/bug/.m2/repository/org/projectlombok/lombok/1.18.36/lombok-1.18.36.jar:/Users/bug/.m2/repository/org/springframework/boot/spring-boot-starter-test/3.4.4/spring-boot-starter-test-3.4.4.jar:/Users/bug/.m2/repository/org/springframework/boot/spring-boot-test/3.4.4/spring-boot-test-3.4.4.jar:/Users/bug/.m2/repository/org/springframework/boot/spring-boot-test-autoconfigure/3.4.4/spring-boot-test-autoconfigure-3.4.4.jar:/Users/bug/.m2/repository/com/jayway/jsonpath/json-path/2.9.0/json-path-2.9.0.jar:/Users/bug/.m2/repository/jakarta/xml/bind/jakarta.xml.bind-api/4.0.2/jakarta.xml.bind-api-4.0.2.jar:/Users/bug/.m2/repository/jakarta/activation/jakarta.activation-api/2.1.3/jakarta.activation-api-2.1.3.jar:/Users/bug/.m2/repository/net/minidev/json-smart/2.5.2/json-smart-2.5.2.jar:/Users/bug/.m2/repository/net/minidev/accessors-smart/2.5.2/accessors-smart-2.5.2.jar:/Users/bug/.m2/repository/org/ow2/asm/asm/9.7.1/asm-9.7.1.jar:/Users/bug/.m2/repository/org/assertj/assertj-core/3.26.3/assertj-core-3.26.3.jar:/Users/bug/.m2/repository/org/awaitility/awaitility/4.2.2/awaitility-4.2.2.jar:/Users/bug/.m2/repository/org/hamcrest/hamcrest/2.2/hamcrest-2.2.jar:/Users/bug/.m2/repository/org/junit/jupiter/junit-jupiter/5.11.4/junit-jupiter-5.11.4.jar:/Users/bug/.m2/repository/org/junit/jupiter/junit-jupiter-api/5.11.4/junit-jupiter-api-5.11.4.jar:/Users/bug/.m2/repository/org/opentest4j/opentest4j/1.3.0/opentest4j-1.3.0.jar:/Users/bug/.m2/repository/org/junit/platform/junit-platform-commons/1.11.4/junit-platform-commons-1.11.4.jar:/Users/bug/.m2/repository/org/apiguardian/apiguardian-api/1.1.2/apiguardian-api-1.1.2.jar:/Users/bug/.m2/repository/org/junit/jupiter/junit-jupiter-params/5.11.4/junit-jupiter-params-5.11.4.jar:/Users/bug/.m2/repository/org/junit/jupiter/junit-jupiter-engine/5.11.4/junit-jupiter-engine-5.11.4.jar:/Users/bug/.m2/repository/org/junit/platform/junit-platform-engine/1.11.4/junit-platform-engine-1.11.4.jar:/Users/bug/.m2/repository/org/mockito/mockito-core/5.14.2/mockito-core-5.14.2.jar:/Users/bug/.m2/repository/net/bytebuddy/byte-buddy-agent/1.15.11/byte-buddy-agent-1.15.11.jar:/Users/bug/.m2/repository/org/objenesis/objenesis/3.3/objenesis-3.3.jar:/Users/bug/.m2/repository/org/mockito/mockito-junit-jupiter/5.14.2/mockito-junit-jupiter-5.14.2.jar:/Users/bug/.m2/repository/org/skyscreamer/jsonassert/1.5.3/jsonassert-1.5.3.jar:/Users/bug/.m2/repository/com/vaadin/external/google/android-json/0.0.20131108.vaadin1/android-json-0.0.20131108.vaadin1.jar:/Users/bug/.m2/repository/org/springframework/spring-core/6.2.5/spring-core-6.2.5.jar:/Users/bug/.m2/repository/org/springframework/spring-jcl/6.2.5/spring-jcl-6.2.5.jar:/Users/bug/.m2/repository/org/springframework/spring-test/6.2.5/spring-test-6.2.5.jar:/Users/bug/.m2/repository/org/xmlunit/xmlunit-core/2.10.0/xmlunit-core-2.10.0.jar:/Users/bug/.m2/repository/org/springframework/boot/spring-boot-starter-actuator/3.4.4/spring-boot-starter-actuator-3.4.4.jar:/Users/bug/.m2/repository/org/springframework/boot/spring-boot-actuator-autoconfigure/3.4.4/spring-boot-actuator-autoconfigure-3.4.4.jar:/Users/bug/.m2/repository/org/springframework/boot/spring-boot-actuator/3.4.4/spring-boot-actuator-3.4.4.jar:/Users/bug/.m2/repository/io/micrometer/micrometer-observation/1.14.5/micrometer-observation-1.14.5.jar:/Users/bug/.m2/repository/io/micrometer/micrometer-commons/1.14.5/micrometer-commons-1.14.5.jar:/Users/bug/.m2/repository/io/micrometer/micrometer-jakarta9/1.14.5/micrometer-jakarta9-1.14.5.jar:/Users/bug/.m2/repository/io/micrometer/micrometer-core/1.14.5/micrometer-core-1.14.5.jar:/Users/bug/.m2/repository/org/hdrhistogram/HdrHistogram/2.2.2/HdrHistogram-2.2.2.jar:/Users/bug/.m2/repository/org/latencyutils/LatencyUtils/2.0.3/LatencyUtils-2.0.3.jar:"/>
    <property name="java.vm.vendor" value="Homebrew"/>
    <property name="sun.arch.data.model" value="64"/>
    <property name="java.vendor.url" value="https://github.com/Homebrew/homebrew-core/issues"/>
    <property name="user.timezone" value="America/New_York"/>
    <property name="org.jboss.logging.provider" value="slf4j"/>
    <property name="os.name" value="Mac OS X"/>
    <property name="java.vm.specification.version" value="23"/>
    <property name="APPLICATION_NAME" value="BonafideGenerator"/>
    <property name="sun.java.launcher" value="SUN_STANDARD"/>
    <property name="user.country" value="US"/>
    <property name="sun.boot.library.path" value="/opt/homebrew/Cellar/openjdk/23.0.2/libexec/openjdk.jdk/Contents/Home/lib"/>
    <property name="sun.java.command" value="/Users/bug/Github/BonafideGenerator/target/surefire/surefirebooter-20250326113155337_3.jar /Users/bug/Github/BonafideGenerator/target/surefire 2025-03-26T11-31-55_299-jvmRun1 surefire-20250326113155337_1tmp surefire_0-20250326113155337_2tmp"/>
    <property name="http.nonProxyHosts" value="local|*.local|169.254/16|*.169.254/16"/>
    <property name="jdk.debug" value="release"/>
    <property name="surefire.test.class.path" value="/Users/bug/Github/BonafideGenerator/target/test-classes:/Users/bug/Github/BonafideGenerator/target/classes:/Users/bug/.m2/repository/org/springframework/boot/spring-boot-starter-data-jpa/3.4.4/spring-boot-starter-data-jpa-3.4.4.jar:/Users/bug/.m2/repository/org/springframework/boot/spring-boot-starter/3.4.4/spring-boot-starter-3.4.4.jar:/Users/bug/.m2/repository/org/springframework/boot/spring-boot/3.4.4/spring-boot-3.4.4.jar:/Users/bug/.m2/repository/org/springframework/boot/spring-boot-autoconfigure/3.4.4/spring-boot-autoconfigure-3.4.4.jar:/Users/bug/.m2/repository/org/springframework/boot/spring-boot-starter-logging/3.4.4/spring-boot-starter-logging-3.4.4.jar:/Users/bug/.m2/repository/ch/qos/logback/logback-classic/1.5.18/logback-classic-1.5.18.jar:/Users/bug/.m2/repository/ch/qos/logback/logback-core/1.5.18/logback-core-1.5.18.jar:/Users/bug/.m2/repository/org/apache/logging/log4j/log4j-to-slf4j/2.24.3/log4j-to-slf4j-2.24.3.jar:/Users/bug/.m2/repository/org/apache/logging/log4j/log4j-api/2.24.3/log4j-api-2.24.3.jar:/Users/bug/.m2/repository/org/slf4j/jul-to-slf4j/2.0.17/jul-to-slf4j-2.0.17.jar:/Users/bug/.m2/repository/jakarta/annotation/jakarta.annotation-api/2.1.1/jakarta.annotation-api-2.1.1.jar:/Users/bug/.m2/repository/org/yaml/snakeyaml/2.3/snakeyaml-2.3.jar:/Users/bug/.m2/repository/org/springframework/boot/spring-boot-starter-jdbc/3.4.4/spring-boot-starter-jdbc-3.4.4.jar:/Users/bug/.m2/repository/com/zaxxer/HikariCP/5.1.0/HikariCP-5.1.0.jar:/Users/bug/.m2/repository/org/springframework/spring-jdbc/6.2.5/spring-jdbc-6.2.5.jar:/Users/bug/.m2/repository/org/hibernate/orm/hibernate-core/6.6.11.Final/hibernate-core-6.6.11.Final.jar:/Users/bug/.m2/repository/jakarta/persistence/jakarta.persistence-api/3.1.0/jakarta.persistence-api-3.1.0.jar:/Users/bug/.m2/repository/jakarta/transaction/jakarta.transaction-api/2.0.1/jakarta.transaction-api-2.0.1.jar:/Users/bug/.m2/repository/org/jboss/logging/jboss-logging/3.6.1.Final/jboss-logging-3.6.1.Final.jar:/Users/bug/.m2/repository/org/hibernate/common/hibernate-commons-annotations/7.0.3.Final/hibernate-commons-annotations-7.0.3.Final.jar:/Users/bug/.m2/repository/io/smallrye/jandex/3.2.0/jandex-3.2.0.jar:/Users/bug/.m2/repository/com/fasterxml/classmate/1.7.0/classmate-1.7.0.jar:/Users/bug/.m2/repository/net/bytebuddy/byte-buddy/1.15.11/byte-buddy-1.15.11.jar:/Users/bug/.m2/repository/org/glassfish/jaxb/jaxb-runtime/4.0.5/jaxb-runtime-4.0.5.jar:/Users/bug/.m2/repository/org/glassfish/jaxb/jaxb-core/4.0.5/jaxb-core-4.0.5.jar:/Users/bug/.m2/repository/org/eclipse/angus/angus-activation/2.0.2/angus-activation-2.0.2.jar:/Users/bug/.m2/repository/org/glassfish/jaxb/txw2/4.0.5/txw2-4.0.5.jar:/Users/bug/.m2/repository/com/sun/istack/istack-commons-runtime/4.1.2/istack-commons-runtime-4.1.2.jar:/Users/bug/.m2/repository/jakarta/inject/jakarta.inject-api/2.0.1/jakarta.inject-api-2.0.1.jar:/Users/bug/.m2/repository/org/antlr/antlr4-runtime/4.13.0/antlr4-runtime-4.13.0.jar:/Users/bug/.m2/repository/org/springframework/data/spring-data-jpa/3.4.4/spring-data-jpa-3.4.4.jar:/Users/bug/.m2/repository/org/springframework/data/spring-data-commons/3.4.4/spring-data-commons-3.4.4.jar:/Users/bug/.m2/repository/org/springframework/spring-orm/6.2.5/spring-orm-6.2.5.jar:/Users/bug/.m2/repository/org/springframework/spring-context/6.2.5/spring-context-6.2.5.jar:/Users/bug/.m2/repository/org/springframework/spring-aop/6.2.5/spring-aop-6.2.5.jar:/Users/bug/.m2/repository/org/springframework/spring-tx/6.2.5/spring-tx-6.2.5.jar:/Users/bug/.m2/repository/org/springframework/spring-beans/6.2.5/spring-beans-6.2.5.jar:/Users/bug/.m2/repository/org/slf4j/slf4j-api/2.0.17/slf4j-api-2.0.17.jar:/Users/bug/.m2/repository/org/springframework/spring-aspects/6.2.5/spring-aspects-6.2.5.jar:/Users/bug/.m2/repository/org/aspectj/aspectjweaver/1.9.23/aspectjweaver-1.9.23.jar:/Users/bug/.m2/repository/org/springframework/boot/spring-boot-starter-web/3.4.4/spring-boot-starter-web-3.4.4.jar:/Users/bug/.m2/repository/org/springframework/boot/spring-boot-starter-json/3.4.4/spring-boot-starter-json-3.4.4.jar:/Users/bug/.m2/repository/com/fasterxml/jackson/core/jackson-databind/2.18.3/jackson-databind-2.18.3.jar:/Users/bug/.m2/repository/com/fasterxml/jackson/core/jackson-annotations/2.18.3/jackson-annotations-2.18.3.jar:/Users/bug/.m2/repository/com/fasterxml/jackson/core/jackson-core/2.18.3/jackson-core-2.18.3.jar:/Users/bug/.m2/repository/com/fasterxml/jackson/datatype/jackson-datatype-jdk8/2.18.3/jackson-datatype-jdk8-2.18.3.jar:/Users/bug/.m2/repository/com/fasterxml/jackson/datatype/jackson-datatype-jsr310/2.18.3/jackson-datatype-jsr310-2.18.3.jar:/Users/bug/.m2/repository/com/fasterxml/jackson/module/jackson-module-parameter-names/2.18.3/jackson-module-parameter-names-2.18.3.jar:/Users/bug/.m2/repository/org/springframework/boot/spring-boot-starter-tomcat/3.4.4/spring-boot-starter-tomcat-3.4.4.jar:/Users/bug/.m2/repository/org/apache/tomcat/embed/tomcat-embed-core/10.1.39/tomcat-embed-core-10.1.39.jar:/Users/bug/.m2/repository/org/apache/tomcat/embed/tomcat-embed-el/10.1.39/tomcat-embed-el-10.1.39.jar:/Users/bug/.m2/repository/org/apache/tomcat/embed/tomcat-embed-websocket/10.1.39/tomcat-embed-websocket-10.1.39.jar:/Users/bug/.m2/repository/org/springframework/spring-web/6.2.5/spring-web-6.2.5.jar:/Users/bug/.m2/repository/org/springframework/spring-webmvc/6.2.5/spring-webmvc-6.2.5.jar:/Users/bug/.m2/repository/org/springframework/spring-expression/6.2.5/spring-expression-6.2.5.jar:/Users/bug/.m2/repository/com/itextpdf/itextpdf/5.5.13.3/itextpdf-5.5.13.3.jar:/Users/bug/.m2/repository/com/h2database/h2/2.3.232/h2-2.3.232.jar:/Users/bug/.m2/repository/org/projectlombok/lombok/1.18.36/lombok-1.18.36.jar:/Users/bug/.m2/repository/org/springframework/boot/spring-boot-starter-test/3.4.4/spring-boot-starter-test-3.4.4.jar:/Users/bug/.m2/repository/org/springframework/boot/spring-boot-test/3.4.4/spring-boot-test-3.4.4.jar:/Users/bug/.m2/repository/org/springframework/boot/spring-boot-test-autoconfigure/3.4.4/spring-boot-test-autoconfigure-3.4.4.jar:/Users/bug/.m2/repository/com/jayway/jsonpath/json-path/2.9.0/json-path-2.9.0.jar:/Users/bug/.m2/repository/jakarta/xml/bind/jakarta.xml.bind-api/4.0.2/jakarta.xml.bind-api-4.0.2.jar:/Users/bug/.m2/repository/jakarta/activation/jakarta.activation-api/2.1.3/jakarta.activation-api-2.1.3.jar:/Users/bug/.m2/repository/net/minidev/json-smart/2.5.2/json-smart-2.5.2.jar:/Users/bug/.m2/repository/net/minidev/accessors-smart/2.5.2/accessors-smart-2.5.2.jar:/Users/bug/.m2/repository/org/ow2/asm/asm/9.7.1/asm-9.7.1.jar:/Users/bug/.m2/repository/org/assertj/assertj-core/3.26.3/assertj-core-3.26.3.jar:/Users/bug/.m2/repository/org/awaitility/awaitility/4.2.2/awaitility-4.2.2.jar:/Users/bug/.m2/repository/org/hamcrest/hamcrest/2.2/hamcrest-2.2.jar:/Users/bug/.m2/repository/org/junit/jupiter/junit-jupiter/5.11.4/junit-jupiter-5.11.4.jar:/Users/bug/.m2/repository/org/junit/jupiter/junit-jupiter-api/5.11.4/junit-jupiter-api-5.11.4.jar:/Users/bug/.m2/repository/org/opentest4j/opentest4j/1.3.0/opentest4j-1.3.0.jar:/Users/bug/.m2/repository/org/junit/platform/junit-platform-commons/1.11.4/junit-platform-commons-1.11.4.jar:/Users/bug/.m2/repository/org/apiguardian/apiguardian-api/1.1.2/apiguardian-api-1.1.2.jar:/Users/bug/.m2/repository/org/junit/jupiter/junit-jupiter-params/5.11.4/junit-jupiter-params-5.11.4.jar:/Users/bug/.m2/repository/org/junit/jupiter/junit-jupiter-engine/5.11.4/junit-jupiter-engine-5.11.4.jar:/Users/bug/.m2/repository/org/junit/platform/junit-platform-engine/1.11.4/junit-platform-engine-1.11.4.jar:/Users/bug/.m2/repository/org/mockito/mockito-core/5.14.2/mockito-core-5.14.2.jar:/Users/bug/.m2/repository/net/bytebuddy/byte-buddy-agent/1.15.11/byte-buddy-agent-1.15.11.jar:/Users/bug/.m2/repository/org/objenesis/objenesis/3.3/objenesis-3.3.jar:/Users/bug/.m2/repository/org/mockito/mockito-junit-jupiter/5.14.2/mockito-junit-jupiter-5.14.2.jar:/Users/bug/.m2/repository/org/skyscreamer/jsonassert/1.5.3/jsonassert-1.5.3.jar:/Users/bug/.m2/repository/com/vaadin/external/google/android-json/0.0.20131108.vaadin1/android-json-0.0.20131108.vaadin1.jar:/Users/bug/.m2/repository/org/springframework/spring-core/6.2.5/spring-core-6.2.5.jar:/Users/bug/.m2/repository/org/springframework/spring-jcl/6.2.5/spring-jcl-6.2.5.jar:/Users/bug/.m2/repository/org/springframework/spring-test/6.2.5/spring-test-6.2.5.jar:/Users/bug/.m2/repository/org/xmlunit/xmlunit-core/2.10.0/xmlunit-core-2.10.0.jar:/Users/bug/.m2/repository/org/springframework/boot/spring-boot-starter-actuator/3.4.4/spring-boot-starter-actuator-3.4.4.jar:/Users/bug/.m2/repository/org/springframework/boot/spring-boot-actuator-autoconfigure/3.4.4/spring-boot-actuator-autoconfigure-3.4.4.jar:/Users/bug/.m2/repository/org/springframework/boot/spring-boot-actuator/3.4.4/spring-boot-actuator-3.4.4.jar:/Users/bug/.m2/repository/io/micrometer/micrometer-observation/1.14.5/micrometer-observation-1.14.5.jar:/Users/bug/.m2/repository/io/micrometer/micrometer-commons/1.14.5/micrometer-commons-1.14.5.jar:/Users/bug/.m2/repository/io/micrometer/micrometer-jakarta9/1.14.5/micrometer-jakarta9-1.14.5.jar:/Users/bug/.m2/repository/io/micrometer/micrometer-core/1.14.5/micrometer-core-1.14.5.jar:/Users/bug/.m2/repository/org/hdrhistogram/HdrHistogram/2.2.2/HdrHistogram-2.2.2.jar:/Users/bug/.m2/repository/org/latencyutils/LatencyUtils/2.0.3/LatencyUtils-2.0.3.jar:"/>
    <property name="sun.cpu.endian" value="little"/>
    <property name="user.home" value="/Users/bug"/>
    <property name="user.language" value="en"/>
    <property name="java.specification.vendor" value="Oracle Corporation"/>
    <property name="java.version.date" value="2025-01-21"/>
    <property name="java.home" value="/opt/homebrew/Cellar/openjdk/23.0.2/libexec/openjdk.jdk/Contents/Home"/>
    <property name="file.separator" value="/"/>
    <property name="basedir" value="/Users/bug/Github/BonafideGenerator"/>
    <property name="java.vm.compressedOopsMode" value="Zero based"/>
    <property name="line.separator" value="&#10;"/>
    <property name="java.vm.specification.vendor" value="Oracle Corporation"/>
    <property name="java.specification.name" value="Java Platform API Specification"/>
    <property name="FILE_LOG_CHARSET" value="UTF-8"/>
    <property name="java.awt.headless" value="true"/>
    <property name="apple.awt.application.name" value="ForkedBooter"/>
    <property name="surefire.real.class.path" value="/Users/bug/Github/BonafideGenerator/target/surefire/surefirebooter-20250326113155337_3.jar"/>
    <property name="sun.management.compiler" value="HotSpot 64-Bit Tiered Compilers"/>
    <property name="ftp.nonProxyHosts" value="local|*.local|169.254/16|*.169.254/16"/>
    <property name="java.runtime.version" value="23.0.2"/>
    <property name="user.name" value="sanju"/>
    <property name="stdout.encoding" value="UTF-8"/>
    <property name="path.separator" value=":"/>
    <property name="os.version" value="15.4"/>
    <property name="java.runtime.name" value="OpenJDK Runtime Environment"/>
    <property name="file.encoding" value="UTF-8"/>
    <property name="java.vm.name" value="OpenJDK 64-Bit Server VM"/>
    <property name="java.vendor.version" value="Homebrew"/>
    <property name="localRepository" value="/Users/bug/.m2/repository"/>
    <property name="java.vendor.url.bug" value="https://github.com/Homebrew/homebrew-core/issues"/>
    <property name="java.io.tmpdir" value="/var/folders/hg/519swl3x28qb634h06ss96lr0000gn/T/"/>
    <property name="com.zaxxer.hikari.pool_number" value="1"/>
    <property name="java.version" value="23.0.2"/>
    <property name="user.dir" value="/Users/bug/Github/BonafideGenerator"/>
    <property name="os.arch" value="aarch64"/>
    <property name="java.vm.specification.name" value="Java Virtual Machine Specification"/>
    <property name="PID" value="26656"/>
    <property name="CONSOLE_LOG_CHARSET" value="UTF-8"/>
    <property name="native.encoding" value="UTF-8"/>
    <property name="java.library.path" value="/Users/bug/Library/Java/Extensions:/Library/Java/Extensions:/Network/Library/Java/Extensions:/System/Library/Java/Extensions:/usr/lib/java:."/>
    <property name="java.vm.info" value="mixed mode, sharing"/>
    <property name="stderr.encoding" value="UTF-8"/>
    <property name="java.vendor" value="Homebrew"/>
    <property name="java.vm.version" value="23.0.2"/>
    <property name="sun.io.unicode.encoding" value="UnicodeBig"/>
    <property name="socksNonProxyHosts" value="local|*.local|169.254/16|*.169.254/16"/>
    <property name="java.class.version" value="67.0"/>
    <property name="LOGGED_APPLICATION_NAME" value="[BonafideGenerator] "/>
  </properties>
  <testcase name="contextLoads" classname="com.newveela.bonafidegenerator.BonafideGeneratorApplicationTests" time="0.311">
    <system-out><![CDATA[11:31:55.699 [main] INFO org.springframework.test.context.support.AnnotationConfigContextLoaderUtils -- Could not detect default configuration classes for test class [com.newveela.bonafidegenerator.BonafideGeneratorApplicationTests]: BonafideGeneratorApplicationTests does not declare any static, non-private, non-final, nested classes annotated with @Configuration.
11:31:55.751 [main] INFO org.springframework.boot.test.context.SpringBootTestContextBootstrapper -- Found @SpringBootConfiguration com.newveela.bonafidegenerator.BonafideGeneratorApplication for test class com.newveela.bonafidegenerator.BonafideGeneratorApplicationTests

  .   ____          _            __ _ _
 /\\ / ___'_ __ _ _(_)_ __  __ _ \ \ \ \
( ( )\___ | '_ | '_| | '_ \/ _` | \ \ \ \
 \\/  ___)| |_)| | | | | || (_| |  ) ) ) )
  '  |____| .__|_| |_|_| |_\__, | / / / /
 =========|_|==============|___/=/_/_/_/

 :: Spring Boot ::                (v3.4.4)

2025-03-26T11:31:55.912-04:00  INFO 26656 --- [BonafideGenerator] [           main] c.n.b.BonafideGeneratorApplicationTests  : Starting BonafideGeneratorApplicationTests using Java 23.0.2 with PID 26656 (started by sanju in /Users/bug/Github/BonafideGenerator)
2025-03-26T11:31:55.913-04:00  INFO 26656 --- [BonafideGenerator] [           main] c.n.b.BonafideGeneratorApplicationTests  : No active profile set, falling back to 1 default profile: "default"
2025-03-26T11:31:55.927-04:00 DEBUG 26656 --- [BonafideGenerator] [           main] o.s.w.c.s.GenericWebApplicationContext   : Refreshing org.springframework.web.context.support.GenericWebApplicationContext@3be8821f
2025-03-26T11:31:56.267-04:00  INFO 26656 --- [BonafideGenerator] [           main] .s.d.r.c.RepositoryConfigurationDelegate : Bootstrapping Spring Data JPA repositories in DEFAULT mode.
2025-03-26T11:31:56.286-04:00  INFO 26656 --- [BonafideGenerator] [           main] .s.d.r.c.RepositoryConfigurationDelegate : Finished Spring Data repository scanning in 15 ms. Found 1 JPA repository interface.
2025-03-26T11:31:56.520-04:00 DEBUG 26656 --- [BonafideGenerator] [           main] o.hibernate.jpa.internal.util.LogHelper  : PersistenceUnitInfo [
	name: default
	persistence provider classname: null
	classloader: jdk.internal.loader.ClassLoaders$AppClassLoader@18ff02e4
	excludeUnlistedClasses: true
	JTA datasource: null
	Non JTA datasource: HikariDataSource (null)
	Transaction type: RESOURCE_LOCAL
	PU root URL: file:/Users/bug/Github/BonafideGenerator/target/test-classes/
	Shared Cache Mode: UNSPECIFIED
	Validation Mode: AUTO
	Jar files URLs []
	Managed classes names [
		com.newveela.bonafidegenerator.model.Student]
	Mapping files names []
	Properties []
2025-03-26T11:31:56.523-04:00 DEBUG 26656 --- [BonafideGenerator] [           main] o.h.i.internal.IntegratorServiceImpl     : Adding Integrator [org.hibernate.boot.beanvalidation.BeanValidationIntegrator].
2025-03-26T11:31:56.524-04:00 DEBUG 26656 --- [BonafideGenerator] [           main] o.h.i.internal.IntegratorServiceImpl     : Adding Integrator [org.hibernate.cache.internal.CollectionCacheInvalidator].
2025-03-26T11:31:56.549-04:00  INFO 26656 --- [BonafideGenerator] [           main] org.hibernate.Version                    : HHH000412: Hibernate ORM core version 6.6.11.Final
2025-03-26T11:31:56.549-04:00 DEBUG 26656 --- [BonafideGenerator] [           main] org.hibernate.cfg.Environment            : HHH000206: 'hibernate.properties' not found
2025-03-26T11:31:56.561-04:00 DEBUG 26656 --- [BonafideGenerator] [           main] org.hibernate.orm.idgen.factory          : Registering IdentifierGenerator strategy [uuid2] -> [org.hibernate.id.UUIDGenerator]
2025-03-26T11:31:56.561-04:00 DEBUG 26656 --- [BonafideGenerator] [           main] org.hibernate.orm.idgen.factory          : Registering IdentifierGenerator strategy [guid] -> [org.hibernate.id.GUIDGenerator]
2025-03-26T11:31:56.561-04:00 DEBUG 26656 --- [BonafideGenerator] [           main] org.hibernate.orm.idgen.factory          : Registering IdentifierGenerator strategy [uuid] -> [org.hibernate.id.UUIDHexGenerator]
2025-03-26T11:31:56.561-04:00 DEBUG 26656 --- [BonafideGenerator] [           main] org.hibernate.orm.idgen.factory          : Registering IdentifierGenerator strategy [uuid.hex] -> [org.hibernate.id.UUIDHexGenerator]
2025-03-26T11:31:56.561-04:00 DEBUG 26656 --- [BonafideGenerator] [           main] org.hibernate.orm.idgen.factory          : Registering IdentifierGenerator strategy [assigned] -> [org.hibernate.id.Assigned]
2025-03-26T11:31:56.562-04:00 DEBUG 26656 --- [BonafideGenerator] [           main] org.hibernate.orm.idgen.factory          : Registering IdentifierGenerator strategy [identity] -> [org.hibernate.id.IdentityGenerator]
2025-03-26T11:31:56.562-04:00 DEBUG 26656 --- [BonafideGenerator] [           main] org.hibernate.orm.idgen.factory          : Registering IdentifierGenerator strategy [select] -> [org.hibernate.id.SelectGenerator]
2025-03-26T11:31:56.562-04:00 DEBUG 26656 --- [BonafideGenerator] [           main] org.hibernate.orm.idgen.factory          : Registering IdentifierGenerator strategy [sequence] -> [org.hibernate.id.enhanced.SequenceStyleGenerator]
2025-03-26T11:31:56.563-04:00 DEBUG 26656 --- [BonafideGenerator] [           main] org.hibernate.orm.idgen.factory          : Registering IdentifierGenerator strategy [increment] -> [org.hibernate.id.IncrementGenerator]
2025-03-26T11:31:56.563-04:00 DEBUG 26656 --- [BonafideGenerator] [           main] org.hibernate.orm.idgen.factory          : Registering IdentifierGenerator strategy [foreign] -> [org.hibernate.id.ForeignGenerator]
2025-03-26T11:31:56.563-04:00 DEBUG 26656 --- [BonafideGenerator] [           main] org.hibernate.orm.idgen.factory          : Registering IdentifierGenerator strategy [enhanced-sequence] -> [org.hibernate.id.enhanced.SequenceStyleGenerator]
2025-03-26T11:31:56.563-04:00 DEBUG 26656 --- [BonafideGenerator] [           main] org.hibernate.orm.idgen.factory          : Registering IdentifierGenerator strategy [enhanced-table] -> [org.hibernate.id.enhanced.TableGenerator]
2025-03-26T11:31:56.566-04:00 DEBUG 26656 --- [BonafideGenerator] [           main] o.h.c.internal.RegionFactoryInitiator    : Cannot default RegionFactory based on registered strategies as `[]` RegionFactory strategies were registered
2025-03-26T11:31:56.566-04:00  INFO 26656 --- [BonafideGenerator] [           main] o.h.c.internal.RegionFactoryInitiator    : HHH000026: Second-level cache disabled
2025-03-26T11:31:56.611-04:00 DEBUG 26656 --- [BonafideGenerator] [           main] org.hibernate.type.BasicTypeRegistry     : Adding type registration boolean -> org.hibernate.type.BasicTypeReference@365cef67
2025-03-26T11:31:56.612-04:00 DEBUG 26656 --- [BonafideGenerator] [           main] org.hibernate.type.BasicTypeRegistry     : Adding type registration boolean -> org.hibernate.type.BasicTypeReference@365cef67
2025-03-26T11:31:56.612-04:00 DEBUG 26656 --- [BonafideGenerator] [           main] org.hibernate.type.BasicTypeRegistry     : Adding type registration java.lang.Boolean -> org.hibernate.type.BasicTypeReference@365cef67
2025-03-26T11:31:56.612-04:00 DEBUG 26656 --- [BonafideGenerator] [           main] org.hibernate.type.BasicTypeRegistry     : Adding type registration numeric_boolean -> org.hibernate.type.BasicTypeReference@27df5806
2025-03-26T11:31:56.612-04:00 DEBUG 26656 --- [BonafideGenerator] [           main] org.hibernate.type.BasicTypeRegistry     : Adding type registration org.hibernate.type.NumericBooleanConverter -> org.hibernate.type.BasicTypeReference@27df5806
2025-03-26T11:31:56.612-04:00 DEBUG 26656 --- [BonafideGenerator] [           main] org.hibernate.type.BasicTypeRegistry     : Adding type registration true_false -> org.hibernate.type.BasicTypeReference@69bc9584
2025-03-26T11:31:56.612-04:00 DEBUG 26656 --- [BonafideGenerator] [           main] org.hibernate.type.BasicTypeRegistry     : Adding type registration org.hibernate.type.TrueFalseConverter -> org.hibernate.type.BasicTypeReference@69bc9584
2025-03-26T11:31:56.612-04:00 DEBUG 26656 --- [BonafideGenerator] [           main] org.hibernate.type.BasicTypeRegistry     : Adding type registration yes_no -> org.hibernate.type.BasicTypeReference@3214bad
2025-03-26T11:31:56.612-04:00 DEBUG 26656 --- [BonafideGenerator] [           main] org.hibernate.type.BasicTypeRegistry     : Adding type registration org.hibernate.type.YesNoConverter -> org.hibernate.type.BasicTypeReference@3214bad
2025-03-26T11:31:56.612-04:00 DEBUG 26656 --- [BonafideGenerator] [           main] org.hibernate.type.BasicTypeRegistry     : Adding type registration byte -> org.hibernate.type.BasicTypeReference@52d7ab79
2025-03-26T11:31:56.612-04:00 DEBUG 26656 --- [BonafideGenerator] [           main] org.hibernate.type.BasicTypeRegistry     : Adding type registration byte -> org.hibernate.type.BasicTypeReference@52d7ab79
2025-03-26T11:31:56.612-04:00 DEBUG 26656 --- [BonafideGenerator] [           main] org.hibernate.type.BasicTypeRegistry     : Adding type registration java.lang.Byte -> org.hibernate.type.BasicTypeReference@52d7ab79
2025-03-26T11:31:56.612-04:00 DEBUG 26656 --- [BonafideGenerator] [           main] org.hibernate.type.BasicTypeRegistry     : Adding type registration binary -> org.hibernate.type.BasicTypeReference@f95d64d
2025-03-26T11:31:56.612-04:00 DEBUG 26656 --- [BonafideGenerator] [           main] org.hibernate.type.BasicTypeRegistry     : Adding type registration byte[] -> org.hibernate.type.BasicTypeReference@f95d64d
2025-03-26T11:31:56.612-04:00 DEBUG 26656 --- [BonafideGenerator] [           main] org.hibernate.type.BasicTypeRegistry     : Adding type registration [B -> org.hibernate.type.BasicTypeReference@f95d64d
2025-03-26T11:31:56.612-04:00 DEBUG 26656 --- [BonafideGenerator] [           main] org.hibernate.type.BasicTypeRegistry     : Adding type registration binary_wrapper -> org.hibernate.type.BasicTypeReference@288728e
2025-03-26T11:31:56.613-04:00 DEBUG 26656 --- [BonafideGenerator] [           main] org.hibernate.type.BasicTypeRegistry     : Adding type registration wrapper-binary -> org.hibernate.type.BasicTypeReference@288728e
2025-03-26T11:31:56.613-04:00 DEBUG 26656 --- [BonafideGenerator] [           main] org.hibernate.type.BasicTypeRegistry     : Adding type registration image -> org.hibernate.type.BasicTypeReference@b7d2d51
2025-03-26T11:31:56.613-04:00 DEBUG 26656 --- [BonafideGenerator] [           main] org.hibernate.type.BasicTypeRegistry     : Adding type registration blob -> org.hibernate.type.BasicTypeReference@641ed324
2025-03-26T11:31:56.613-04:00 DEBUG 26656 --- [BonafideGenerator] [           main] org.hibernate.type.BasicTypeRegistry     : Adding type registration java.sql.Blob -> org.hibernate.type.BasicTypeReference@641ed324
2025-03-26T11:31:56.613-04:00 DEBUG 26656 --- [BonafideGenerator] [           main] org.hibernate.type.BasicTypeRegistry     : Adding type registration materialized_blob -> org.hibernate.type.BasicTypeReference@45984654
2025-03-26T11:31:56.613-04:00 DEBUG 26656 --- [BonafideGenerator] [           main] org.hibernate.type.BasicTypeRegistry     : Adding type registration materialized_blob_wrapper -> org.hibernate.type.BasicTypeReference@4c5406b
2025-03-26T11:31:56.613-04:00 DEBUG 26656 --- [BonafideGenerator] [           main] org.hibernate.type.BasicTypeRegistry     : Adding type registration short -> org.hibernate.type.BasicTypeReference@66b0e207
2025-03-26T11:31:56.613-04:00 DEBUG 26656 --- [BonafideGenerator] [           main] org.hibernate.type.BasicTypeRegistry     : Adding type registration short -> org.hibernate.type.BasicTypeReference@66b0e207
2025-03-26T11:31:56.613-04:00 DEBUG 26656 --- [BonafideGenerator] [           main] org.hibernate.type.BasicTypeRegistry     : Adding type registration java.lang.Short -> org.hibernate.type.BasicTypeReference@66b0e207
2025-03-26T11:31:56.613-04:00 DEBUG 26656 --- [BonafideGenerator] [           main] org.hibernate.type.BasicTypeRegistry     : Adding type registration integer -> org.hibernate.type.BasicTypeReference@74a58a06
2025-03-26T11:31:56.613-04:00 DEBUG 26656 --- [BonafideGenerator] [           main] org.hibernate.type.BasicTypeRegistry     : Adding type registration int -> org.hibernate.type.BasicTypeReference@74a58a06
2025-03-26T11:31:56.613-04:00 DEBUG 26656 --- [BonafideGenerator] [           main] org.hibernate.type.BasicTypeRegistry     : Adding type registration java.lang.Integer -> org.hibernate.type.BasicTypeReference@74a58a06
2025-03-26T11:31:56.613-04:00 DEBUG 26656 --- [BonafideGenerator] [           main] org.hibernate.type.BasicTypeRegistry     : Adding type registration long -> org.hibernate.type.BasicTypeReference@7308c820
2025-03-26T11:31:56.613-04:00 DEBUG 26656 --- [BonafideGenerator] [           main] org.hibernate.type.BasicTypeRegistry     : Adding type registration long -> org.hibernate.type.BasicTypeReference@7308c820
2025-03-26T11:31:56.613-04:00 DEBUG 26656 --- [BonafideGenerator] [           main] org.hibernate.type.BasicTypeRegistry     : Adding type registration java.lang.Long -> org.hibernate.type.BasicTypeReference@7308c820
2025-03-26T11:31:56.613-04:00 DEBUG 26656 --- [BonafideGenerator] [           main] org.hibernate.type.BasicTypeRegistry     : Adding type registration float -> org.hibernate.type.BasicTypeReference@5d601832
2025-03-26T11:31:56.613-04:00 DEBUG 26656 --- [BonafideGenerator] [           main] org.hibernate.type.BasicTypeRegistry     : Adding type registration float -> org.hibernate.type.BasicTypeReference@5d601832
2025-03-26T11:31:56.614-04:00 DEBUG 26656 --- [BonafideGenerator] [           main] org.hibernate.type.BasicTypeRegistry     : Adding type registration java.lang.Float -> org.hibernate.type.BasicTypeReference@5d601832
2025-03-26T11:31:56.614-04:00 DEBUG 26656 --- [BonafideGenerator] [           main] org.hibernate.type.BasicTypeRegistry     : Adding type registration double -> org.hibernate.type.BasicTypeReference@3ca17943
2025-03-26T11:31:56.614-04:00 DEBUG 26656 --- [BonafideGenerator] [           main] org.hibernate.type.BasicTypeRegistry     : Adding type registration double -> org.hibernate.type.BasicTypeReference@3ca17943
2025-03-26T11:31:56.614-04:00 DEBUG 26656 --- [BonafideGenerator] [           main] org.hibernate.type.BasicTypeRegistry     : Adding type registration java.lang.Double -> org.hibernate.type.BasicTypeReference@3ca17943
2025-03-26T11:31:56.614-04:00 DEBUG 26656 --- [BonafideGenerator] [           main] org.hibernate.type.BasicTypeRegistry     : Adding type registration big_integer -> org.hibernate.type.BasicTypeReference@640c216b
2025-03-26T11:31:56.614-04:00 DEBUG 26656 --- [BonafideGenerator] [           main] org.hibernate.type.BasicTypeRegistry     : Adding type registration java.math.BigInteger -> org.hibernate.type.BasicTypeReference@640c216b
2025-03-26T11:31:56.614-04:00 DEBUG 26656 --- [BonafideGenerator] [           main] org.hibernate.type.BasicTypeRegistry     : Adding type registration big_decimal -> org.hibernate.type.BasicTypeReference@5170bc02
2025-03-26T11:31:56.614-04:00 DEBUG 26656 --- [BonafideGenerator] [           main] org.hibernate.type.BasicTypeRegistry     : Adding type registration java.math.BigDecimal -> org.hibernate.type.BasicTypeReference@5170bc02
2025-03-26T11:31:56.614-04:00 DEBUG 26656 --- [BonafideGenerator] [           main] org.hibernate.type.BasicTypeRegistry     : Adding type registration character -> org.hibernate.type.BasicTypeReference@c0c8f96
2025-03-26T11:31:56.614-04:00 DEBUG 26656 --- [BonafideGenerator] [           main] org.hibernate.type.BasicTypeRegistry     : Adding type registration char -> org.hibernate.type.BasicTypeReference@c0c8f96
2025-03-26T11:31:56.614-04:00 DEBUG 26656 --- [BonafideGenerator] [           main] org.hibernate.type.BasicTypeRegistry     : Adding type registration java.lang.Character -> org.hibernate.type.BasicTypeReference@c0c8f96
2025-03-26T11:31:56.614-04:00 DEBUG 26656 --- [BonafideGenerator] [           main] org.hibernate.type.BasicTypeRegistry     : Adding type registration character_nchar -> org.hibernate.type.BasicTypeReference@3bd08435
2025-03-26T11:31:56.614-04:00 DEBUG 26656 --- [BonafideGenerator] [           main] org.hibernate.type.BasicTypeRegistry     : Adding type registration string -> org.hibernate.type.BasicTypeReference@3e52ed5d
2025-03-26T11:31:56.614-04:00 DEBUG 26656 --- [BonafideGenerator] [           main] org.hibernate.type.BasicTypeRegistry     : Adding type registration java.lang.String -> org.hibernate.type.BasicTypeReference@3e52ed5d
2025-03-26T11:31:56.614-04:00 DEBUG 26656 --- [BonafideGenerator] [           main] org.hibernate.type.BasicTypeRegistry     : Adding type registration nstring -> org.hibernate.type.BasicTypeReference@6a96d639
2025-03-26T11:31:56.615-04:00 DEBUG 26656 --- [BonafideGenerator] [           main] org.hibernate.type.BasicTypeRegistry     : Adding type registration characters -> org.hibernate.type.BasicTypeReference@28e94c2
2025-03-26T11:31:56.615-04:00 DEBUG 26656 --- [BonafideGenerator] [           main] org.hibernate.type.BasicTypeRegistry     : Adding type registration char[] -> org.hibernate.type.BasicTypeReference@28e94c2
2025-03-26T11:31:56.615-04:00 DEBUG 26656 --- [BonafideGenerator] [           main] org.hibernate.type.BasicTypeRegistry     : Adding type registration [C -> org.hibernate.type.BasicTypeReference@28e94c2
2025-03-26T11:31:56.615-04:00 DEBUG 26656 --- [BonafideGenerator] [           main] org.hibernate.type.BasicTypeRegistry     : Adding type registration wrapper-characters -> org.hibernate.type.BasicTypeReference@3d40498a
2025-03-26T11:31:56.615-04:00 DEBUG 26656 --- [BonafideGenerator] [           main] org.hibernate.type.BasicTypeRegistry     : Adding type registration text -> org.hibernate.type.BasicTypeReference@14d1737a
2025-03-26T11:31:56.615-04:00 DEBUG 26656 --- [BonafideGenerator] [           main] org.hibernate.type.BasicTypeRegistry     : Adding type registration ntext -> org.hibernate.type.BasicTypeReference@482a58c7
2025-03-26T11:31:56.615-04:00 DEBUG 26656 --- [BonafideGenerator] [           main] org.hibernate.type.BasicTypeRegistry     : Adding type registration clob -> org.hibernate.type.BasicTypeReference@3e74fd84
2025-03-26T11:31:56.615-04:00 DEBUG 26656 --- [BonafideGenerator] [           main] org.hibernate.type.BasicTypeRegistry     : Adding type registration java.sql.Clob -> org.hibernate.type.BasicTypeReference@3e74fd84
2025-03-26T11:31:56.615-04:00 DEBUG 26656 --- [BonafideGenerator] [           main] org.hibernate.type.BasicTypeRegistry     : Adding type registration nclob -> org.hibernate.type.BasicTypeReference@147efd9
2025-03-26T11:31:56.615-04:00 DEBUG 26656 --- [BonafideGenerator] [           main] org.hibernate.type.BasicTypeRegistry     : Adding type registration java.sql.NClob -> org.hibernate.type.BasicTypeReference@147efd9
2025-03-26T11:31:56.615-04:00 DEBUG 26656 --- [BonafideGenerator] [           main] org.hibernate.type.BasicTypeRegistry     : Adding type registration materialized_clob -> org.hibernate.type.BasicTypeReference@1e120628
2025-03-26T11:31:56.615-04:00 DEBUG 26656 --- [BonafideGenerator] [           main] org.hibernate.type.BasicTypeRegistry     : Adding type registration materialized_clob_char_array -> org.hibernate.type.BasicTypeReference@4e4894d
2025-03-26T11:31:56.615-04:00 DEBUG 26656 --- [BonafideGenerator] [           main] org.hibernate.type.BasicTypeRegistry     : Adding type registration materialized_clob_character_array -> org.hibernate.type.BasicTypeReference@1de5cc88
2025-03-26T11:31:56.615-04:00 DEBUG 26656 --- [BonafideGenerator] [           main] org.hibernate.type.BasicTypeRegistry     : Adding type registration materialized_nclob -> org.hibernate.type.BasicTypeReference@23e2c1ca
2025-03-26T11:31:56.615-04:00 DEBUG 26656 --- [BonafideGenerator] [           main] org.hibernate.type.BasicTypeRegistry     : Adding type registration materialized_nclob_character_array -> org.hibernate.type.BasicTypeReference@2d4fb0d8
2025-03-26T11:31:56.615-04:00 DEBUG 26656 --- [BonafideGenerator] [           main] org.hibernate.type.BasicTypeRegistry     : Adding type registration materialized_nclob_char_array -> org.hibernate.type.BasicTypeReference@dc1fadd
2025-03-26T11:31:56.615-04:00 DEBUG 26656 --- [BonafideGenerator] [           main] org.hibernate.type.BasicTypeRegistry     : Adding type registration Duration -> org.hibernate.type.BasicTypeReference@3ef3f661
2025-03-26T11:31:56.615-04:00 DEBUG 26656 --- [BonafideGenerator] [           main] org.hibernate.type.BasicTypeRegistry     : Adding type registration java.time.Duration -> org.hibernate.type.BasicTypeReference@3ef3f661
2025-03-26T11:31:56.615-04:00 DEBUG 26656 --- [BonafideGenerator] [           main] org.hibernate.type.BasicTypeRegistry     : Adding type registration LocalDateTime -> org.hibernate.type.BasicTypeReference@baa9ce4
2025-03-26T11:31:56.616-04:00 DEBUG 26656 --- [BonafideGenerator] [           main] org.hibernate.type.BasicTypeRegistry     : Adding type registration java.time.LocalDateTime -> org.hibernate.type.BasicTypeReference@baa9ce4
2025-03-26T11:31:56.616-04:00 DEBUG 26656 --- [BonafideGenerator] [           main] org.hibernate.type.BasicTypeRegistry     : Adding type registration LocalDate -> org.hibernate.type.BasicTypeReference@5b332439
2025-03-26T11:31:56.616-04:00 DEBUG 26656 --- [BonafideGenerator] [           main] org.hibernate.type.BasicTypeRegistry     : Adding type registration java.time.LocalDate -> org.hibernate.type.BasicTypeReference@5b332439
2025-03-26T11:31:56.616-04:00 DEBUG 26656 --- [BonafideGenerator] [           main] org.hibernate.type.BasicTypeRegistry     : Adding type registration LocalTime -> org.hibernate.type.BasicTypeReference@59262a90
2025-03-26T11:31:56.616-04:00 DEBUG 26656 --- [BonafideGenerator] [           main] org.hibernate.type.BasicTypeRegistry     : Adding type registration java.time.LocalTime -> org.hibernate.type.BasicTypeReference@59262a90
2025-03-26T11:31:56.616-04:00 DEBUG 26656 --- [BonafideGenerator] [           main] org.hibernate.type.BasicTypeRegistry     : Adding type registration OffsetDateTime -> org.hibernate.type.BasicTypeReference@78479f2b
2025-03-26T11:31:56.616-04:00 DEBUG 26656 --- [BonafideGenerator] [           main] org.hibernate.type.BasicTypeRegistry     : Adding type registration java.time.OffsetDateTime -> org.hibernate.type.BasicTypeReference@78479f2b
2025-03-26T11:31:56.616-04:00 DEBUG 26656 --- [BonafideGenerator] [           main] org.hibernate.type.BasicTypeRegistry     : Adding type registration OffsetDateTimeWithTimezone -> org.hibernate.type.BasicTypeReference@2755617b
2025-03-26T11:31:56.616-04:00 DEBUG 26656 --- [BonafideGenerator] [           main] org.hibernate.type.BasicTypeRegistry     : Adding type registration OffsetDateTimeWithoutTimezone -> org.hibernate.type.BasicTypeReference@65859b44
2025-03-26T11:31:56.616-04:00 DEBUG 26656 --- [BonafideGenerator] [           main] org.hibernate.type.BasicTypeRegistry     : Adding type registration OffsetTime -> org.hibernate.type.BasicTypeReference@d9f5fce
2025-03-26T11:31:56.616-04:00 DEBUG 26656 --- [BonafideGenerator] [           main] org.hibernate.type.BasicTypeRegistry     : Adding type registration java.time.OffsetTime -> org.hibernate.type.BasicTypeReference@d9f5fce
2025-03-26T11:31:56.616-04:00 DEBUG 26656 --- [BonafideGenerator] [           main] org.hibernate.type.BasicTypeRegistry     : Adding type registration OffsetTimeUtc -> org.hibernate.type.BasicTypeReference@49653791
2025-03-26T11:31:56.616-04:00 DEBUG 26656 --- [BonafideGenerator] [           main] org.hibernate.type.BasicTypeRegistry     : Adding type registration OffsetTimeWithTimezone -> org.hibernate.type.BasicTypeReference@45b7c97f
2025-03-26T11:31:56.616-04:00 DEBUG 26656 --- [BonafideGenerator] [           main] org.hibernate.type.BasicTypeRegistry     : Adding type registration OffsetTimeWithoutTimezone -> org.hibernate.type.BasicTypeReference@c212536
2025-03-26T11:31:56.616-04:00 DEBUG 26656 --- [BonafideGenerator] [           main] org.hibernate.type.BasicTypeRegistry     : Adding type registration ZonedDateTime -> org.hibernate.type.BasicTypeReference@7b377a53
2025-03-26T11:31:56.616-04:00 DEBUG 26656 --- [BonafideGenerator] [           main] org.hibernate.type.BasicTypeRegistry     : Adding type registration java.time.ZonedDateTime -> org.hibernate.type.BasicTypeReference@7b377a53
2025-03-26T11:31:56.616-04:00 DEBUG 26656 --- [BonafideGenerator] [           main] org.hibernate.type.BasicTypeRegistry     : Adding type registration ZonedDateTimeWithTimezone -> org.hibernate.type.BasicTypeReference@1b0e031b
2025-03-26T11:31:56.616-04:00 DEBUG 26656 --- [BonafideGenerator] [           main] org.hibernate.type.BasicTypeRegistry     : Adding type registration ZonedDateTimeWithoutTimezone -> org.hibernate.type.BasicTypeReference@6009cd34
2025-03-26T11:31:56.616-04:00 DEBUG 26656 --- [BonafideGenerator] [           main] org.hibernate.type.BasicTypeRegistry     : Adding type registration date -> org.hibernate.type.BasicTypeReference@65844c96
2025-03-26T11:31:56.616-04:00 DEBUG 26656 --- [BonafideGenerator] [           main] org.hibernate.type.BasicTypeRegistry     : Adding type registration java.sql.Date -> org.hibernate.type.BasicTypeReference@65844c96
2025-03-26T11:31:56.616-04:00 DEBUG 26656 --- [BonafideGenerator] [           main] org.hibernate.type.BasicTypeRegistry     : Adding type registration time -> org.hibernate.type.BasicTypeReference@25214797
2025-03-26T11:31:56.616-04:00 DEBUG 26656 --- [BonafideGenerator] [           main] org.hibernate.type.BasicTypeRegistry     : Adding type registration java.sql.Time -> org.hibernate.type.BasicTypeReference@25214797
2025-03-26T11:31:56.616-04:00 DEBUG 26656 --- [BonafideGenerator] [           main] org.hibernate.type.BasicTypeRegistry     : Adding type registration timestamp -> org.hibernate.type.BasicTypeReference@4e5c8ef3
2025-03-26T11:31:56.616-04:00 DEBUG 26656 --- [BonafideGenerator] [           main] org.hibernate.type.BasicTypeRegistry     : Adding type registration java.sql.Timestamp -> org.hibernate.type.BasicTypeReference@4e5c8ef3
2025-03-26T11:31:56.617-04:00 DEBUG 26656 --- [BonafideGenerator] [           main] org.hibernate.type.BasicTypeRegistry     : Adding type registration java.util.Date -> org.hibernate.type.BasicTypeReference@4e5c8ef3
2025-03-26T11:31:56.617-04:00 DEBUG 26656 --- [BonafideGenerator] [           main] org.hibernate.type.BasicTypeRegistry     : Adding type registration calendar -> org.hibernate.type.BasicTypeReference@60928a61
2025-03-26T11:31:56.617-04:00 DEBUG 26656 --- [BonafideGenerator] [           main] org.hibernate.type.BasicTypeRegistry     : Adding type registration java.util.Calendar -> org.hibernate.type.BasicTypeReference@60928a61
2025-03-26T11:31:56.617-04:00 DEBUG 26656 --- [BonafideGenerator] [           main] org.hibernate.type.BasicTypeRegistry     : Adding type registration java.util.GregorianCalendar -> org.hibernate.type.BasicTypeReference@60928a61
2025-03-26T11:31:56.617-04:00 DEBUG 26656 --- [BonafideGenerator] [           main] org.hibernate.type.BasicTypeRegistry     : Adding type registration calendar_date -> org.hibernate.type.BasicTypeReference@27358a19
2025-03-26T11:31:56.617-04:00 DEBUG 26656 --- [BonafideGenerator] [           main] org.hibernate.type.BasicTypeRegistry     : Adding type registration calendar_time -> org.hibernate.type.BasicTypeReference@8077c97
2025-03-26T11:31:56.617-04:00 DEBUG 26656 --- [BonafideGenerator] [           main] org.hibernate.type.BasicTypeRegistry     : Adding type registration instant -> org.hibernate.type.BasicTypeReference@22865072
2025-03-26T11:31:56.617-04:00 DEBUG 26656 --- [BonafideGenerator] [           main] org.hibernate.type.BasicTypeRegistry     : Adding type registration java.time.Instant -> org.hibernate.type.BasicTypeReference@22865072
2025-03-26T11:31:56.617-04:00 DEBUG 26656 --- [BonafideGenerator] [           main] org.hibernate.type.BasicTypeRegistry     : Adding type registration uuid -> org.hibernate.type.BasicTypeReference@563317c1
2025-03-26T11:31:56.617-04:00 DEBUG 26656 --- [BonafideGenerator] [           main] org.hibernate.type.BasicTypeRegistry     : Adding type registration java.util.UUID -> org.hibernate.type.BasicTypeReference@563317c1
2025-03-26T11:31:56.617-04:00 DEBUG 26656 --- [BonafideGenerator] [           main] org.hibernate.type.BasicTypeRegistry     : Adding type registration pg-uuid -> org.hibernate.type.BasicTypeReference@563317c1
2025-03-26T11:31:56.617-04:00 DEBUG 26656 --- [BonafideGenerator] [           main] org.hibernate.type.BasicTypeRegistry     : Adding type registration uuid-binary -> org.hibernate.type.BasicTypeReference@5d5d3a5c
2025-03-26T11:31:56.617-04:00 DEBUG 26656 --- [BonafideGenerator] [           main] org.hibernate.type.BasicTypeRegistry     : Adding type registration uuid-char -> org.hibernate.type.BasicTypeReference@6e0d16a4
2025-03-26T11:31:56.617-04:00 DEBUG 26656 --- [BonafideGenerator] [           main] org.hibernate.type.BasicTypeRegistry     : Adding type registration class -> org.hibernate.type.BasicTypeReference@7e18ced7
2025-03-26T11:31:56.617-04:00 DEBUG 26656 --- [BonafideGenerator] [           main] org.hibernate.type.BasicTypeRegistry     : Adding type registration java.lang.Class -> org.hibernate.type.BasicTypeReference@7e18ced7
2025-03-26T11:31:56.617-04:00 DEBUG 26656 --- [BonafideGenerator] [           main] org.hibernate.type.BasicTypeRegistry     : Adding type registration currency -> org.hibernate.type.BasicTypeReference@305b43ca
2025-03-26T11:31:56.617-04:00 DEBUG 26656 --- [BonafideGenerator] [           main] org.hibernate.type.BasicTypeRegistry     : Adding type registration Currency -> org.hibernate.type.BasicTypeReference@305b43ca
2025-03-26T11:31:56.617-04:00 DEBUG 26656 --- [BonafideGenerator] [           main] org.hibernate.type.BasicTypeRegistry     : Adding type registration java.util.Currency -> org.hibernate.type.BasicTypeReference@305b43ca
2025-03-26T11:31:56.617-04:00 DEBUG 26656 --- [BonafideGenerator] [           main] org.hibernate.type.BasicTypeRegistry     : Adding type registration locale -> org.hibernate.type.BasicTypeReference@25e8e59
2025-03-26T11:31:56.618-04:00 DEBUG 26656 --- [BonafideGenerator] [           main] org.hibernate.type.BasicTypeRegistry     : Adding type registration java.util.Locale -> org.hibernate.type.BasicTypeReference@25e8e59
2025-03-26T11:31:56.618-04:00 DEBUG 26656 --- [BonafideGenerator] [           main] org.hibernate.type.BasicTypeRegistry     : Adding type registration serializable -> org.hibernate.type.BasicTypeReference@3a0896b3
2025-03-26T11:31:56.618-04:00 DEBUG 26656 --- [BonafideGenerator] [           main] org.hibernate.type.BasicTypeRegistry     : Adding type registration java.io.Serializable -> org.hibernate.type.BasicTypeReference@3a0896b3
2025-03-26T11:31:56.618-04:00 DEBUG 26656 --- [BonafideGenerator] [           main] org.hibernate.type.BasicTypeRegistry     : Adding type registration timezone -> org.hibernate.type.BasicTypeReference@50a7c72b
2025-03-26T11:31:56.618-04:00 DEBUG 26656 --- [BonafideGenerator] [           main] org.hibernate.type.BasicTypeRegistry     : Adding type registration java.util.TimeZone -> org.hibernate.type.BasicTypeReference@50a7c72b
2025-03-26T11:31:56.618-04:00 DEBUG 26656 --- [BonafideGenerator] [           main] org.hibernate.type.BasicTypeRegistry     : Adding type registration ZoneOffset -> org.hibernate.type.BasicTypeReference@54c11750
2025-03-26T11:31:56.618-04:00 DEBUG 26656 --- [BonafideGenerator] [           main] org.hibernate.type.BasicTypeRegistry     : Adding type registration java.time.ZoneOffset -> org.hibernate.type.BasicTypeReference@54c11750
2025-03-26T11:31:56.618-04:00 DEBUG 26656 --- [BonafideGenerator] [           main] org.hibernate.type.BasicTypeRegistry     : Adding type registration url -> org.hibernate.type.BasicTypeReference@221b77d7
2025-03-26T11:31:56.618-04:00 DEBUG 26656 --- [BonafideGenerator] [           main] org.hibernate.type.BasicTypeRegistry     : Adding type registration java.net.URL -> org.hibernate.type.BasicTypeReference@221b77d7
2025-03-26T11:31:56.618-04:00 DEBUG 26656 --- [BonafideGenerator] [           main] org.hibernate.type.BasicTypeRegistry     : Adding type registration vector -> org.hibernate.type.BasicTypeReference@5cd8d029
2025-03-26T11:31:56.618-04:00 DEBUG 26656 --- [BonafideGenerator] [           main] org.hibernate.type.BasicTypeRegistry     : Adding type registration float_vector -> org.hibernate.type.BasicTypeReference@32a8ca06
2025-03-26T11:31:56.618-04:00 DEBUG 26656 --- [BonafideGenerator] [           main] org.hibernate.type.BasicTypeRegistry     : Adding type registration double_vector -> org.hibernate.type.BasicTypeReference@6e8f2094
2025-03-26T11:31:56.618-04:00 DEBUG 26656 --- [BonafideGenerator] [           main] org.hibernate.type.BasicTypeRegistry     : Adding type registration byte_vector -> org.hibernate.type.BasicTypeReference@1753475d
2025-03-26T11:31:56.618-04:00 DEBUG 26656 --- [BonafideGenerator] [           main] org.hibernate.type.BasicTypeRegistry     : Adding type registration row_version -> org.hibernate.type.BasicTypeReference@d108406
2025-03-26T11:31:56.620-04:00 DEBUG 26656 --- [BonafideGenerator] [           main] org.hibernate.type.BasicTypeRegistry     : Adding type registration object -> org.hibernate.type.JavaObjectType@51eb0e84
2025-03-26T11:31:56.620-04:00 DEBUG 26656 --- [BonafideGenerator] [           main] org.hibernate.type.BasicTypeRegistry     : Adding type registration java.lang.Object -> org.hibernate.type.JavaObjectType@51eb0e84
2025-03-26T11:31:56.620-04:00 DEBUG 26656 --- [BonafideGenerator] [           main] org.hibernate.type.BasicTypeRegistry     : Adding type registration null -> org.hibernate.type.NullType@13d289c7
2025-03-26T11:31:56.620-04:00 DEBUG 26656 --- [BonafideGenerator] [           main] org.hibernate.type.BasicTypeRegistry     : Adding type registration imm_date -> org.hibernate.type.BasicTypeReference@6704df84
2025-03-26T11:31:56.620-04:00 DEBUG 26656 --- [BonafideGenerator] [           main] org.hibernate.type.BasicTypeRegistry     : Adding type registration imm_time -> org.hibernate.type.BasicTypeReference@1412682c
2025-03-26T11:31:56.620-04:00 DEBUG 26656 --- [BonafideGenerator] [           main] org.hibernate.type.BasicTypeRegistry     : Adding type registration imm_timestamp -> org.hibernate.type.BasicTypeReference@53bb71e5
2025-03-26T11:31:56.620-04:00 DEBUG 26656 --- [BonafideGenerator] [           main] org.hibernate.type.BasicTypeRegistry     : Adding type registration imm_calendar -> org.hibernate.type.BasicTypeReference@54a056e4
2025-03-26T11:31:56.620-04:00 DEBUG 26656 --- [BonafideGenerator] [           main] org.hibernate.type.BasicTypeRegistry     : Adding type registration imm_calendar_date -> org.hibernate.type.BasicTypeReference@15994b0b
2025-03-26T11:31:56.621-04:00 DEBUG 26656 --- [BonafideGenerator] [           main] org.hibernate.type.BasicTypeRegistry     : Adding type registration imm_calendar_time -> org.hibernate.type.BasicTypeReference@12cd129c
2025-03-26T11:31:56.621-04:00 DEBUG 26656 --- [BonafideGenerator] [           main] org.hibernate.type.BasicTypeRegistry     : Adding type registration imm_binary -> org.hibernate.type.BasicTypeReference@1a717d79
2025-03-26T11:31:56.621-04:00 DEBUG 26656 --- [BonafideGenerator] [           main] org.hibernate.type.BasicTypeRegistry     : Adding type registration imm_serializable -> org.hibernate.type.BasicTypeReference@4cb00fa5
2025-03-26T11:31:56.622-04:00 DEBUG 26656 --- [BonafideGenerator] [           main] o.h.boot.internal.BootstrapContextImpl   : Injecting JPA temp ClassLoader [org.springframework.instrument.classloading.SimpleThrowawayClassLoader@67e77f52] into BootstrapContext; was [null]
2025-03-26T11:31:56.622-04:00 DEBUG 26656 --- [BonafideGenerator] [           main] o.h.boot.internal.ClassLoaderAccessImpl  : ClassLoaderAccessImpl#injectTempClassLoader(org.springframework.instrument.classloading.SimpleThrowawayClassLoader@67e77f52) [was null]
2025-03-26T11:31:56.623-04:00 DEBUG 26656 --- [BonafideGenerator] [           main] o.h.boot.internal.BootstrapContextImpl   : Injecting ScanEnvironment [org.hibernate.jpa.boot.internal.StandardJpaScanEnvironmentImpl@5b14f482] into BootstrapContext; was [null]
2025-03-26T11:31:56.623-04:00 DEBUG 26656 --- [BonafideGenerator] [           main] o.h.boot.internal.BootstrapContextImpl   : Injecting ScanOptions [org.hibernate.boot.archive.scan.internal.StandardScanOptions@19705650] into BootstrapContext; was [org.hibernate.boot.archive.scan.internal.StandardScanOptions@1a785fd5]
2025-03-26T11:31:56.629-04:00 DEBUG 26656 --- [BonafideGenerator] [           main] o.h.j.b.i.PersistenceUnitInfoDescriptor  : Pushing class transformers for PU named 'default' on loading classloader jdk.internal.loader.ClassLoaders$AppClassLoader@18ff02e4
2025-03-26T11:31:56.738-04:00  INFO 26656 --- [BonafideGenerator] [           main] o.s.o.j.p.SpringPersistenceUnitInfo      : No LoadTimeWeaver setup: ignoring JPA class transformer
2025-03-26T11:31:56.738-04:00 DEBUG 26656 --- [BonafideGenerator] [           main] o.h.boot.internal.BootstrapContextImpl   : Injecting JPA temp ClassLoader [null] into BootstrapContext; was [org.springframework.instrument.classloading.SimpleThrowawayClassLoader@67e77f52]
2025-03-26T11:31:56.738-04:00 DEBUG 26656 --- [BonafideGenerator] [           main] o.h.boot.internal.ClassLoaderAccessImpl  : ClassLoaderAccessImpl#injectTempClassLoader(null) [was org.springframework.instrument.classloading.SimpleThrowawayClassLoader@67e77f52]
2025-03-26T11:31:56.750-04:00  INFO 26656 --- [BonafideGenerator] [           main] com.zaxxer.hikari.HikariDataSource       : HikariPool-1 - Starting...
2025-03-26T11:31:56.823-04:00  INFO 26656 --- [BonafideGenerator] [           main] com.zaxxer.hikari.pool.HikariPool        : HikariPool-1 - Added connection conn0: url=jdbc:h2:mem:student user=NB
2025-03-26T11:31:56.823-04:00  INFO 26656 --- [BonafideGenerator] [           main] com.zaxxer.hikari.HikariDataSource       : HikariPool-1 - Start completed.
2025-03-26T11:31:56.826-04:00 DEBUG 26656 --- [BonafideGenerator] [           main] o.h.e.j.e.i.JdbcEnvironmentInitiator     : Database ->
	   name : H2
	version : 2.3.232 (2024-08-11)
	  major : 2
	  minor : 3
2025-03-26T11:31:56.827-04:00 DEBUG 26656 --- [BonafideGenerator] [           main] o.h.e.j.e.i.JdbcEnvironmentInitiator     : Driver ->
	   name : H2 JDBC Driver
	version : 2.3.232 (2024-08-11)
	  major : 2
	  minor : 3
2025-03-26T11:31:56.827-04:00 DEBUG 26656 --- [BonafideGenerator] [           main] o.h.e.j.e.i.JdbcEnvironmentInitiator     : JDBC version : 4.3
2025-03-26T11:31:56.835-04:00  WARN 26656 --- [BonafideGenerator] [           main] org.hibernate.orm.deprecation            : HHH90000025: H2Dialect does not need to be specified explicitly using 'hibernate.dialect' (remove the property setting and it will be selected by default)
2025-03-26T11:31:56.836-04:00 DEBUG 26656 --- [BonafideGenerator] [           main] org.hibernate.orm.dialect                : HHH035001: Using dialect: org.hibernate.dialect.H2Dialect, version: 2.3.232
2025-03-26T11:31:56.837-04:00 DEBUG 26656 --- [BonafideGenerator] [           main] o.h.e.j.env.spi.IdentifierHelperBuilder  : JDBC driver metadata reported database stores quoted identifiers in neither upper, lower nor mixed case
2025-03-26T11:31:56.844-04:00  INFO 26656 --- [BonafideGenerator] [           main] org.hibernate.orm.connections.pooling    : HHH10001005: Database info:
	Database JDBC URL [Connecting through datasource 'HikariDataSource (HikariPool-1)']
	Database driver: undefined/unknown
	Database version: 2.3.232
	Autocommit mode: undefined/unknown
	Isolation level: undefined/unknown
	Minimum pool size: undefined/unknown
	Maximum pool size: undefined/unknown
2025-03-26T11:31:56.847-04:00 DEBUG 26656 --- [BonafideGenerator] [           main] o.h.t.d.jdbc.spi.JdbcTypeRegistry        : addDescriptor(NCharTypeDescriptor) replaced previous registration(CharTypeDescriptor)
2025-03-26T11:31:56.847-04:00 DEBUG 26656 --- [BonafideGenerator] [           main] o.h.t.d.jdbc.spi.JdbcTypeRegistry        : addDescriptor(NVarcharTypeDescriptor) replaced previous registration(VarcharTypeDescriptor)
2025-03-26T11:31:56.848-04:00 DEBUG 26656 --- [BonafideGenerator] [           main] o.h.t.d.jdbc.spi.JdbcTypeRegistry        : addDescriptor(LongNVarcharTypeDescriptor) replaced previous registration(LongVarcharTypeDescriptor)
2025-03-26T11:31:56.848-04:00 DEBUG 26656 --- [BonafideGenerator] [           main] o.h.t.d.jdbc.spi.JdbcTypeRegistry        : addDescriptor(NClobTypeDescriptor(DEFAULT)) replaced previous registration(ClobTypeDescriptor(DEFAULT))
2025-03-26T11:31:56.849-04:00 DEBUG 26656 --- [BonafideGenerator] [           main] o.h.t.d.jdbc.spi.JdbcTypeRegistry        : addDescriptor(TimestampUtcDescriptor) replaced previous registration(TimestampUtcDescriptor)
2025-03-26T11:31:56.851-04:00 DEBUG 26656 --- [BonafideGenerator] [           main] org.hibernate.type.BasicTypeRegistry     : Adding type registration org.hibernate.type.DurationType -> basicType@1(java.time.Duration,3015)
2025-03-26T11:31:56.851-04:00 DEBUG 26656 --- [BonafideGenerator] [           main] org.hibernate.type.BasicTypeRegistry     : Adding type registration Duration -> basicType@1(java.time.Duration,3015)
2025-03-26T11:31:56.851-04:00 DEBUG 26656 --- [BonafideGenerator] [           main] org.hibernate.type.BasicTypeRegistry     : Adding type registration java.time.Duration -> basicType@1(java.time.Duration,3015)
2025-03-26T11:31:56.852-04:00 DEBUG 26656 --- [BonafideGenerator] [           main] o.h.type.spi.TypeConfiguration$Scope     : Scoping TypeConfiguration [org.hibernate.type.spi.TypeConfiguration@1e194966] to MetadataBuildingContext [org.hibernate.boot.internal.MetadataBuildingContextRootImpl@160546b1]
2025-03-26T11:31:56.865-04:00 DEBUG 26656 --- [BonafideGenerator] [           main] o.h.boot.model.relational.Namespace      : Created database namespace [logicalName=Name{catalog=null, schema=null}, physicalName=Name{catalog=null, schema=null}]
2025-03-26T11:31:56.877-04:00 DEBUG 26656 --- [BonafideGenerator] [           main] o.h.boot.model.internal.EntityBinder     : Binding entity from annotated class: com.newveela.bonafidegenerator.model.Student
2025-03-26T11:31:56.879-04:00 DEBUG 26656 --- [BonafideGenerator] [           main] o.h.boot.model.internal.EntityBinder     : Import with entity name Student
2025-03-26T11:31:56.881-04:00 DEBUG 26656 --- [BonafideGenerator] [           main] o.h.boot.model.internal.EntityBinder     : Bind entity com.newveela.bonafidegenerator.model.Student on table student
2025-03-26T11:31:56.885-04:00 DEBUG 26656 --- [BonafideGenerator] [           main] o.h.boot.model.internal.AnnotatedColumn  : Binding column: AnnotatedDiscriminatorColumn(column='DTYPE')
2025-03-26T11:31:56.890-04:00 DEBUG 26656 --- [BonafideGenerator] [           main] o.h.boot.model.internal.AnnotatedColumn  : Binding column: AnnotatedColumn()
2025-03-26T11:31:56.890-04:00 DEBUG 26656 --- [BonafideGenerator] [           main] o.h.boot.internal.ClassLoaderAccessImpl  : Not known whether passed class name [com.newveela.bonafidegenerator.model.Student] is safe
2025-03-26T11:31:56.890-04:00 DEBUG 26656 --- [BonafideGenerator] [           main] o.h.boot.internal.ClassLoaderAccessImpl  : No temp ClassLoader provided; using live ClassLoader for loading potentially unsafe class : com.newveela.bonafidegenerator.model.Student
2025-03-26T11:31:56.891-04:00 DEBUG 26656 --- [BonafideGenerator] [           main] o.h.boot.model.internal.PropertyBinder   : MetadataSourceProcessor property id with lazy=false
2025-03-26T11:31:56.892-04:00 DEBUG 26656 --- [BonafideGenerator] [           main] o.h.b.m.internal.AbstractPropertyHolder  : Attempting to locate auto-apply AttributeConverter for property [com.newveela.bonafidegenerator.model.Student:id]
2025-03-26T11:31:56.893-04:00 DEBUG 26656 --- [BonafideGenerator] [           main] o.h.b.model.internal.BasicValueBinder    : building BasicValue for id
2025-03-26T11:31:56.894-04:00 DEBUG 26656 --- [BonafideGenerator] [           main] org.hibernate.mapping.BasicValue         : Skipping column re-registration: student.id
2025-03-26T11:31:56.895-04:00 DEBUG 26656 --- [BonafideGenerator] [           main] o.h.boot.model.internal.PropertyBinder   : Building property id
2025-03-26T11:31:56.896-04:00 DEBUG 26656 --- [BonafideGenerator] [           main] o.h.boot.model.internal.BinderHelper     : #makeIdGenerator(BasicValue([Column(id)]), id, identity, , ...)
2025-03-26T11:31:56.896-04:00 DEBUG 26656 --- [BonafideGenerator] [           main] o.h.boot.model.internal.AnnotatedColumn  : Binding column: AnnotatedColumn()
2025-03-26T11:31:56.896-04:00 DEBUG 26656 --- [BonafideGenerator] [           main] o.h.boot.model.internal.PropertyBinder   : MetadataSourceProcessor property courseName with lazy=false
2025-03-26T11:31:56.896-04:00 DEBUG 26656 --- [BonafideGenerator] [           main] o.h.b.m.internal.AbstractPropertyHolder  : Attempting to locate auto-apply AttributeConverter for property [com.newveela.bonafidegenerator.model.Student:courseName]
2025-03-26T11:31:56.896-04:00 DEBUG 26656 --- [BonafideGenerator] [           main] o.h.b.model.internal.BasicValueBinder    : building BasicValue for courseName
2025-03-26T11:31:56.896-04:00 DEBUG 26656 --- [BonafideGenerator] [           main] org.hibernate.mapping.BasicValue         : Skipping column re-registration: student.course_name
2025-03-26T11:31:56.896-04:00 DEBUG 26656 --- [BonafideGenerator] [           main] o.h.boot.model.internal.PropertyBinder   : Building property courseName
2025-03-26T11:31:56.896-04:00 DEBUG 26656 --- [BonafideGenerator] [           main] o.h.boot.model.internal.AnnotatedColumn  : Binding column: AnnotatedColumn()
2025-03-26T11:31:56.896-04:00 DEBUG 26656 --- [BonafideGenerator] [           main] o.h.boot.model.internal.PropertyBinder   : MetadataSourceProcessor property currentYear with lazy=false
2025-03-26T11:31:56.896-04:00 DEBUG 26656 --- [BonafideGenerator] [           main] o.h.b.m.internal.AbstractPropertyHolder  : Attempting to locate auto-apply AttributeConverter for property [com.newveela.bonafidegenerator.model.Student:currentYear]
2025-03-26T11:31:56.897-04:00 DEBUG 26656 --- [BonafideGenerator] [           main] o.h.b.model.internal.BasicValueBinder    : building BasicValue for currentYear
2025-03-26T11:31:56.897-04:00 DEBUG 26656 --- [BonafideGenerator] [           main] org.hibernate.mapping.BasicValue         : Skipping column re-registration: student.current_year
2025-03-26T11:31:56.897-04:00 DEBUG 26656 --- [BonafideGenerator] [           main] o.h.boot.model.internal.PropertyBinder   : Building property currentYear
2025-03-26T11:31:56.897-04:00 DEBUG 26656 --- [BonafideGenerator] [           main] o.h.boot.model.internal.AnnotatedColumn  : Binding column: AnnotatedColumn()
2025-03-26T11:31:56.897-04:00 DEBUG 26656 --- [BonafideGenerator] [           main] o.h.boot.model.internal.PropertyBinder   : MetadataSourceProcessor property department with lazy=false
2025-03-26T11:31:56.897-04:00 DEBUG 26656 --- [BonafideGenerator] [           main] o.h.b.m.internal.AbstractPropertyHolder  : Attempting to locate auto-apply AttributeConverter for property [com.newveela.bonafidegenerator.model.Student:department]
2025-03-26T11:31:56.897-04:00 DEBUG 26656 --- [BonafideGenerator] [           main] o.h.b.model.internal.BasicValueBinder    : building BasicValue for department
2025-03-26T11:31:56.897-04:00 DEBUG 26656 --- [BonafideGenerator] [           main] org.hibernate.mapping.BasicValue         : Skipping column re-registration: student.department
2025-03-26T11:31:56.897-04:00 DEBUG 26656 --- [BonafideGenerator] [           main] o.h.boot.model.internal.PropertyBinder   : Building property department
2025-03-26T11:31:56.897-04:00 DEBUG 26656 --- [BonafideGenerator] [           main] o.h.boot.model.internal.AnnotatedColumn  : Binding column: AnnotatedColumn()
2025-03-26T11:31:56.897-04:00 DEBUG 26656 --- [BonafideGenerator] [           main] o.h.boot.model.internal.PropertyBinder   : MetadataSourceProcessor property institutionName with lazy=false
2025-03-26T11:31:56.897-04:00 DEBUG 26656 --- [BonafideGenerator] [           main] o.h.b.m.internal.AbstractPropertyHolder  : Attempting to locate auto-apply AttributeConverter for property [com.newveela.bonafidegenerator.model.Student:institutionName]
2025-03-26T11:31:56.897-04:00 DEBUG 26656 --- [BonafideGenerator] [           main] o.h.b.model.internal.BasicValueBinder    : building BasicValue for institutionName
2025-03-26T11:31:56.897-04:00 DEBUG 26656 --- [BonafideGenerator] [           main] org.hibernate.mapping.BasicValue         : Skipping column re-registration: student.institution_name
2025-03-26T11:31:56.897-04:00 DEBUG 26656 --- [BonafideGenerator] [           main] o.h.boot.model.internal.PropertyBinder   : Building property institutionName
2025-03-26T11:31:56.897-04:00 DEBUG 26656 --- [BonafideGenerator] [           main] o.h.boot.model.internal.AnnotatedColumn  : Binding column: AnnotatedColumn()
2025-03-26T11:31:56.897-04:00 DEBUG 26656 --- [BonafideGenerator] [           main] o.h.boot.model.internal.PropertyBinder   : MetadataSourceProcessor property issueDate with lazy=false
2025-03-26T11:31:56.897-04:00 DEBUG 26656 --- [BonafideGenerator] [           main] o.h.b.m.internal.AbstractPropertyHolder  : Attempting to locate auto-apply AttributeConverter for property [com.newveela.bonafidegenerator.model.Student:issueDate]
2025-03-26T11:31:56.897-04:00 DEBUG 26656 --- [BonafideGenerator] [           main] o.h.b.model.internal.BasicValueBinder    : building BasicValue for issueDate
2025-03-26T11:31:56.897-04:00 DEBUG 26656 --- [BonafideGenerator] [           main] org.hibernate.mapping.BasicValue         : Skipping column re-registration: student.issue_date
2025-03-26T11:31:56.897-04:00 DEBUG 26656 --- [BonafideGenerator] [           main] o.h.boot.model.internal.PropertyBinder   : Building property issueDate
2025-03-26T11:31:56.897-04:00 DEBUG 26656 --- [BonafideGenerator] [           main] o.h.boot.model.internal.AnnotatedColumn  : Binding column: AnnotatedColumn()
2025-03-26T11:31:56.897-04:00 DEBUG 26656 --- [BonafideGenerator] [           main] o.h.boot.model.internal.PropertyBinder   : MetadataSourceProcessor property studentId with lazy=false
2025-03-26T11:31:56.898-04:00 DEBUG 26656 --- [BonafideGenerator] [           main] o.h.b.m.internal.AbstractPropertyHolder  : Attempting to locate auto-apply AttributeConverter for property [com.newveela.bonafidegenerator.model.Student:studentId]
2025-03-26T11:31:56.898-04:00 DEBUG 26656 --- [BonafideGenerator] [           main] o.h.b.model.internal.BasicValueBinder    : building BasicValue for studentId
2025-03-26T11:31:56.898-04:00 DEBUG 26656 --- [BonafideGenerator] [           main] org.hibernate.mapping.BasicValue         : Skipping column re-registration: student.student_id
2025-03-26T11:31:56.898-04:00 DEBUG 26656 --- [BonafideGenerator] [           main] o.h.boot.model.internal.PropertyBinder   : Building property studentId
2025-03-26T11:31:56.898-04:00 DEBUG 26656 --- [BonafideGenerator] [           main] o.h.boot.model.internal.AnnotatedColumn  : Binding column: AnnotatedColumn()
2025-03-26T11:31:56.898-04:00 DEBUG 26656 --- [BonafideGenerator] [           main] o.h.boot.model.internal.PropertyBinder   : MetadataSourceProcessor property studentName with lazy=false
2025-03-26T11:31:56.898-04:00 DEBUG 26656 --- [BonafideGenerator] [           main] o.h.b.m.internal.AbstractPropertyHolder  : Attempting to locate auto-apply AttributeConverter for property [com.newveela.bonafidegenerator.model.Student:studentName]
2025-03-26T11:31:56.898-04:00 DEBUG 26656 --- [BonafideGenerator] [           main] o.h.b.model.internal.BasicValueBinder    : building BasicValue for studentName
2025-03-26T11:31:56.898-04:00 DEBUG 26656 --- [BonafideGenerator] [           main] org.hibernate.mapping.BasicValue         : Skipping column re-registration: student.student_name
2025-03-26T11:31:56.898-04:00 DEBUG 26656 --- [BonafideGenerator] [           main] o.h.boot.model.internal.PropertyBinder   : Building property studentName
2025-03-26T11:31:56.898-04:00 DEBUG 26656 --- [BonafideGenerator] [           main] o.h.b.r.c.i.ClassLoaderServiceImpl       : HHH000194: Package not found or no package-info.java: com.newveela.bonafidegenerator.model
2025-03-26T11:31:56.900-04:00 DEBUG 26656 --- [BonafideGenerator] [           main] e.i.CallbackDefinitionResolverLegacyImpl : Adding prePersist as PrePersist callback for entity com.newveela.bonafidegenerator.model.Student
2025-03-26T11:31:56.900-04:00 DEBUG 26656 --- [BonafideGenerator] [           main] o.h.b.model.internal.BasicValueBinder    : Starting `BasicValueBinder#fillSimpleValue` for id
2025-03-26T11:31:56.901-04:00 DEBUG 26656 --- [BonafideGenerator] [           main] o.h.b.model.internal.BasicValueBinder    : Starting `BasicValueBinder#fillSimpleValue` for courseName
2025-03-26T11:31:56.901-04:00 DEBUG 26656 --- [BonafideGenerator] [           main] o.h.b.model.internal.BasicValueBinder    : Starting `BasicValueBinder#fillSimpleValue` for currentYear
2025-03-26T11:31:56.901-04:00 DEBUG 26656 --- [BonafideGenerator] [           main] o.h.b.model.internal.BasicValueBinder    : Starting `BasicValueBinder#fillSimpleValue` for department
2025-03-26T11:31:56.901-04:00 DEBUG 26656 --- [BonafideGenerator] [           main] o.h.b.model.internal.BasicValueBinder    : Starting `BasicValueBinder#fillSimpleValue` for institutionName
2025-03-26T11:31:56.901-04:00 DEBUG 26656 --- [BonafideGenerator] [           main] o.h.b.model.internal.BasicValueBinder    : Starting `BasicValueBinder#fillSimpleValue` for issueDate
2025-03-26T11:31:56.901-04:00 DEBUG 26656 --- [BonafideGenerator] [           main] o.h.b.model.internal.BasicValueBinder    : Starting `BasicValueBinder#fillSimpleValue` for studentId
2025-03-26T11:31:56.901-04:00 DEBUG 26656 --- [BonafideGenerator] [           main] o.h.b.model.internal.BasicValueBinder    : Starting `BasicValueBinder#fillSimpleValue` for studentName
2025-03-26T11:31:56.903-04:00 DEBUG 26656 --- [BonafideGenerator] [           main] org.hibernate.mapping.PrimaryKey         : Forcing column [id] to be non-null as it is part of the primary key for table [student]
2025-03-26T11:31:56.926-04:00 DEBUG 26656 --- [BonafideGenerator] [           main] o.hibernate.internal.SessionFactoryImpl  : Building session factory
2025-03-26T11:31:56.940-04:00 DEBUG 26656 --- [BonafideGenerator] [           main] .h.s.i.SessionFactoryServiceRegistryImpl : EventListenerRegistry access via ServiceRegistry is deprecated.  Use `sessionFactory.getEventEngine().getListenerRegistry()` instead
2025-03-26T11:31:56.940-04:00 DEBUG 26656 --- [BonafideGenerator] [           main] o.hibernate.internal.SessionFactoryImpl  : Instantiating SessionFactory with settings: {hibernate.format_sql=true, java.specification.version=23, hibernate.resource.beans.container=org.springframework.orm.hibernate5.SpringBeanContainer@18ff1520, hibernate.connection.handling_mode=DELAYED_ACQUISITION_AND_HOLD, sun.jnu.encoding=UTF-8, hibernate.dialect=org.hibernate.dialect.H2Dialect, hibernate.implicit_naming_strategy=org.springframework.boot.orm.jpa.hibernate.SpringImplicitNamingStrategy, java.class.path=/Users/bug/Github/BonafideGenerator/target/test-classes:/Users/bug/Github/BonafideGenerator/target/classes:/Users/bug/.m2/repository/org/springframework/boot/spring-boot-starter-data-jpa/3.4.4/spring-boot-starter-data-jpa-3.4.4.jar:/Users/bug/.m2/repository/org/springframework/boot/spring-boot-starter/3.4.4/spring-boot-starter-3.4.4.jar:/Users/bug/.m2/repository/org/springframework/boot/spring-boot/3.4.4/spring-boot-3.4.4.jar:/Users/bug/.m2/repository/org/springframework/boot/spring-boot-autoconfigure/3.4.4/spring-boot-autoconfigure-3.4.4.jar:/Users/bug/.m2/repository/org/springframework/boot/spring-boot-starter-logging/3.4.4/spring-boot-starter-logging-3.4.4.jar:/Users/bug/.m2/repository/ch/qos/logback/logback-classic/1.5.18/logback-classic-1.5.18.jar:/Users/bug/.m2/repository/ch/qos/logback/logback-core/1.5.18/logback-core-1.5.18.jar:/Users/bug/.m2/repository/org/apache/logging/log4j/log4j-to-slf4j/2.24.3/log4j-to-slf4j-2.24.3.jar:/Users/bug/.m2/repository/org/apache/logging/log4j/log4j-api/2.24.3/log4j-api-2.24.3.jar:/Users/bug/.m2/repository/org/slf4j/jul-to-slf4j/2.0.17/jul-to-slf4j-2.0.17.jar:/Users/bug/.m2/repository/jakarta/annotation/jakarta.annotation-api/2.1.1/jakarta.annotation-api-2.1.1.jar:/Users/bug/.m2/repository/org/yaml/snakeyaml/2.3/snakeyaml-2.3.jar:/Users/bug/.m2/repository/org/springframework/boot/spring-boot-starter-jdbc/3.4.4/spring-boot-starter-jdbc-3.4.4.jar:/Users/bug/.m2/repository/com/zaxxer/HikariCP/5.1.0/HikariCP-5.1.0.jar:/Users/bug/.m2/repository/org/springframework/spring-jdbc/6.2.5/spring-jdbc-6.2.5.jar:/Users/bug/.m2/repository/org/hibernate/orm/hibernate-core/6.6.11.Final/hibernate-core-6.6.11.Final.jar:/Users/bug/.m2/repository/jakarta/persistence/jakarta.persistence-api/3.1.0/jakarta.persistence-api-3.1.0.jar:/Users/bug/.m2/repository/jakarta/transaction/jakarta.transaction-api/2.0.1/jakarta.transaction-api-2.0.1.jar:/Users/bug/.m2/repository/org/jboss/logging/jboss-logging/3.6.1.Final/jboss-logging-3.6.1.Final.jar:/Users/bug/.m2/repository/org/hibernate/common/hibernate-commons-annotations/7.0.3.Final/hibernate-commons-annotations-7.0.3.Final.jar:/Users/bug/.m2/repository/io/smallrye/jandex/3.2.0/jandex-3.2.0.jar:/Users/bug/.m2/repository/com/fasterxml/classmate/1.7.0/classmate-1.7.0.jar:/Users/bug/.m2/repository/net/bytebuddy/byte-buddy/1.15.11/byte-buddy-1.15.11.jar:/Users/bug/.m2/repository/org/glassfish/jaxb/jaxb-runtime/4.0.5/jaxb-runtime-4.0.5.jar:/Users/bug/.m2/repository/org/glassfish/jaxb/jaxb-core/4.0.5/jaxb-core-4.0.5.jar:/Users/bug/.m2/repository/org/eclipse/angus/angus-activation/2.0.2/angus-activation-2.0.2.jar:/Users/bug/.m2/repository/org/glassfish/jaxb/txw2/4.0.5/txw2-4.0.5.jar:/Users/bug/.m2/repository/com/sun/istack/istack-commons-runtime/4.1.2/istack-commons-runtime-4.1.2.jar:/Users/bug/.m2/repository/jakarta/inject/jakarta.inject-api/2.0.1/jakarta.inject-api-2.0.1.jar:/Users/bug/.m2/repository/org/antlr/antlr4-runtime/4.13.0/antlr4-runtime-4.13.0.jar:/Users/bug/.m2/repository/org/springframework/data/spring-data-jpa/3.4.4/spring-data-jpa-3.4.4.jar:/Users/bug/.m2/repository/org/springframework/data/spring-data-commons/3.4.4/spring-data-commons-3.4.4.jar:/Users/bug/.m2/repository/org/springframework/spring-orm/6.2.5/spring-orm-6.2.5.jar:/Users/bug/.m2/repository/org/springframework/spring-context/6.2.5/spring-context-6.2.5.jar:/Users/bug/.m2/repository/org/springframework/spring-aop/6.2.5/spring-aop-6.2.5.jar:/Users/bug/.m2/repository/org/springframework/spring-tx/6.2.5/spring-tx-6.2.5.jar:/Users/bug/.m2/repository/org/springframework/spring-beans/6.2.5/spring-beans-6.2.5.jar:/Users/bug/.m2/repository/org/slf4j/slf4j-api/2.0.17/slf4j-api-2.0.17.jar:/Users/bug/.m2/repository/org/springframework/spring-aspects/6.2.5/spring-aspects-6.2.5.jar:/Users/bug/.m2/repository/org/aspectj/aspectjweaver/1.9.23/aspectjweaver-1.9.23.jar:/Users/bug/.m2/repository/org/springframework/boot/spring-boot-starter-web/3.4.4/spring-boot-starter-web-3.4.4.jar:/Users/bug/.m2/repository/org/springframework/boot/spring-boot-starter-json/3.4.4/spring-boot-starter-json-3.4.4.jar:/Users/bug/.m2/repository/com/fasterxml/jackson/core/jackson-databind/2.18.3/jackson-databind-2.18.3.jar:/Users/bug/.m2/repository/com/fasterxml/jackson/core/jackson-annotations/2.18.3/jackson-annotations-2.18.3.jar:/Users/bug/.m2/repository/com/fasterxml/jackson/core/jackson-core/2.18.3/jackson-core-2.18.3.jar:/Users/bug/.m2/repository/com/fasterxml/jackson/datatype/jackson-datatype-jdk8/2.18.3/jackson-datatype-jdk8-2.18.3.jar:/Users/bug/.m2/repository/com/fasterxml/jackson/datatype/jackson-datatype-jsr310/2.18.3/jackson-datatype-jsr310-2.18.3.jar:/Users/bug/.m2/repository/com/fasterxml/jackson/module/jackson-module-parameter-names/2.18.3/jackson-module-parameter-names-2.18.3.jar:/Users/bug/.m2/repository/org/springframework/boot/spring-boot-starter-tomcat/3.4.4/spring-boot-starter-tomcat-3.4.4.jar:/Users/bug/.m2/repository/org/apache/tomcat/embed/tomcat-embed-core/10.1.39/tomcat-embed-core-10.1.39.jar:/Users/bug/.m2/repository/org/apache/tomcat/embed/tomcat-embed-el/10.1.39/tomcat-embed-el-10.1.39.jar:/Users/bug/.m2/repository/org/apache/tomcat/embed/tomcat-embed-websocket/10.1.39/tomcat-embed-websocket-10.1.39.jar:/Users/bug/.m2/repository/org/springframework/spring-web/6.2.5/spring-web-6.2.5.jar:/Users/bug/.m2/repository/org/springframework/spring-webmvc/6.2.5/spring-webmvc-6.2.5.jar:/Users/bug/.m2/repository/org/springframework/spring-expression/6.2.5/spring-expression-6.2.5.jar:/Users/bug/.m2/repository/com/itextpdf/itextpdf/5.5.13.3/itextpdf-5.5.13.3.jar:/Users/bug/.m2/repository/com/h2database/h2/2.3.232/h2-2.3.232.jar:/Users/bug/.m2/repository/org/projectlombok/lombok/1.18.36/lombok-1.18.36.jar:/Users/bug/.m2/repository/org/springframework/boot/spring-boot-starter-test/3.4.4/spring-boot-starter-test-3.4.4.jar:/Users/bug/.m2/repository/org/springframework/boot/spring-boot-test/3.4.4/spring-boot-test-3.4.4.jar:/Users/bug/.m2/repository/org/springframework/boot/spring-boot-test-autoconfigure/3.4.4/spring-boot-test-autoconfigure-3.4.4.jar:/Users/bug/.m2/repository/com/jayway/jsonpath/json-path/2.9.0/json-path-2.9.0.jar:/Users/bug/.m2/repository/jakarta/xml/bind/jakarta.xml.bind-api/4.0.2/jakarta.xml.bind-api-4.0.2.jar:/Users/bug/.m2/repository/jakarta/activation/jakarta.activation-api/2.1.3/jakarta.activation-api-2.1.3.jar:/Users/bug/.m2/repository/net/minidev/json-smart/2.5.2/json-smart-2.5.2.jar:/Users/bug/.m2/repository/net/minidev/accessors-smart/2.5.2/accessors-smart-2.5.2.jar:/Users/bug/.m2/repository/org/ow2/asm/asm/9.7.1/asm-9.7.1.jar:/Users/bug/.m2/repository/org/assertj/assertj-core/3.26.3/assertj-core-3.26.3.jar:/Users/bug/.m2/repository/org/awaitility/awaitility/4.2.2/awaitility-4.2.2.jar:/Users/bug/.m2/repository/org/hamcrest/hamcrest/2.2/hamcrest-2.2.jar:/Users/bug/.m2/repository/org/junit/jupiter/junit-jupiter/5.11.4/junit-jupiter-5.11.4.jar:/Users/bug/.m2/repository/org/junit/jupiter/junit-jupiter-api/5.11.4/junit-jupiter-api-5.11.4.jar:/Users/bug/.m2/repository/org/opentest4j/opentest4j/1.3.0/opentest4j-1.3.0.jar:/Users/bug/.m2/repository/org/junit/platform/junit-platform-commons/1.11.4/junit-platform-commons-1.11.4.jar:/Users/bug/.m2/repository/org/apiguardian/apiguardian-api/1.1.2/apiguardian-api-1.1.2.jar:/Users/bug/.m2/repository/org/junit/jupiter/junit-jupiter-params/5.11.4/junit-jupiter-params-5.11.4.jar:/Users/bug/.m2/repository/org/junit/jupiter/junit-jupiter-engine/5.11.4/junit-jupiter-engine-5.11.4.jar:/Users/bug/.m2/repository/org/junit/platform/junit-platform-engine/1.11.4/junit-platform-engine-1.11.4.jar:/Users/bug/.m2/repository/org/mockito/mockito-core/5.14.2/mockito-core-5.14.2.jar:/Users/bug/.m2/repository/net/bytebuddy/byte-buddy-agent/1.15.11/byte-buddy-agent-1.15.11.jar:/Users/bug/.m2/repository/org/objenesis/objenesis/3.3/objenesis-3.3.jar:/Users/bug/.m2/repository/org/mockito/mockito-junit-jupiter/5.14.2/mockito-junit-jupiter-5.14.2.jar:/Users/bug/.m2/repository/org/skyscreamer/jsonassert/1.5.3/jsonassert-1.5.3.jar:/Users/bug/.m2/repository/com/vaadin/external/google/android-json/0.0.20131108.vaadin1/android-json-0.0.20131108.vaadin1.jar:/Users/bug/.m2/repository/org/springframework/spring-core/6.2.5/spring-core-6.2.5.jar:/Users/bug/.m2/repository/org/springframework/spring-jcl/6.2.5/spring-jcl-6.2.5.jar:/Users/bug/.m2/repository/org/springframework/spring-test/6.2.5/spring-test-6.2.5.jar:/Users/bug/.m2/repository/org/xmlunit/xmlunit-core/2.10.0/xmlunit-core-2.10.0.jar:/Users/bug/.m2/repository/org/springframework/boot/spring-boot-starter-actuator/3.4.4/spring-boot-starter-actuator-3.4.4.jar:/Users/bug/.m2/repository/org/springframework/boot/spring-boot-actuator-autoconfigure/3.4.4/spring-boot-actuator-autoconfigure-3.4.4.jar:/Users/bug/.m2/repository/org/springframework/boot/spring-boot-actuator/3.4.4/spring-boot-actuator-3.4.4.jar:/Users/bug/.m2/repository/io/micrometer/micrometer-observation/1.14.5/micrometer-observation-1.14.5.jar:/Users/bug/.m2/repository/io/micrometer/micrometer-commons/1.14.5/micrometer-commons-1.14.5.jar:/Users/bug/.m2/repository/io/micrometer/micrometer-jakarta9/1.14.5/micrometer-jakarta9-1.14.5.jar:/Users/bug/.m2/repository/io/micrometer/micrometer-core/1.14.5/micrometer-core-1.14.5.jar:/Users/bug/.m2/repository/org/hdrhistogram/HdrHistogram/2.2.2/HdrHistogram-2.2.2.jar:/Users/bug/.m2/repository/org/latencyutils/LatencyUtils/2.0.3/LatencyUtils-2.0.3.jar:, java.vm.vendor=Homebrew, sun.arch.data.model=64, java.vendor.url=https://github.com/Homebrew/homebrew-core/issues, user.timezone=America/New_York, jakarta.persistence.sharedCache.mode=UNSPECIFIED, org.jboss.logging.provider=slf4j, os.name=Mac OS X, java.vm.specification.version=23, APPLICATION_NAME=BonafideGenerator, jakarta.persistence.nonJtaDataSource=HikariDataSource (HikariPool-1), sun.java.launcher=SUN_STANDARD, user.country=US, sun.boot.library.path=/opt/homebrew/Cellar/openjdk/23.0.2/libexec/openjdk.jdk/Contents/Home/lib, sun.java.command=/Users/bug/Github/BonafideGenerator/target/surefire/surefirebooter-20250326113155337_3.jar /Users/bug/Github/BonafideGenerator/target/surefire 2025-03-26T11-31-55_299-jvmRun1 surefire-20250326113155337_1tmp surefire_0-20250326113155337_2tmp, javax.persistence.nonJtaDataSource=HikariDataSource (HikariPool-1), hibernate.transaction.jta.platform=org.hibernate.engine.transaction.jta.platform.internal.NoJtaPlatform@36120a8b, http.nonProxyHosts=local|*.local|169.254/16|*.169.254/16, jdk.debug=release, surefire.test.class.path=/Users/bug/Github/BonafideGenerator/target/test-classes:/Users/bug/Github/BonafideGenerator/target/classes:/Users/bug/.m2/repository/org/springframework/boot/spring-boot-starter-data-jpa/3.4.4/spring-boot-starter-data-jpa-3.4.4.jar:/Users/bug/.m2/repository/org/springframework/boot/spring-boot-starter/3.4.4/spring-boot-starter-3.4.4.jar:/Users/bug/.m2/repository/org/springframework/boot/spring-boot/3.4.4/spring-boot-3.4.4.jar:/Users/bug/.m2/repository/org/springframework/boot/spring-boot-autoconfigure/3.4.4/spring-boot-autoconfigure-3.4.4.jar:/Users/bug/.m2/repository/org/springframework/boot/spring-boot-starter-logging/3.4.4/spring-boot-starter-logging-3.4.4.jar:/Users/bug/.m2/repository/ch/qos/logback/logback-classic/1.5.18/logback-classic-1.5.18.jar:/Users/bug/.m2/repository/ch/qos/logback/logback-core/1.5.18/logback-core-1.5.18.jar:/Users/bug/.m2/repository/org/apache/logging/log4j/log4j-to-slf4j/2.24.3/log4j-to-slf4j-2.24.3.jar:/Users/bug/.m2/repository/org/apache/logging/log4j/log4j-api/2.24.3/log4j-api-2.24.3.jar:/Users/bug/.m2/repository/org/slf4j/jul-to-slf4j/2.0.17/jul-to-slf4j-2.0.17.jar:/Users/bug/.m2/repository/jakarta/annotation/jakarta.annotation-api/2.1.1/jakarta.annotation-api-2.1.1.jar:/Users/bug/.m2/repository/org/yaml/snakeyaml/2.3/snakeyaml-2.3.jar:/Users/bug/.m2/repository/org/springframework/boot/spring-boot-starter-jdbc/3.4.4/spring-boot-starter-jdbc-3.4.4.jar:/Users/bug/.m2/repository/com/zaxxer/HikariCP/5.1.0/HikariCP-5.1.0.jar:/Users/bug/.m2/repository/org/springframework/spring-jdbc/6.2.5/spring-jdbc-6.2.5.jar:/Users/bug/.m2/repository/org/hibernate/orm/hibernate-core/6.6.11.Final/hibernate-core-6.6.11.Final.jar:/Users/bug/.m2/repository/jakarta/persistence/jakarta.persistence-api/3.1.0/jakarta.persistence-api-3.1.0.jar:/Users/bug/.m2/repository/jakarta/transaction/jakarta.transaction-api/2.0.1/jakarta.transaction-api-2.0.1.jar:/Users/bug/.m2/repository/org/jboss/logging/jboss-logging/3.6.1.Final/jboss-logging-3.6.1.Final.jar:/Users/bug/.m2/repository/org/hibernate/common/hibernate-commons-annotations/7.0.3.Final/hibernate-commons-annotations-7.0.3.Final.jar:/Users/bug/.m2/repository/io/smallrye/jandex/3.2.0/jandex-3.2.0.jar:/Users/bug/.m2/repository/com/fasterxml/classmate/1.7.0/classmate-1.7.0.jar:/Users/bug/.m2/repository/net/bytebuddy/byte-buddy/1.15.11/byte-buddy-1.15.11.jar:/Users/bug/.m2/repository/org/glassfish/jaxb/jaxb-runtime/4.0.5/jaxb-runtime-4.0.5.jar:/Users/bug/.m2/repository/org/glassfish/jaxb/jaxb-core/4.0.5/jaxb-core-4.0.5.jar:/Users/bug/.m2/repository/org/eclipse/angus/angus-activation/2.0.2/angus-activation-2.0.2.jar:/Users/bug/.m2/repository/org/glassfish/jaxb/txw2/4.0.5/txw2-4.0.5.jar:/Users/bug/.m2/repository/com/sun/istack/istack-commons-runtime/4.1.2/istack-commons-runtime-4.1.2.jar:/Users/bug/.m2/repository/jakarta/inject/jakarta.inject-api/2.0.1/jakarta.inject-api-2.0.1.jar:/Users/bug/.m2/repository/org/antlr/antlr4-runtime/4.13.0/antlr4-runtime-4.13.0.jar:/Users/bug/.m2/repository/org/springframework/data/spring-data-jpa/3.4.4/spring-data-jpa-3.4.4.jar:/Users/bug/.m2/repository/org/springframework/data/spring-data-commons/3.4.4/spring-data-commons-3.4.4.jar:/Users/bug/.m2/repository/org/springframework/spring-orm/6.2.5/spring-orm-6.2.5.jar:/Users/bug/.m2/repository/org/springframework/spring-context/6.2.5/spring-context-6.2.5.jar:/Users/bug/.m2/repository/org/springframework/spring-aop/6.2.5/spring-aop-6.2.5.jar:/Users/bug/.m2/repository/org/springframework/spring-tx/6.2.5/spring-tx-6.2.5.jar:/Users/bug/.m2/repository/org/springframework/spring-beans/6.2.5/spring-beans-6.2.5.jar:/Users/bug/.m2/repository/org/slf4j/slf4j-api/2.0.17/slf4j-api-2.0.17.jar:/Users/bug/.m2/repository/org/springframework/spring-aspects/6.2.5/spring-aspects-6.2.5.jar:/Users/bug/.m2/repository/org/aspectj/aspectjweaver/1.9.23/aspectjweaver-1.9.23.jar:/Users/bug/.m2/repository/org/springframework/boot/spring-boot-starter-web/3.4.4/spring-boot-starter-web-3.4.4.jar:/Users/bug/.m2/repository/org/springframework/boot/spring-boot-starter-json/3.4.4/spring-boot-starter-json-3.4.4.jar:/Users/bug/.m2/repository/com/fasterxml/jackson/core/jackson-databind/2.18.3/jackson-databind-2.18.3.jar:/Users/bug/.m2/repository/com/fasterxml/jackson/core/jackson-annotations/2.18.3/jackson-annotations-2.18.3.jar:/Users/bug/.m2/repository/com/fasterxml/jackson/core/jackson-core/2.18.3/jackson-core-2.18.3.jar:/Users/bug/.m2/repository/com/fasterxml/jackson/datatype/jackson-datatype-jdk8/2.18.3/jackson-datatype-jdk8-2.18.3.jar:/Users/bug/.m2/repository/com/fasterxml/jackson/datatype/jackson-datatype-jsr310/2.18.3/jackson-datatype-jsr310-2.18.3.jar:/Users/bug/.m2/repository/com/fasterxml/jackson/module/jackson-module-parameter-names/2.18.3/jackson-module-parameter-names-2.18.3.jar:/Users/bug/.m2/repository/org/springframework/boot/spring-boot-starter-tomcat/3.4.4/spring-boot-starter-tomcat-3.4.4.jar:/Users/bug/.m2/repository/org/apache/tomcat/embed/tomcat-embed-core/10.1.39/tomcat-embed-core-10.1.39.jar:/Users/bug/.m2/repository/org/apache/tomcat/embed/tomcat-embed-el/10.1.39/tomcat-embed-el-10.1.39.jar:/Users/bug/.m2/repository/org/apache/tomcat/embed/tomcat-embed-websocket/10.1.39/tomcat-embed-websocket-10.1.39.jar:/Users/bug/.m2/repository/org/springframework/spring-web/6.2.5/spring-web-6.2.5.jar:/Users/bug/.m2/repository/org/springframework/spring-webmvc/6.2.5/spring-webmvc-6.2.5.jar:/Users/bug/.m2/repository/org/springframework/spring-expression/6.2.5/spring-expression-6.2.5.jar:/Users/bug/.m2/repository/com/itextpdf/itextpdf/5.5.13.3/itextpdf-5.5.13.3.jar:/Users/bug/.m2/repository/com/h2database/h2/2.3.232/h2-2.3.232.jar:/Users/bug/.m2/repository/org/projectlombok/lombok/1.18.36/lombok-1.18.36.jar:/Users/bug/.m2/repository/org/springframework/boot/spring-boot-starter-test/3.4.4/spring-boot-starter-test-3.4.4.jar:/Users/bug/.m2/repository/org/springframework/boot/spring-boot-test/3.4.4/spring-boot-test-3.4.4.jar:/Users/bug/.m2/repository/org/springframework/boot/spring-boot-test-autoconfigure/3.4.4/spring-boot-test-autoconfigure-3.4.4.jar:/Users/bug/.m2/repository/com/jayway/jsonpath/json-path/2.9.0/json-path-2.9.0.jar:/Users/bug/.m2/repository/jakarta/xml/bind/jakarta.xml.bind-api/4.0.2/jakarta.xml.bind-api-4.0.2.jar:/Users/bug/.m2/repository/jakarta/activation/jakarta.activation-api/2.1.3/jakarta.activation-api-2.1.3.jar:/Users/bug/.m2/repository/net/minidev/json-smart/2.5.2/json-smart-2.5.2.jar:/Users/bug/.m2/repository/net/minidev/accessors-smart/2.5.2/accessors-smart-2.5.2.jar:/Users/bug/.m2/repository/org/ow2/asm/asm/9.7.1/asm-9.7.1.jar:/Users/bug/.m2/repository/org/assertj/assertj-core/3.26.3/assertj-core-3.26.3.jar:/Users/bug/.m2/repository/org/awaitility/awaitility/4.2.2/awaitility-4.2.2.jar:/Users/bug/.m2/repository/org/hamcrest/hamcrest/2.2/hamcrest-2.2.jar:/Users/bug/.m2/repository/org/junit/jupiter/junit-jupiter/5.11.4/junit-jupiter-5.11.4.jar:/Users/bug/.m2/repository/org/junit/jupiter/junit-jupiter-api/5.11.4/junit-jupiter-api-5.11.4.jar:/Users/bug/.m2/repository/org/opentest4j/opentest4j/1.3.0/opentest4j-1.3.0.jar:/Users/bug/.m2/repository/org/junit/platform/junit-platform-commons/1.11.4/junit-platform-commons-1.11.4.jar:/Users/bug/.m2/repository/org/apiguardian/apiguardian-api/1.1.2/apiguardian-api-1.1.2.jar:/Users/bug/.m2/repository/org/junit/jupiter/junit-jupiter-params/5.11.4/junit-jupiter-params-5.11.4.jar:/Users/bug/.m2/repository/org/junit/jupiter/junit-jupiter-engine/5.11.4/junit-jupiter-engine-5.11.4.jar:/Users/bug/.m2/repository/org/junit/platform/junit-platform-engine/1.11.4/junit-platform-engine-1.11.4.jar:/Users/bug/.m2/repository/org/mockito/mockito-core/5.14.2/mockito-core-5.14.2.jar:/Users/bug/.m2/repository/net/bytebuddy/byte-buddy-agent/1.15.11/byte-buddy-agent-1.15.11.jar:/Users/bug/.m2/repository/org/objenesis/objenesis/3.3/objenesis-3.3.jar:/Users/bug/.m2/repository/org/mockito/mockito-junit-jupiter/5.14.2/mockito-junit-jupiter-5.14.2.jar:/Users/bug/.m2/repository/org/skyscreamer/jsonassert/1.5.3/jsonassert-1.5.3.jar:/Users/bug/.m2/repository/com/vaadin/external/google/android-json/0.0.20131108.vaadin1/android-json-0.0.20131108.vaadin1.jar:/Users/bug/.m2/repository/org/springframework/spring-core/6.2.5/spring-core-6.2.5.jar:/Users/bug/.m2/repository/org/springframework/spring-jcl/6.2.5/spring-jcl-6.2.5.jar:/Users/bug/.m2/repository/org/springframework/spring-test/6.2.5/spring-test-6.2.5.jar:/Users/bug/.m2/repository/org/xmlunit/xmlunit-core/2.10.0/xmlunit-core-2.10.0.jar:/Users/bug/.m2/repository/org/springframework/boot/spring-boot-starter-actuator/3.4.4/spring-boot-starter-actuator-3.4.4.jar:/Users/bug/.m2/repository/org/springframework/boot/spring-boot-actuator-autoconfigure/3.4.4/spring-boot-actuator-autoconfigure-3.4.4.jar:/Users/bug/.m2/repository/org/springframework/boot/spring-boot-actuator/3.4.4/spring-boot-actuator-3.4.4.jar:/Users/bug/.m2/repository/io/micrometer/micrometer-observation/1.14.5/micrometer-observation-1.14.5.jar:/Users/bug/.m2/repository/io/micrometer/micrometer-commons/1.14.5/micrometer-commons-1.14.5.jar:/Users/bug/.m2/repository/io/micrometer/micrometer-jakarta9/1.14.5/micrometer-jakarta9-1.14.5.jar:/Users/bug/.m2/repository/io/micrometer/micrometer-core/1.14.5/micrometer-core-1.14.5.jar:/Users/bug/.m2/repository/org/hdrhistogram/HdrHistogram/2.2.2/HdrHistogram-2.2.2.jar:/Users/bug/.m2/repository/org/latencyutils/LatencyUtils/2.0.3/LatencyUtils-2.0.3.jar:, sun.cpu.endian=little, hibernate.cdi.extensions=true, user.home=/Users/bug, user.language=en, java.specification.vendor=Oracle Corporation, java.version.date=2025-01-21, java.home=/opt/homebrew/Cellar/openjdk/23.0.2/libexec/openjdk.jdk/Contents/Home, file.separator=/, basedir=/Users/bug/Github/BonafideGenerator, java.vm.compressedOopsMode=Zero based, line.separator=
, hibernate.persistenceUnitName=default, java.vm.specification.vendor=Oracle Corporation, java.specification.name=Java Platform API Specification, FILE_LOG_CHARSET=UTF-8, hibernate.transaction.coordinator_class=class org.hibernate.resource.transaction.backend.jdbc.internal.JdbcResourceLocalTransactionCoordinatorBuilderImpl, java.awt.headless=true, apple.awt.application.name=ForkedBooter, surefire.real.class.path=/Users/bug/Github/BonafideGenerator/target/surefire/surefirebooter-20250326113155337_3.jar, jakarta.persistence.validation.mode=AUTO, hibernate.hbm2ddl.auto=update, sun.management.compiler=HotSpot 64-Bit Tiered Compilers, ftp.nonProxyHosts=local|*.local|169.254/16|*.169.254/16, java.runtime.version=23.0.2, user.name=sanju, stdout.encoding=UTF-8, path.separator=:, os.version=15.4, java.runtime.name=OpenJDK Runtime Environment, file.encoding=UTF-8, java.vm.name=OpenJDK 64-Bit Server VM, hibernate.show_sql=true, java.vendor.version=Homebrew, localRepository=/Users/bug/.m2/repository, java.vendor.url.bug=https://github.com/Homebrew/homebrew-core/issues, java.io.tmpdir=/var/folders/hg/519swl3x28qb634h06ss96lr0000gn/T/, java.version=23.0.2, hibernate.physical_naming_strategy=org.hibernate.boot.model.naming.CamelCaseToUnderscoresNamingStrategy, user.dir=/Users/bug/Github/BonafideGenerator, os.arch=aarch64, java.vm.specification.name=Java Virtual Machine Specification, PID=26656, CONSOLE_LOG_CHARSET=UTF-8, hibernate.boot.CfgXmlAccessService.key=org.hibernate.boot.registry.StandardServiceRegistryBuilder$1@63d66761, native.encoding=UTF-8, java.library.path=/Users/bug/Library/Java/Extensions:/Library/Java/Extensions:/Network/Library/Java/Extensions:/System/Library/Java/Extensions:/usr/lib/java:., stderr.encoding=UTF-8, java.vendor=Homebrew, java.vm.info=mixed mode, sharing, java.vm.version=23.0.2, sun.io.unicode.encoding=UnicodeBig, hibernate.archive.scanner=org.hibernate.boot.archive.scan.internal.DisabledScanner, hibernate.connection.datasource=HikariDataSource (HikariPool-1), socksNonProxyHosts=local|*.local|169.254/16|*.169.254/16, java.class.version=67.0, LOGGED_APPLICATION_NAME=[BonafideGenerator] }
2025-03-26T11:31:56.941-04:00 DEBUG 26656 --- [BonafideGenerator] [           main] o.hibernate.internal.SessionFactoryImpl  : Session factory constructed with filter configurations : {}
2025-03-26T11:31:56.958-04:00 DEBUG 26656 --- [BonafideGenerator] [           main] o.h.q.sqm.function.SqmFunctionRegistry   : Registered SqmFunctionTemplate [NamedSqmFunctionTemplate(max)] under max; prior registration was null
2025-03-26T11:31:56.958-04:00 DEBUG 26656 --- [BonafideGenerator] [           main] o.h.q.sqm.function.SqmFunctionRegistry   : Registered SqmFunctionTemplate [NamedSqmFunctionTemplate(min)] under min; prior registration was null
2025-03-26T11:31:56.958-04:00 DEBUG 26656 --- [BonafideGenerator] [           main] o.h.q.sqm.function.SqmFunctionRegistry   : Registered SqmFunctionTemplate [NamedSqmFunctionTemplate(sum)] under sum; prior registration was null
2025-03-26T11:31:56.958-04:00 DEBUG 26656 --- [BonafideGenerator] [           main] o.h.q.sqm.function.SqmFunctionRegistry   : Registered SqmFunctionTemplate [NamedSqmFunctionTemplate(avg)] under avg; prior registration was null
2025-03-26T11:31:56.959-04:00 DEBUG 26656 --- [BonafideGenerator] [           main] o.h.q.sqm.function.SqmFunctionRegistry   : Registered SqmFunctionTemplate [org.hibernate.dialect.function.CountFunction@69c227fd] under count; prior registration was null
2025-03-26T11:31:56.959-04:00 DEBUG 26656 --- [BonafideGenerator] [           main] o.h.q.sqm.function.SqmFunctionRegistry   : Registered SqmFunctionTemplate [org.hibernate.dialect.function.EveryAnyEmulation@2d3d4a54] under every; prior registration was null
2025-03-26T11:31:56.959-04:00 DEBUG 26656 --- [BonafideGenerator] [           main] o.h.q.sqm.function.SqmFunctionRegistry   : Registered SqmFunctionTemplate [org.hibernate.dialect.function.EveryAnyEmulation@215c6ec0] under any; prior registration was null
2025-03-26T11:31:56.959-04:00 DEBUG 26656 --- [BonafideGenerator] [           main] o.h.q.sqm.function.SqmFunctionRegistry   : Registered SqmFunctionTemplate [NamedSqmFunctionTemplate(floor)] under floor; prior registration was null
2025-03-26T11:31:56.959-04:00 DEBUG 26656 --- [BonafideGenerator] [           main] o.h.q.sqm.function.SqmFunctionRegistry   : Registered SqmFunctionTemplate [NamedSqmFunctionTemplate(ceiling)] under ceiling; prior registration was null
2025-03-26T11:31:56.959-04:00 DEBUG 26656 --- [BonafideGenerator] [           main] o.h.q.sqm.function.SqmFunctionRegistry   : Registered SqmFunctionTemplate [NamedSqmFunctionTemplate(mod)] under mod; prior registration was null
2025-03-26T11:31:56.959-04:00 DEBUG 26656 --- [BonafideGenerator] [           main] o.h.q.sqm.function.SqmFunctionRegistry   : Registered SqmFunctionTemplate [NamedSqmFunctionTemplate(abs)] under abs; prior registration was null
2025-03-26T11:31:56.959-04:00 DEBUG 26656 --- [BonafideGenerator] [           main] o.h.q.sqm.function.SqmFunctionRegistry   : Registered SqmFunctionTemplate [NamedSqmFunctionTemplate(sign)] under sign; prior registration was null
2025-03-26T11:31:56.959-04:00 DEBUG 26656 --- [BonafideGenerator] [           main] o.h.q.sqm.function.SqmFunctionRegistry   : Registered SqmFunctionTemplate [NamedSqmFunctionTemplate(sqrt)] under sqrt; prior registration was null
2025-03-26T11:31:56.959-04:00 DEBUG 26656 --- [BonafideGenerator] [           main] o.h.q.sqm.function.SqmFunctionRegistry   : Registered SqmFunctionTemplate [NamedSqmFunctionTemplate(ln)] under ln; prior registration was null
2025-03-26T11:31:56.959-04:00 DEBUG 26656 --- [BonafideGenerator] [           main] o.h.q.sqm.function.SqmFunctionRegistry   : Registered SqmFunctionTemplate [NamedSqmFunctionTemplate(exp)] under exp; prior registration was null
2025-03-26T11:31:56.959-04:00 DEBUG 26656 --- [BonafideGenerator] [           main] o.h.q.sqm.function.SqmFunctionRegistry   : Registered SqmFunctionTemplate [NamedSqmFunctionTemplate(power)] under power; prior registration was null
2025-03-26T11:31:56.960-04:00 DEBUG 26656 --- [BonafideGenerator] [           main] o.h.q.sqm.function.SqmFunctionRegistry   : Registered SqmFunctionTemplate [NamedSqmFunctionTemplate(round)] under round; prior registration was null
2025-03-26T11:31:56.960-04:00 DEBUG 26656 --- [BonafideGenerator] [           main] o.h.q.sqm.function.SqmFunctionRegistry   : Registered SqmFunctionTemplate [NamedSqmFunctionTemplate(sin)] under sin; prior registration was null
2025-03-26T11:31:56.960-04:00 DEBUG 26656 --- [BonafideGenerator] [           main] o.h.q.sqm.function.SqmFunctionRegistry   : Registered SqmFunctionTemplate [NamedSqmFunctionTemplate(cos)] under cos; prior registration was null
2025-03-26T11:31:56.960-04:00 DEBUG 26656 --- [BonafideGenerator] [           main] o.h.q.sqm.function.SqmFunctionRegistry   : Registered SqmFunctionTemplate [NamedSqmFunctionTemplate(tan)] under tan; prior registration was null
2025-03-26T11:31:56.960-04:00 DEBUG 26656 --- [BonafideGenerator] [           main] o.h.q.sqm.function.SqmFunctionRegistry   : Registered SqmFunctionTemplate [NamedSqmFunctionTemplate(asin)] under asin; prior registration was null
2025-03-26T11:31:56.960-04:00 DEBUG 26656 --- [BonafideGenerator] [           main] o.h.q.sqm.function.SqmFunctionRegistry   : Registered SqmFunctionTemplate [NamedSqmFunctionTemplate(acos)] under acos; prior registration was null
2025-03-26T11:31:56.960-04:00 DEBUG 26656 --- [BonafideGenerator] [           main] o.h.q.sqm.function.SqmFunctionRegistry   : Registered SqmFunctionTemplate [NamedSqmFunctionTemplate(atan)] under atan; prior registration was null
2025-03-26T11:31:56.960-04:00 DEBUG 26656 --- [BonafideGenerator] [           main] o.h.q.sqm.function.SqmFunctionRegistry   : Registered SqmFunctionTemplate [NamedSqmFunctionTemplate(atan2)] under atan2; prior registration was null
2025-03-26T11:31:56.960-04:00 DEBUG 26656 --- [BonafideGenerator] [           main] o.h.q.sqm.function.SqmFunctionRegistry   : Registered SqmFunctionTemplate [org.hibernate.query.sqm.function.PatternBasedSqmFunctionDescriptor@456b140f] under sinh; prior registration was null
2025-03-26T11:31:56.960-04:00 DEBUG 26656 --- [BonafideGenerator] [           main] o.h.q.sqm.function.SqmFunctionRegistry   : Registered SqmFunctionTemplate [org.hibernate.query.sqm.function.PatternBasedSqmFunctionDescriptor@2459333a] under cosh; prior registration was null
2025-03-26T11:31:56.960-04:00 DEBUG 26656 --- [BonafideGenerator] [           main] o.h.q.sqm.function.SqmFunctionRegistry   : Registered SqmFunctionTemplate [org.hibernate.query.sqm.function.PatternBasedSqmFunctionDescriptor@1e6bd367] under tanh; prior registration was null
2025-03-26T11:31:56.960-04:00 DEBUG 26656 --- [BonafideGenerator] [           main] o.h.q.sqm.function.SqmFunctionRegistry   : Registered SqmFunctionTemplate [org.hibernate.query.sqm.function.PatternBasedSqmFunctionDescriptor@2bd7f686] under pi; prior registration was null
2025-03-26T11:31:56.960-04:00 DEBUG 26656 --- [BonafideGenerator] [           main] o.h.q.sqm.function.SqmFunctionRegistry   : Registered SqmFunctionTemplate [org.hibernate.query.sqm.function.PatternBasedSqmFunctionDescriptor@3601549f] under log; prior registration was null
2025-03-26T11:31:56.960-04:00 DEBUG 26656 --- [BonafideGenerator] [           main] o.h.q.sqm.function.SqmFunctionRegistry   : Registered SqmFunctionTemplate [NamedSqmFunctionTemplate(coalesce)] under coalesce; prior registration was null
2025-03-26T11:31:56.960-04:00 DEBUG 26656 --- [BonafideGenerator] [           main] o.h.q.sqm.function.SqmFunctionRegistry   : Registered SqmFunctionTemplate [NamedSqmFunctionTemplate(nullif)] under nullif; prior registration was null
2025-03-26T11:31:56.960-04:00 DEBUG 26656 --- [BonafideGenerator] [           main] o.h.q.sqm.function.SqmFunctionRegistry   : Registered SqmFunctionTemplate [NamedSqmFunctionTemplate(left)] under left; prior registration was null
2025-03-26T11:31:56.960-04:00 DEBUG 26656 --- [BonafideGenerator] [           main] o.h.q.sqm.function.SqmFunctionRegistry   : Registered SqmFunctionTemplate [NamedSqmFunctionTemplate(right)] under right; prior registration was null
2025-03-26T11:31:56.961-04:00 DEBUG 26656 --- [BonafideGenerator] [           main] o.h.q.sqm.function.SqmFunctionRegistry   : Registered SqmFunctionTemplate [NamedSqmFunctionTemplate(replace)] under replace; prior registration was null
2025-03-26T11:31:56.961-04:00 DEBUG 26656 --- [BonafideGenerator] [           main] o.h.q.sqm.function.SqmFunctionRegistry   : Registered SqmFunctionTemplate [NamedSqmFunctionTemplate(concat)] under concat; prior registration was null
2025-03-26T11:31:56.961-04:00 DEBUG 26656 --- [BonafideGenerator] [           main] o.h.q.sqm.function.SqmFunctionRegistry   : Registered SqmFunctionTemplate [NamedSqmFunctionTemplate(lower)] under lower; prior registration was null
2025-03-26T11:31:56.961-04:00 DEBUG 26656 --- [BonafideGenerator] [           main] o.h.q.sqm.function.SqmFunctionRegistry   : Registered SqmFunctionTemplate [NamedSqmFunctionTemplate(upper)] under upper; prior registration was null
2025-03-26T11:31:56.961-04:00 DEBUG 26656 --- [BonafideGenerator] [           main] o.h.q.sqm.function.SqmFunctionRegistry   : Registered SqmFunctionTemplate [NamedSqmFunctionTemplate(substring)] under substring; prior registration was null
2025-03-26T11:31:56.961-04:00 DEBUG 26656 --- [BonafideGenerator] [           main] o.h.q.sqm.function.SqmFunctionRegistry   : Registered SqmFunctionTemplate [NamedSqmFunctionTemplate(locate)] under locate; prior registration was null
2025-03-26T11:31:56.961-04:00 DEBUG 26656 --- [BonafideGenerator] [           main] o.h.q.sqm.function.SqmFunctionRegistry   : Registered SqmFunctionTemplate [NamedSqmFunctionTemplate(character_length)] under character_length; prior registration was null
2025-03-26T11:31:56.961-04:00 DEBUG 26656 --- [BonafideGenerator] [           main] o.h.q.sqm.function.SqmFunctionRegistry   : Registering alternate key : length -> character_length
2025-03-26T11:31:56.961-04:00 DEBUG 26656 --- [BonafideGenerator] [           main] o.h.q.sqm.function.SqmFunctionRegistry   : Registered SqmFunctionTemplate [org.hibernate.dialect.function.LocatePositionEmulation@7b9d1a4] under position; prior registration was null
2025-03-26T11:31:56.962-04:00 DEBUG 26656 --- [BonafideGenerator] [           main] o.h.q.sqm.function.SqmFunctionRegistry   : Registered SqmFunctionTemplate [org.hibernate.dialect.function.InsertSubstringOverlayEmulation@637506d8] under overlay; prior registration was null
2025-03-26T11:31:56.962-04:00 DEBUG 26656 --- [BonafideGenerator] [           main] o.h.q.sqm.function.SqmFunctionRegistry   : Registered SqmFunctionTemplate [org.hibernate.dialect.function.TrimFunction@18f4086e] under trim; prior registration was null
2025-03-26T11:31:56.962-04:00 DEBUG 26656 --- [BonafideGenerator] [           main] o.h.q.sqm.function.SqmFunctionRegistry   : Registered SqmFunctionTemplate [org.hibernate.dialect.function.CastFunction@6c8ad6d7] under cast; prior registration was null
2025-03-26T11:31:56.962-04:00 DEBUG 26656 --- [BonafideGenerator] [           main] o.h.q.sqm.function.SqmFunctionRegistry   : Registered SqmFunctionTemplate [org.hibernate.query.sqm.function.PatternBasedSqmFunctionDescriptor@2d0778d0] under collate; prior registration was null
2025-03-26T11:31:56.963-04:00 DEBUG 26656 --- [BonafideGenerator] [           main] o.h.q.sqm.function.SqmFunctionRegistry   : Registered SqmFunctionTemplate [org.hibernate.dialect.function.ExtractFunction@631678e6] under extract; prior registration was null
2025-03-26T11:31:56.963-04:00 DEBUG 26656 --- [BonafideGenerator] [           main] o.h.q.sqm.function.SqmFunctionRegistry   : Registered SqmFunctionTemplate [NamedSqmFunctionTemplate(least)] under least; prior registration was null
2025-03-26T11:31:56.963-04:00 DEBUG 26656 --- [BonafideGenerator] [           main] o.h.q.sqm.function.SqmFunctionRegistry   : Registered SqmFunctionTemplate [NamedSqmFunctionTemplate(greatest)] under greatest; prior registration was null
2025-03-26T11:31:56.963-04:00 DEBUG 26656 --- [BonafideGenerator] [           main] o.h.q.sqm.function.SqmFunctionRegistry   : Registered SqmFunctionTemplate [org.hibernate.dialect.function.CoalesceIfnullEmulation@4b916cc2] under ifnull; prior registration was null
2025-03-26T11:31:56.963-04:00 DEBUG 26656 --- [BonafideGenerator] [           main] o.h.q.sqm.function.SqmFunctionRegistry   : Registered SqmFunctionTemplate [NamedSqmFunctionTemplate(lpad)] under lpad; prior registration was null
2025-03-26T11:31:56.963-04:00 DEBUG 26656 --- [BonafideGenerator] [           main] o.h.q.sqm.function.SqmFunctionRegistry   : Registered SqmFunctionTemplate [NamedSqmFunctionTemplate(rpad)] under rpad; prior registration was null
2025-03-26T11:31:56.963-04:00 DEBUG 26656 --- [BonafideGenerator] [           main] o.h.q.sqm.function.SqmFunctionRegistry   : Registered SqmFunctionTemplate [org.hibernate.dialect.function.LpadRpadPadEmulation@6e355249] under pad; prior registration was null
2025-03-26T11:31:56.963-04:00 DEBUG 26656 --- [BonafideGenerator] [           main] o.h.q.sqm.function.SqmFunctionRegistry   : Registered SqmFunctionTemplate [org.hibernate.dialect.function.CastStrEmulation@5c0ece6d] under str; prior registration was null
2025-03-26T11:31:56.964-04:00 DEBUG 26656 --- [BonafideGenerator] [           main] o.h.q.sqm.function.SqmFunctionRegistry   : Registered SqmFunctionTemplate [org.hibernate.dialect.function.FormatFunction@11ee671f] under format; prior registration was null
2025-03-26T11:31:56.964-04:00 DEBUG 26656 --- [BonafideGenerator] [           main] o.h.q.sqm.function.SqmFunctionRegistry   : Registered SqmFunctionTemplate [org.hibernate.dialect.function.TimestampaddFunction@81dfdee] under timestampadd; prior registration was null
2025-03-26T11:31:56.964-04:00 DEBUG 26656 --- [BonafideGenerator] [           main] o.h.q.sqm.function.SqmFunctionRegistry   : Registered SqmFunctionTemplate [org.hibernate.dialect.function.TimestampdiffFunction@3a239dac] under timestampdiff; prior registration was null
2025-03-26T11:31:56.964-04:00 DEBUG 26656 --- [BonafideGenerator] [           main] o.h.q.sqm.function.SqmFunctionRegistry   : Registering alternate key : dateadd -> timestampadd
2025-03-26T11:31:56.964-04:00 DEBUG 26656 --- [BonafideGenerator] [           main] o.h.q.sqm.function.SqmFunctionRegistry   : Registering alternate key : datediff -> timestampdiff
2025-03-26T11:31:56.964-04:00 DEBUG 26656 --- [BonafideGenerator] [           main] o.h.q.sqm.function.SqmFunctionRegistry   : Registered SqmFunctionTemplate [org.hibernate.dialect.function.CurrentFunction@3211cc84] under current_date; prior registration was null
2025-03-26T11:31:56.964-04:00 DEBUG 26656 --- [BonafideGenerator] [           main] o.h.q.sqm.function.SqmFunctionRegistry   : Registered SqmFunctionTemplate [org.hibernate.dialect.function.CurrentFunction@3d2eb7fa] under current_time; prior registration was null
2025-03-26T11:31:56.964-04:00 DEBUG 26656 --- [BonafideGenerator] [           main] o.h.q.sqm.function.SqmFunctionRegistry   : Registered SqmFunctionTemplate [org.hibernate.dialect.function.CurrentFunction@56fa0ef] under current_timestamp; prior registration was null
2025-03-26T11:31:56.964-04:00 DEBUG 26656 --- [BonafideGenerator] [           main] o.h.q.sqm.function.SqmFunctionRegistry   : Registering alternate key : current date -> current_date
2025-03-26T11:31:56.964-04:00 DEBUG 26656 --- [BonafideGenerator] [           main] o.h.q.sqm.function.SqmFunctionRegistry   : Registering alternate key : current time -> current_time
2025-03-26T11:31:56.964-04:00 DEBUG 26656 --- [BonafideGenerator] [           main] o.h.q.sqm.function.SqmFunctionRegistry   : Registering alternate key : current timestamp -> current_timestamp
2025-03-26T11:31:56.964-04:00 DEBUG 26656 --- [BonafideGenerator] [           main] o.h.q.sqm.function.SqmFunctionRegistry   : Registered SqmFunctionTemplate [org.hibernate.dialect.function.CurrentFunction@5e278e25] under local_date; prior registration was null
2025-03-26T11:31:56.964-04:00 DEBUG 26656 --- [BonafideGenerator] [           main] o.h.q.sqm.function.SqmFunctionRegistry   : Registered SqmFunctionTemplate [org.hibernate.dialect.function.CurrentFunction@62ee1c89] under local_time; prior registration was null
2025-03-26T11:31:56.964-04:00 DEBUG 26656 --- [BonafideGenerator] [           main] o.h.q.sqm.function.SqmFunctionRegistry   : Registered SqmFunctionTemplate [org.hibernate.dialect.function.CurrentFunction@2ab7f649] under local_datetime; prior registration was null
2025-03-26T11:31:56.964-04:00 DEBUG 26656 --- [BonafideGenerator] [           main] o.h.q.sqm.function.SqmFunctionRegistry   : Registered SqmFunctionTemplate [org.hibernate.dialect.function.CurrentFunction@52a74328] under offset_datetime; prior registration was null
2025-03-26T11:31:56.964-04:00 DEBUG 26656 --- [BonafideGenerator] [           main] o.h.q.sqm.function.SqmFunctionRegistry   : Registering alternate key : local date -> local_date
2025-03-26T11:31:56.964-04:00 DEBUG 26656 --- [BonafideGenerator] [           main] o.h.q.sqm.function.SqmFunctionRegistry   : Registering alternate key : local time -> local_time
2025-03-26T11:31:56.964-04:00 DEBUG 26656 --- [BonafideGenerator] [           main] o.h.q.sqm.function.SqmFunctionRegistry   : Registering alternate key : local datetime -> local_datetime
2025-03-26T11:31:56.964-04:00 DEBUG 26656 --- [BonafideGenerator] [           main] o.h.q.sqm.function.SqmFunctionRegistry   : Registering alternate key : offset datetime -> offset_datetime
2025-03-26T11:31:56.964-04:00 DEBUG 26656 --- [BonafideGenerator] [           main] o.h.q.sqm.function.SqmFunctionRegistry   : Registered SqmFunctionTemplate [org.hibernate.dialect.function.CurrentFunction@3093b9ff] under instant; prior registration was null
2025-03-26T11:31:56.964-04:00 DEBUG 26656 --- [BonafideGenerator] [           main] o.h.q.sqm.function.SqmFunctionRegistry   : Registering alternate key : current_instant -> instant
2025-03-26T11:31:56.965-04:00 DEBUG 26656 --- [BonafideGenerator] [           main] o.h.q.sqm.function.SqmFunctionRegistry   : Registered SqmFunctionTemplate [org.hibernate.dialect.function.SqlFunction@72bce309] under sql; prior registration was null
2025-03-26T11:31:56.965-04:00 DEBUG 26656 --- [BonafideGenerator] [           main] o.h.q.sqm.function.SqmFunctionRegistry   : Registered SqmFunctionTemplate [NamedSqmFunctionTemplate(max)] under max; prior registration was NamedSqmFunctionTemplate(max)
2025-03-26T11:31:56.965-04:00 DEBUG 26656 --- [BonafideGenerator] [           main] o.h.q.sqm.function.SqmFunctionRegistry   : Registered SqmFunctionTemplate [NamedSqmFunctionTemplate(min)] under min; prior registration was NamedSqmFunctionTemplate(min)
2025-03-26T11:31:56.965-04:00 DEBUG 26656 --- [BonafideGenerator] [           main] o.h.q.sqm.function.SqmFunctionRegistry   : Registered SqmFunctionTemplate [NamedSqmFunctionTemplate(sum)] under sum; prior registration was NamedSqmFunctionTemplate(sum)
2025-03-26T11:31:56.965-04:00 DEBUG 26656 --- [BonafideGenerator] [           main] o.h.q.sqm.function.SqmFunctionRegistry   : Registered SqmFunctionTemplate [NamedSqmFunctionTemplate(avg)] under avg; prior registration was NamedSqmFunctionTemplate(avg)
2025-03-26T11:31:56.965-04:00 DEBUG 26656 --- [BonafideGenerator] [           main] o.h.q.sqm.function.SqmFunctionRegistry   : Registered SqmFunctionTemplate [org.hibernate.dialect.function.CountFunction@f439e0f] under count; prior registration was org.hibernate.dialect.function.CountFunction@69c227fd
2025-03-26T11:31:56.965-04:00 DEBUG 26656 --- [BonafideGenerator] [           main] o.h.q.sqm.function.SqmFunctionRegistry   : Registered SqmFunctionTemplate [org.hibernate.dialect.function.AvgFunction@5487a8f1] under avg; prior registration was NamedSqmFunctionTemplate(avg)
2025-03-26T11:31:56.965-04:00 DEBUG 26656 --- [BonafideGenerator] [           main] o.h.q.sqm.function.SqmFunctionRegistry   : Registered SqmFunctionTemplate [NamedSqmFunctionTemplate(pi)] under pi; prior registration was org.hibernate.query.sqm.function.PatternBasedSqmFunctionDescriptor@2bd7f686
2025-03-26T11:31:56.966-04:00 DEBUG 26656 --- [BonafideGenerator] [           main] o.h.q.sqm.function.SqmFunctionRegistry   : Registered SqmFunctionTemplate [NamedSqmFunctionTemplate(cot)] under cot; prior registration was null
2025-03-26T11:31:56.966-04:00 DEBUG 26656 --- [BonafideGenerator] [           main] o.h.q.sqm.function.SqmFunctionRegistry   : Registered SqmFunctionTemplate [NamedSqmFunctionTemplate(radians)] under radians; prior registration was null
2025-03-26T11:31:56.966-04:00 DEBUG 26656 --- [BonafideGenerator] [           main] o.h.q.sqm.function.SqmFunctionRegistry   : Registered SqmFunctionTemplate [NamedSqmFunctionTemplate(degrees)] under degrees; prior registration was null
2025-03-26T11:31:56.966-04:00 DEBUG 26656 --- [BonafideGenerator] [           main] o.h.q.sqm.function.SqmFunctionRegistry   : Registered SqmFunctionTemplate [NamedSqmFunctionTemplate(log10)] under log10; prior registration was null
2025-03-26T11:31:56.966-04:00 DEBUG 26656 --- [BonafideGenerator] [           main] o.h.q.sqm.function.SqmFunctionRegistry   : Registered SqmFunctionTemplate [org.hibernate.query.sqm.function.PatternBasedSqmFunctionDescriptor@3e5c7588] under mod; prior registration was NamedSqmFunctionTemplate(mod)
2025-03-26T11:31:56.966-04:00 DEBUG 26656 --- [BonafideGenerator] [           main] o.h.q.sqm.function.SqmFunctionRegistry   : Registered SqmFunctionTemplate [NamedSqmFunctionTemplate(rand)] under rand; prior registration was null
2025-03-26T11:31:56.966-04:00 DEBUG 26656 --- [BonafideGenerator] [           main] o.h.q.sqm.function.SqmFunctionRegistry   : Registered SqmFunctionTemplate [NamedSqmFunctionTemplate(soundex)] under soundex; prior registration was null
2025-03-26T11:31:56.966-04:00 DEBUG 26656 --- [BonafideGenerator] [           main] o.h.q.sqm.function.SqmFunctionRegistry   : Registered SqmFunctionTemplate [NamedSqmFunctionTemplate(translate)] under translate; prior registration was null
2025-03-26T11:31:56.966-04:00 DEBUG 26656 --- [BonafideGenerator] [           main] o.h.q.sqm.function.SqmFunctionRegistry   : Registered SqmFunctionTemplate [NamedSqmFunctionTemplate(bitand)] under bitand; prior registration was null
2025-03-26T11:31:56.966-04:00 DEBUG 26656 --- [BonafideGenerator] [           main] o.h.q.sqm.function.SqmFunctionRegistry   : Registered SqmFunctionTemplate [NamedSqmFunctionTemplate(bitor)] under bitor; prior registration was null
2025-03-26T11:31:56.966-04:00 DEBUG 26656 --- [BonafideGenerator] [           main] o.h.q.sqm.function.SqmFunctionRegistry   : Registered SqmFunctionTemplate [NamedSqmFunctionTemplate(bitxor)] under bitxor; prior registration was null
2025-03-26T11:31:56.966-04:00 DEBUG 26656 --- [BonafideGenerator] [           main] o.h.q.sqm.function.SqmFunctionRegistry   : Registered SqmFunctionTemplate [NamedSqmFunctionTemplate(bitnot)] under bitnot; prior registration was null
2025-03-26T11:31:56.966-04:00 DEBUG 26656 --- [BonafideGenerator] [           main] o.h.q.sqm.function.SqmFunctionRegistry   : Registered SqmFunctionTemplate [NamedSqmFunctionTemplate(bit_and)] under bit_and; prior registration was null
2025-03-26T11:31:56.966-04:00 DEBUG 26656 --- [BonafideGenerator] [           main] o.h.q.sqm.function.SqmFunctionRegistry   : Registered SqmFunctionTemplate [NamedSqmFunctionTemplate(bit_or)] under bit_or; prior registration was null
2025-03-26T11:31:56.966-04:00 DEBUG 26656 --- [BonafideGenerator] [           main] o.h.q.sqm.function.SqmFunctionRegistry   : Registered SqmFunctionTemplate [NamedSqmFunctionTemplate(day)] under day; prior registration was null
2025-03-26T11:31:56.966-04:00 DEBUG 26656 --- [BonafideGenerator] [           main] o.h.q.sqm.function.SqmFunctionRegistry   : Registered SqmFunctionTemplate [NamedSqmFunctionTemplate(month)] under month; prior registration was null
2025-03-26T11:31:56.966-04:00 DEBUG 26656 --- [BonafideGenerator] [           main] o.h.q.sqm.function.SqmFunctionRegistry   : Registered SqmFunctionTemplate [NamedSqmFunctionTemplate(year)] under year; prior registration was null
2025-03-26T11:31:56.966-04:00 DEBUG 26656 --- [BonafideGenerator] [           main] o.h.q.sqm.function.SqmFunctionRegistry   : Registered SqmFunctionTemplate [NamedSqmFunctionTemplate(hour)] under hour; prior registration was null
2025-03-26T11:31:56.966-04:00 DEBUG 26656 --- [BonafideGenerator] [           main] o.h.q.sqm.function.SqmFunctionRegistry   : Registered SqmFunctionTemplate [NamedSqmFunctionTemplate(minute)] under minute; prior registration was null
2025-03-26T11:31:56.966-04:00 DEBUG 26656 --- [BonafideGenerator] [           main] o.h.q.sqm.function.SqmFunctionRegistry   : Registered SqmFunctionTemplate [NamedSqmFunctionTemplate(second)] under second; prior registration was null
2025-03-26T11:31:56.966-04:00 DEBUG 26656 --- [BonafideGenerator] [           main] o.h.q.sqm.function.SqmFunctionRegistry   : Registered SqmFunctionTemplate [NamedSqmFunctionTemplate(microsecond)] under microsecond; prior registration was null
2025-03-26T11:31:56.966-04:00 DEBUG 26656 --- [BonafideGenerator] [           main] o.h.q.sqm.function.SqmFunctionRegistry   : Registered SqmFunctionTemplate [NamedSqmFunctionTemplate(day_of_week)] under day_of_week; prior registration was null
2025-03-26T11:31:56.966-04:00 DEBUG 26656 --- [BonafideGenerator] [           main] o.h.q.sqm.function.SqmFunctionRegistry   : Registered SqmFunctionTemplate [NamedSqmFunctionTemplate(day_of_month)] under day_of_month; prior registration was null
2025-03-26T11:31:56.966-04:00 DEBUG 26656 --- [BonafideGenerator] [           main] o.h.q.sqm.function.SqmFunctionRegistry   : Registering alternate key : day -> day_of_month
2025-03-26T11:31:56.966-04:00 DEBUG 26656 --- [BonafideGenerator] [           main] o.h.q.sqm.function.SqmFunctionRegistry   : Registered SqmFunctionTemplate [NamedSqmFunctionTemplate(day_of_year)] under day_of_year; prior registration was null
2025-03-26T11:31:56.966-04:00 DEBUG 26656 --- [BonafideGenerator] [           main] o.h.q.sqm.function.SqmFunctionRegistry   : Registered SqmFunctionTemplate [NamedSqmFunctionTemplate(week)] under week; prior registration was null
2025-03-26T11:31:56.966-04:00 DEBUG 26656 --- [BonafideGenerator] [           main] o.h.q.sqm.function.SqmFunctionRegistry   : Registered SqmFunctionTemplate [NamedSqmFunctionTemplate(quarter)] under quarter; prior registration was null
2025-03-26T11:31:56.966-04:00 DEBUG 26656 --- [BonafideGenerator] [           main] o.h.q.sqm.function.SqmFunctionRegistry   : Registered SqmFunctionTemplate [NamedSqmFunctionTemplate(monthname)] under monthname; prior registration was null
2025-03-26T11:31:56.966-04:00 DEBUG 26656 --- [BonafideGenerator] [           main] o.h.q.sqm.function.SqmFunctionRegistry   : Registered SqmFunctionTemplate [NamedSqmFunctionTemplate(dayname)] under dayname; prior registration was null
2025-03-26T11:31:56.966-04:00 DEBUG 26656 --- [BonafideGenerator] [           main] o.h.q.sqm.function.SqmFunctionRegistry   : Registered SqmFunctionTemplate [NamedSqmFunctionTemplate(localtime)] under localtime; prior registration was null
2025-03-26T11:31:56.966-04:00 DEBUG 26656 --- [BonafideGenerator] [           main] o.h.q.sqm.function.SqmFunctionRegistry   : Registered SqmFunctionTemplate [NamedSqmFunctionTemplate(localtimestamp)] under localtimestamp; prior registration was null
2025-03-26T11:31:56.966-04:00 DEBUG 26656 --- [BonafideGenerator] [           main] o.h.q.sqm.function.SqmFunctionRegistry   : Registered SqmFunctionTemplate [NamedSqmFunctionTemplate(localtime)] under local_time; prior registration was org.hibernate.dialect.function.CurrentFunction@62ee1c89
2025-03-26T11:31:56.966-04:00 DEBUG 26656 --- [BonafideGenerator] [           main] o.h.q.sqm.function.SqmFunctionRegistry   : Registered SqmFunctionTemplate [NamedSqmFunctionTemplate(localtimestamp)] under local_datetime; prior registration was org.hibernate.dialect.function.CurrentFunction@2ab7f649
2025-03-26T11:31:56.967-04:00 DEBUG 26656 --- [BonafideGenerator] [           main] o.h.q.sqm.function.SqmFunctionRegistry   : Registered SqmFunctionTemplate [org.hibernate.dialect.function.TruncFunction@7cd3860] under trunc; prior registration was null
2025-03-26T11:31:56.967-04:00 DEBUG 26656 --- [BonafideGenerator] [           main] o.h.q.sqm.function.SqmFunctionRegistry   : Registering alternate key : truncate -> trunc
2025-03-26T11:31:56.967-04:00 DEBUG 26656 --- [BonafideGenerator] [           main] o.h.q.sqm.function.SqmFunctionRegistry   : Registered SqmFunctionTemplate [org.hibernate.query.sqm.function.PatternBasedSqmFunctionDescriptor@44f23927] under date_trunc; prior registration was null
2025-03-26T11:31:56.967-04:00 DEBUG 26656 --- [BonafideGenerator] [           main] o.h.q.sqm.function.SqmFunctionRegistry   : Registered SqmFunctionTemplate [NamedSqmFunctionTemplate(bit_length)] under bit_length; prior registration was null
2025-03-26T11:31:56.967-04:00 DEBUG 26656 --- [BonafideGenerator] [           main] o.h.q.sqm.function.SqmFunctionRegistry   : Registered SqmFunctionTemplate [NamedSqmFunctionTemplate(octet_length)] under octet_length; prior registration was null
2025-03-26T11:31:56.967-04:00 DEBUG 26656 --- [BonafideGenerator] [           main] o.h.q.sqm.function.SqmFunctionRegistry   : Registered SqmFunctionTemplate [NamedSqmFunctionTemplate(ascii)] under ascii; prior registration was null
2025-03-26T11:31:56.967-04:00 DEBUG 26656 --- [BonafideGenerator] [           main] o.h.q.sqm.function.SqmFunctionRegistry   : Registered SqmFunctionTemplate [NamedSqmFunctionTemplate(octet_length)] under octet_length; prior registration was NamedSqmFunctionTemplate(octet_length)
2025-03-26T11:31:56.967-04:00 DEBUG 26656 --- [BonafideGenerator] [           main] o.h.q.sqm.function.SqmFunctionRegistry   : Registered SqmFunctionTemplate [NamedSqmFunctionTemplate(space)] under space; prior registration was null
2025-03-26T11:31:56.967-04:00 DEBUG 26656 --- [BonafideGenerator] [           main] o.h.q.sqm.function.SqmFunctionRegistry   : Registered SqmFunctionTemplate [NamedSqmFunctionTemplate(repeat)] under repeat; prior registration was null
2025-03-26T11:31:56.967-04:00 DEBUG 26656 --- [BonafideGenerator] [           main] o.h.q.sqm.function.SqmFunctionRegistry   : Registered SqmFunctionTemplate [NamedSqmFunctionTemplate(char)] under char; prior registration was null
2025-03-26T11:31:56.967-04:00 DEBUG 26656 --- [BonafideGenerator] [           main] o.h.q.sqm.function.SqmFunctionRegistry   : Registering alternate key : chr -> char
2025-03-26T11:31:56.967-04:00 DEBUG 26656 --- [BonafideGenerator] [           main] o.h.q.sqm.function.SqmFunctionRegistry   : Registered SqmFunctionTemplate [NamedSqmFunctionTemplate(instr)] under instr; prior registration was null
2025-03-26T11:31:56.967-04:00 DEBUG 26656 --- [BonafideGenerator] [           main] o.h.q.sqm.function.SqmFunctionRegistry   : Registered SqmFunctionTemplate [NamedSqmFunctionTemplate(substr)] under substr; prior registration was null
2025-03-26T11:31:56.967-04:00 DEBUG 26656 --- [BonafideGenerator] [           main] o.h.q.sqm.function.SqmFunctionRegistry   : Registered SqmFunctionTemplate [org.hibernate.query.sqm.function.PatternBasedSqmFunctionDescriptor@59cde35] under position; prior registration was org.hibernate.dialect.function.LocatePositionEmulation@7b9d1a4
2025-03-26T11:31:56.967-04:00 DEBUG 26656 --- [BonafideGenerator] [           main] o.h.q.sqm.function.SqmFunctionRegistry   : Registered SqmFunctionTemplate [NamedSqmFunctionTemplate(ltrim)] under ltrim; prior registration was null
2025-03-26T11:31:56.967-04:00 DEBUG 26656 --- [BonafideGenerator] [           main] o.h.q.sqm.function.SqmFunctionRegistry   : Registered SqmFunctionTemplate [NamedSqmFunctionTemplate(rtrim)] under rtrim; prior registration was null
2025-03-26T11:31:56.967-04:00 DEBUG 26656 --- [BonafideGenerator] [           main] o.h.q.sqm.function.SqmFunctionRegistry   : Registered SqmFunctionTemplate [org.hibernate.query.sqm.function.PatternBasedSqmFunctionDescriptor@43de9fc9] under concat; prior registration was NamedSqmFunctionTemplate(concat)
2025-03-26T11:31:56.967-04:00 DEBUG 26656 --- [BonafideGenerator] [           main] o.h.q.sqm.function.SqmFunctionRegistry   : Registered SqmFunctionTemplate [NamedSqmFunctionTemplate(curtime)] under curtime; prior registration was null
2025-03-26T11:31:56.967-04:00 DEBUG 26656 --- [BonafideGenerator] [           main] o.h.q.sqm.function.SqmFunctionRegistry   : Registered SqmFunctionTemplate [NamedSqmFunctionTemplate(curdate)] under curdate; prior registration was null
2025-03-26T11:31:56.967-04:00 DEBUG 26656 --- [BonafideGenerator] [           main] o.h.q.sqm.function.SqmFunctionRegistry   : Registered SqmFunctionTemplate [NamedSqmFunctionTemplate(now)] under now; prior registration was null
2025-03-26T11:31:56.967-04:00 DEBUG 26656 --- [BonafideGenerator] [           main] o.h.q.sqm.function.SqmFunctionRegistry   : Registered SqmFunctionTemplate [NamedSqmFunctionTemplate(sysdate)] under sysdate; prior registration was null
2025-03-26T11:31:56.968-04:00 DEBUG 26656 --- [BonafideGenerator] [           main] o.h.q.sqm.function.SqmFunctionRegistry   : Registered SqmFunctionTemplate [NamedSqmFunctionTemplate(insert)] under insert; prior registration was null
2025-03-26T11:31:56.968-04:00 DEBUG 26656 --- [BonafideGenerator] [           main] o.h.q.sqm.function.SqmFunctionRegistry   : Registered SqmFunctionTemplate [NamedSqmFunctionTemplate(bool_and)] under bool_and; prior registration was null
2025-03-26T11:31:56.968-04:00 DEBUG 26656 --- [BonafideGenerator] [           main] o.h.q.sqm.function.SqmFunctionRegistry   : Registering alternate key : every -> bool_and
2025-03-26T11:31:56.968-04:00 DEBUG 26656 --- [BonafideGenerator] [           main] o.h.q.sqm.function.SqmFunctionRegistry   : Registered SqmFunctionTemplate [NamedSqmFunctionTemplate(bool_or)] under bool_or; prior registration was null
2025-03-26T11:31:56.968-04:00 DEBUG 26656 --- [BonafideGenerator] [           main] o.h.q.sqm.function.SqmFunctionRegistry   : Registering alternate key : any -> bool_or
2025-03-26T11:31:56.968-04:00 DEBUG 26656 --- [BonafideGenerator] [           main] o.h.q.sqm.function.SqmFunctionRegistry   : Registered SqmFunctionTemplate [NamedSqmFunctionTemplate(median)] under median; prior registration was null
2025-03-26T11:31:56.968-04:00 DEBUG 26656 --- [BonafideGenerator] [           main] o.h.q.sqm.function.SqmFunctionRegistry   : Registered SqmFunctionTemplate [NamedSqmFunctionTemplate(stddev_pop)] under stddev_pop; prior registration was null
2025-03-26T11:31:56.968-04:00 DEBUG 26656 --- [BonafideGenerator] [           main] o.h.q.sqm.function.SqmFunctionRegistry   : Registered SqmFunctionTemplate [NamedSqmFunctionTemplate(stddev_samp)] under stddev_samp; prior registration was null
2025-03-26T11:31:56.968-04:00 DEBUG 26656 --- [BonafideGenerator] [           main] o.h.q.sqm.function.SqmFunctionRegistry   : Registered SqmFunctionTemplate [NamedSqmFunctionTemplate(var_pop)] under var_pop; prior registration was null
2025-03-26T11:31:56.968-04:00 DEBUG 26656 --- [BonafideGenerator] [           main] o.h.q.sqm.function.SqmFunctionRegistry   : Registered SqmFunctionTemplate [NamedSqmFunctionTemplate(var_samp)] under var_samp; prior registration was null
2025-03-26T11:31:56.968-04:00 DEBUG 26656 --- [BonafideGenerator] [           main] o.h.q.sqm.function.SqmFunctionRegistry   : Registered SqmFunctionTemplate [org.hibernate.dialect.function.FormatFunction@2d3eb1ea] under format; prior registration was org.hibernate.dialect.function.FormatFunction@11ee671f
2025-03-26T11:31:56.968-04:00 DEBUG 26656 --- [BonafideGenerator] [           main] o.h.q.sqm.function.SqmFunctionRegistry   : Registered SqmFunctionTemplate [NamedSqmFunctionTemplate(rownum)] under rownum; prior registration was null
2025-03-26T11:31:56.968-04:00 DEBUG 26656 --- [BonafideGenerator] [           main] o.h.q.sqm.function.SqmFunctionRegistry   : Registered SqmFunctionTemplate [NamedSqmFunctionTemplate(row_number)] under row_number; prior registration was null
2025-03-26T11:31:56.968-04:00 DEBUG 26656 --- [BonafideGenerator] [           main] o.h.q.sqm.function.SqmFunctionRegistry   : Registered SqmFunctionTemplate [NamedSqmFunctionTemplate(lag)] under lag; prior registration was null
2025-03-26T11:31:56.968-04:00 DEBUG 26656 --- [BonafideGenerator] [           main] o.h.q.sqm.function.SqmFunctionRegistry   : Registered SqmFunctionTemplate [NamedSqmFunctionTemplate(lead)] under lead; prior registration was null
2025-03-26T11:31:56.968-04:00 DEBUG 26656 --- [BonafideGenerator] [           main] o.h.q.sqm.function.SqmFunctionRegistry   : Registered SqmFunctionTemplate [NamedSqmFunctionTemplate(first_value)] under first_value; prior registration was null
2025-03-26T11:31:56.968-04:00 DEBUG 26656 --- [BonafideGenerator] [           main] o.h.q.sqm.function.SqmFunctionRegistry   : Registered SqmFunctionTemplate [NamedSqmFunctionTemplate(last_value)] under last_value; prior registration was null
2025-03-26T11:31:56.968-04:00 DEBUG 26656 --- [BonafideGenerator] [           main] o.h.q.sqm.function.SqmFunctionRegistry   : Registered SqmFunctionTemplate [NamedSqmFunctionTemplate(nth_value)] under nth_value; prior registration was null
2025-03-26T11:31:56.968-04:00 DEBUG 26656 --- [BonafideGenerator] [           main] o.h.q.sqm.function.SqmFunctionRegistry   : Registered SqmFunctionTemplate [org.hibernate.dialect.function.ListaggFunction@87fc0fc] under listagg; prior registration was null
2025-03-26T11:31:56.968-04:00 DEBUG 26656 --- [BonafideGenerator] [           main] o.h.q.sqm.function.SqmFunctionRegistry   : Registered SqmFunctionTemplate [org.hibernate.dialect.function.InverseDistributionFunction@7112fa5] under mode; prior registration was null
2025-03-26T11:31:56.969-04:00 DEBUG 26656 --- [BonafideGenerator] [           main] o.h.q.sqm.function.SqmFunctionRegistry   : Registered SqmFunctionTemplate [org.hibernate.dialect.function.InverseDistributionFunction@342dc040] under percentile_cont; prior registration was null
2025-03-26T11:31:56.969-04:00 DEBUG 26656 --- [BonafideGenerator] [           main] o.h.q.sqm.function.SqmFunctionRegistry   : Registered SqmFunctionTemplate [org.hibernate.dialect.function.InverseDistributionFunction@3a8ead9] under percentile_disc; prior registration was null
2025-03-26T11:31:56.969-04:00 DEBUG 26656 --- [BonafideGenerator] [           main] o.h.q.sqm.function.SqmFunctionRegistry   : Registered SqmFunctionTemplate [org.hibernate.dialect.function.HypotheticalSetFunction@3831f4c2] under rank; prior registration was null
2025-03-26T11:31:56.969-04:00 DEBUG 26656 --- [BonafideGenerator] [           main] o.h.q.sqm.function.SqmFunctionRegistry   : Registered SqmFunctionTemplate [org.hibernate.dialect.function.HypotheticalSetFunction@75f2ff80] under dense_rank; prior registration was null
2025-03-26T11:31:56.969-04:00 DEBUG 26656 --- [BonafideGenerator] [           main] o.h.q.sqm.function.SqmFunctionRegistry   : Registered SqmFunctionTemplate [org.hibernate.dialect.function.HypotheticalSetFunction@253b1cbd] under percent_rank; prior registration was null
2025-03-26T11:31:56.969-04:00 DEBUG 26656 --- [BonafideGenerator] [           main] o.h.q.sqm.function.SqmFunctionRegistry   : Registered SqmFunctionTemplate [org.hibernate.dialect.function.HypotheticalSetFunction@a859c5] under cume_dist; prior registration was null
2025-03-26T11:31:56.969-04:00 DEBUG 26656 --- [BonafideGenerator] [           main] o.h.q.sqm.function.SqmFunctionRegistry   : Registered SqmFunctionTemplate [org.hibernate.dialect.function.array.ArrayConstructorFunction@1a85e86e] under array; prior registration was null
2025-03-26T11:31:56.969-04:00 DEBUG 26656 --- [BonafideGenerator] [           main] o.h.q.sqm.function.SqmFunctionRegistry   : Registered SqmFunctionTemplate [org.hibernate.dialect.function.array.ArrayConstructorFunction@320fc4b0] under array_list; prior registration was null
2025-03-26T11:31:56.969-04:00 DEBUG 26656 --- [BonafideGenerator] [           main] o.h.q.sqm.function.SqmFunctionRegistry   : Registered SqmFunctionTemplate [org.hibernate.dialect.function.array.ArrayAggFunction@5cd6719d] under array_agg; prior registration was null
2025-03-26T11:31:56.970-04:00 DEBUG 26656 --- [BonafideGenerator] [           main] o.h.q.sqm.function.SqmFunctionRegistry   : Registered SqmFunctionTemplate [org.hibernate.dialect.function.array.H2ArrayPositionFunction@446a5aa5] under array_position; prior registration was null
2025-03-26T11:31:56.972-04:00 DEBUG 26656 --- [BonafideGenerator] [           main] o.h.q.sqm.function.SqmFunctionRegistry   : Registered SqmFunctionTemplate [org.hibernate.dialect.function.array.H2ArrayPositionsFunction@56dde9f7] under array_positions; prior registration was null
2025-03-26T11:31:56.972-04:00 DEBUG 26656 --- [BonafideGenerator] [           main] o.h.q.sqm.function.SqmFunctionRegistry   : Registered SqmFunctionTemplate [org.hibernate.dialect.function.array.H2ArrayPositionsFunction@516037be] under array_positions_list; prior registration was null
2025-03-26T11:31:56.972-04:00 DEBUG 26656 --- [BonafideGenerator] [           main] o.h.q.sqm.function.SqmFunctionRegistry   : Registered SqmFunctionTemplate [org.hibernate.query.sqm.function.PatternBasedSqmFunctionDescriptor@383e6734] under array_length; prior registration was null
2025-03-26T11:31:56.973-04:00 DEBUG 26656 --- [BonafideGenerator] [           main] o.h.q.sqm.function.SqmFunctionRegistry   : Registered SqmFunctionTemplate [org.hibernate.dialect.function.DynamicDispatchFunction@20a4cba7] under length; prior registration was null
2025-03-26T11:31:56.973-04:00 DEBUG 26656 --- [BonafideGenerator] [           main] o.h.q.sqm.function.SqmFunctionRegistry   : Registered SqmFunctionTemplate [org.hibernate.dialect.function.array.ArrayConcatFunction@9de1b85] under array_concat; prior registration was null
2025-03-26T11:31:56.973-04:00 DEBUG 26656 --- [BonafideGenerator] [           main] o.h.q.sqm.function.SqmFunctionRegistry   : Registered SqmFunctionTemplate [org.hibernate.dialect.function.array.ArrayConcatElementFunction@19d9ba89] under array_prepend; prior registration was null
2025-03-26T11:31:56.973-04:00 DEBUG 26656 --- [BonafideGenerator] [           main] o.h.q.sqm.function.SqmFunctionRegistry   : Registered SqmFunctionTemplate [org.hibernate.dialect.function.array.ArrayConcatElementFunction@484876a1] under array_append; prior registration was null
2025-03-26T11:31:56.973-04:00 DEBUG 26656 --- [BonafideGenerator] [           main] o.h.q.sqm.function.SqmFunctionRegistry   : Registered SqmFunctionTemplate [org.hibernate.dialect.function.array.H2ArrayContainsFunction@3d3b4e09] under array_contains; prior registration was null
2025-03-26T11:31:56.974-04:00 DEBUG 26656 --- [BonafideGenerator] [           main] o.h.q.sqm.function.SqmFunctionRegistry   : Registered SqmFunctionTemplate [org.hibernate.dialect.function.array.H2ArrayContainsFunction@5dc9d25a] under array_contains_nullable; prior registration was null
2025-03-26T11:31:56.974-04:00 DEBUG 26656 --- [BonafideGenerator] [           main] o.h.q.sqm.function.SqmFunctionRegistry   : Registered SqmFunctionTemplate [org.hibernate.dialect.function.array.H2ArrayIncludesFunction@1669f4e5] under array_includes; prior registration was null
2025-03-26T11:31:56.974-04:00 DEBUG 26656 --- [BonafideGenerator] [           main] o.h.q.sqm.function.SqmFunctionRegistry   : Registered SqmFunctionTemplate [org.hibernate.dialect.function.array.H2ArrayIncludesFunction@6e6c8854] under array_includes_nullable; prior registration was null
2025-03-26T11:31:56.974-04:00 DEBUG 26656 --- [BonafideGenerator] [           main] o.h.q.sqm.function.SqmFunctionRegistry   : Registered SqmFunctionTemplate [org.hibernate.dialect.function.array.H2ArrayIntersectsFunction@575c23f1] under array_intersects; prior registration was null
2025-03-26T11:31:56.974-04:00 DEBUG 26656 --- [BonafideGenerator] [           main] o.h.q.sqm.function.SqmFunctionRegistry   : Registered SqmFunctionTemplate [org.hibernate.dialect.function.array.H2ArrayIntersectsFunction@62f7d7bd] under array_intersects_nullable; prior registration was null
2025-03-26T11:31:56.974-04:00 DEBUG 26656 --- [BonafideGenerator] [           main] o.h.q.sqm.function.SqmFunctionRegistry   : Registering alternate key : array_overlaps -> array_intersects
2025-03-26T11:31:56.974-04:00 DEBUG 26656 --- [BonafideGenerator] [           main] o.h.q.sqm.function.SqmFunctionRegistry   : Registering alternate key : array_overlaps_nullable -> array_intersects_nullable
2025-03-26T11:31:56.974-04:00 DEBUG 26656 --- [BonafideGenerator] [           main] o.h.q.sqm.function.SqmFunctionRegistry   : Registered SqmFunctionTemplate [org.hibernate.query.sqm.function.PatternBasedSqmFunctionDescriptor@363fe35a] under array_get; prior registration was null
2025-03-26T11:31:56.974-04:00 DEBUG 26656 --- [BonafideGenerator] [           main] o.h.q.sqm.function.SqmFunctionRegistry   : Registered SqmFunctionTemplate [org.hibernate.dialect.function.array.H2ArraySetFunction@40fee459] under array_set; prior registration was null
2025-03-26T11:31:56.975-04:00 DEBUG 26656 --- [BonafideGenerator] [           main] o.h.q.sqm.function.SqmFunctionRegistry   : Registered SqmFunctionTemplate [org.hibernate.dialect.function.array.H2ArrayRemoveFunction@5e2718b3] under array_remove; prior registration was null
2025-03-26T11:31:56.975-04:00 DEBUG 26656 --- [BonafideGenerator] [           main] o.h.q.sqm.function.SqmFunctionRegistry   : Registered SqmFunctionTemplate [org.hibernate.dialect.function.array.H2ArrayRemoveIndexFunction@6c225adb] under array_remove_index; prior registration was null
2025-03-26T11:31:56.975-04:00 DEBUG 26656 --- [BonafideGenerator] [           main] o.h.q.sqm.function.SqmFunctionRegistry   : Registered SqmFunctionTemplate [org.hibernate.query.sqm.function.PatternBasedSqmFunctionDescriptor@69cc49ec] under array_slice; prior registration was null
2025-03-26T11:31:56.975-04:00 DEBUG 26656 --- [BonafideGenerator] [           main] o.h.q.sqm.function.SqmFunctionRegistry   : Registered SqmFunctionTemplate [org.hibernate.dialect.function.array.H2ArrayReplaceFunction@52f7fa65] under array_replace; prior registration was null
2025-03-26T11:31:56.975-04:00 DEBUG 26656 --- [BonafideGenerator] [           main] o.h.q.sqm.function.SqmFunctionRegistry   : Registered SqmFunctionTemplate [org.hibernate.query.sqm.function.PatternBasedSqmFunctionDescriptor@62c6db99] under array_trim; prior registration was null
2025-03-26T11:31:56.975-04:00 DEBUG 26656 --- [BonafideGenerator] [           main] o.h.q.sqm.function.SqmFunctionRegistry   : Registered SqmFunctionTemplate [org.hibernate.dialect.function.array.H2ArrayFillFunction@716e6fa5] under array_fill; prior registration was null
2025-03-26T11:31:56.975-04:00 DEBUG 26656 --- [BonafideGenerator] [           main] o.h.q.sqm.function.SqmFunctionRegistry   : Registered SqmFunctionTemplate [org.hibernate.dialect.function.array.H2ArrayFillFunction@91a1005] under array_fill_list; prior registration was null
2025-03-26T11:31:56.975-04:00 DEBUG 26656 --- [BonafideGenerator] [           main] o.h.q.sqm.function.SqmFunctionRegistry   : Registered SqmFunctionTemplate [org.hibernate.dialect.function.array.H2ArrayToStringFunction@2fcffc05] under array_to_string; prior registration was null
2025-03-26T11:31:56.976-04:00 DEBUG 26656 --- [BonafideGenerator] [           main] org.hibernate.HQL_FUNCTIONS              : abs(NUMERIC arg)
2025-03-26T11:31:56.976-04:00 DEBUG 26656 --- [BonafideGenerator] [           main] org.hibernate.HQL_FUNCTIONS              : Double acos(NUMERIC arg)
2025-03-26T11:31:56.977-04:00 DEBUG 26656 --- [BonafideGenerator] [           main] org.hibernate.HQL_FUNCTIONS              : Boolean any(BOOLEAN predicate)
2025-03-26T11:31:56.977-04:00 DEBUG 26656 --- [BonafideGenerator] [           main] org.hibernate.HQL_FUNCTIONS              : array( ... )
2025-03-26T11:31:56.977-04:00 DEBUG 26656 --- [BonafideGenerator] [           main] org.hibernate.HQL_FUNCTIONS              : array_agg(arg)
2025-03-26T11:31:56.977-04:00 DEBUG 26656 --- [BonafideGenerator] [           main] org.hibernate.HQL_FUNCTIONS              : array_append( ... )
2025-03-26T11:31:56.977-04:00 DEBUG 26656 --- [BonafideGenerator] [           main] org.hibernate.HQL_FUNCTIONS              : array_concat( ... )
2025-03-26T11:31:56.977-04:00 DEBUG 26656 --- [BonafideGenerator] [           main] org.hibernate.HQL_FUNCTIONS              : Boolean array_contains(ARRAY haystackArray, OBJECT needleElementOrArray)
2025-03-26T11:31:56.977-04:00 DEBUG 26656 --- [BonafideGenerator] [           main] org.hibernate.HQL_FUNCTIONS              : Boolean array_contains_nullable(ARRAY haystackArray, OBJECT needleElementOrArray)
2025-03-26T11:31:56.977-04:00 DEBUG 26656 --- [BonafideGenerator] [           main] org.hibernate.HQL_FUNCTIONS              : array_fill(OBJECT element, INTEGER elementCount)
2025-03-26T11:31:56.977-04:00 DEBUG 26656 --- [BonafideGenerator] [           main] org.hibernate.HQL_FUNCTIONS              : array_fill_list(OBJECT element, INTEGER elementCount)
2025-03-26T11:31:56.977-04:00 DEBUG 26656 --- [BonafideGenerator] [           main] org.hibernate.HQL_FUNCTIONS              : array_get(ARRAY array, INTEGER index)
2025-03-26T11:31:56.977-04:00 DEBUG 26656 --- [BonafideGenerator] [           main] org.hibernate.HQL_FUNCTIONS              : Boolean array_includes(ARRAY haystackArray, OBJECT needleArray)
2025-03-26T11:31:56.977-04:00 DEBUG 26656 --- [BonafideGenerator] [           main] org.hibernate.HQL_FUNCTIONS              : Boolean array_includes_nullable(ARRAY haystackArray, OBJECT needleArray)
2025-03-26T11:31:56.977-04:00 DEBUG 26656 --- [BonafideGenerator] [           main] org.hibernate.HQL_FUNCTIONS              : Boolean array_intersects(ARRAY array0, OBJECT array1)
2025-03-26T11:31:56.977-04:00 DEBUG 26656 --- [BonafideGenerator] [           main] org.hibernate.HQL_FUNCTIONS              : Boolean array_intersects_nullable(ARRAY array0, OBJECT array1)
2025-03-26T11:31:56.977-04:00 DEBUG 26656 --- [BonafideGenerator] [           main] org.hibernate.HQL_FUNCTIONS              : Integer array_length(ARRAY array)
2025-03-26T11:31:56.977-04:00 DEBUG 26656 --- [BonafideGenerator] [           main] org.hibernate.HQL_FUNCTIONS              : array_list( ... )
2025-03-26T11:31:56.977-04:00 DEBUG 26656 --- [BonafideGenerator] [           main] org.hibernate.HQL_FUNCTIONS              : Boolean array_overlaps(ARRAY array0, OBJECT array1)
2025-03-26T11:31:56.977-04:00 DEBUG 26656 --- [BonafideGenerator] [           main] org.hibernate.HQL_FUNCTIONS              : Boolean array_overlaps_nullable(ARRAY array0, OBJECT array1)
2025-03-26T11:31:56.977-04:00 DEBUG 26656 --- [BonafideGenerator] [           main] org.hibernate.HQL_FUNCTIONS              : Integer array_position(ARRAY array, OBJECT element[, INTEGER startPosition])
2025-03-26T11:31:56.977-04:00 DEBUG 26656 --- [BonafideGenerator] [           main] org.hibernate.HQL_FUNCTIONS              : int[] array_positions(ARRAY array, OBJECT element)
2025-03-26T11:31:56.977-04:00 DEBUG 26656 --- [BonafideGenerator] [           main] org.hibernate.HQL_FUNCTIONS              : List array_positions_list(ARRAY array, OBJECT element)
2025-03-26T11:31:56.977-04:00 DEBUG 26656 --- [BonafideGenerator] [           main] org.hibernate.HQL_FUNCTIONS              : array_prepend( ... )
2025-03-26T11:31:56.977-04:00 DEBUG 26656 --- [BonafideGenerator] [           main] org.hibernate.HQL_FUNCTIONS              : array_remove( ... )
2025-03-26T11:31:56.977-04:00 DEBUG 26656 --- [BonafideGenerator] [           main] org.hibernate.HQL_FUNCTIONS              : array_remove_index( ... )
2025-03-26T11:31:56.977-04:00 DEBUG 26656 --- [BonafideGenerator] [           main] org.hibernate.HQL_FUNCTIONS              : array_replace( ... )
2025-03-26T11:31:56.977-04:00 DEBUG 26656 --- [BonafideGenerator] [           main] org.hibernate.HQL_FUNCTIONS              : array_set( ... )
2025-03-26T11:31:56.977-04:00 DEBUG 26656 --- [BonafideGenerator] [           main] org.hibernate.HQL_FUNCTIONS              : array_slice(ARRAY array, INTEGER start, INTEGER end)
2025-03-26T11:31:56.977-04:00 DEBUG 26656 --- [BonafideGenerator] [           main] org.hibernate.HQL_FUNCTIONS              : String array_to_string( ... )
2025-03-26T11:31:56.977-04:00 DEBUG 26656 --- [BonafideGenerator] [           main] org.hibernate.HQL_FUNCTIONS              : array_trim(ARRAY array, INTEGER elementsToRemove)
2025-03-26T11:31:56.977-04:00 DEBUG 26656 --- [BonafideGenerator] [           main] org.hibernate.HQL_FUNCTIONS              : Integer ascii(STRING arg)
2025-03-26T11:31:56.977-04:00 DEBUG 26656 --- [BonafideGenerator] [           main] org.hibernate.HQL_FUNCTIONS              : Double asin(NUMERIC arg)
2025-03-26T11:31:56.977-04:00 DEBUG 26656 --- [BonafideGenerator] [           main] org.hibernate.HQL_FUNCTIONS              : Double atan(NUMERIC arg)
2025-03-26T11:31:56.977-04:00 DEBUG 26656 --- [BonafideGenerator] [           main] org.hibernate.HQL_FUNCTIONS              : Double atan2(NUMERIC arg0, NUMERIC arg1)
2025-03-26T11:31:56.977-04:00 DEBUG 26656 --- [BonafideGenerator] [           main] org.hibernate.HQL_FUNCTIONS              : avg(NUMERIC arg)
2025-03-26T11:31:56.977-04:00 DEBUG 26656 --- [BonafideGenerator] [           main] org.hibernate.HQL_FUNCTIONS              : bit_and(arg)
2025-03-26T11:31:56.977-04:00 DEBUG 26656 --- [BonafideGenerator] [           main] org.hibernate.HQL_FUNCTIONS              : Integer bit_length(STRING_OR_CLOB arg)
2025-03-26T11:31:56.977-04:00 DEBUG 26656 --- [BonafideGenerator] [           main] org.hibernate.HQL_FUNCTIONS              : bit_or(arg)
2025-03-26T11:31:56.977-04:00 DEBUG 26656 --- [BonafideGenerator] [           main] org.hibernate.HQL_FUNCTIONS              : bitand(arg0, arg1)
2025-03-26T11:31:56.977-04:00 DEBUG 26656 --- [BonafideGenerator] [           main] org.hibernate.HQL_FUNCTIONS              : bitnot(arg)
2025-03-26T11:31:56.977-04:00 DEBUG 26656 --- [BonafideGenerator] [           main] org.hibernate.HQL_FUNCTIONS              : bitor(arg0, arg1)
2025-03-26T11:31:56.977-04:00 DEBUG 26656 --- [BonafideGenerator] [           main] org.hibernate.HQL_FUNCTIONS              : bitxor(arg0, arg1)
2025-03-26T11:31:56.977-04:00 DEBUG 26656 --- [BonafideGenerator] [           main] org.hibernate.HQL_FUNCTIONS              : Boolean bool_and(BOOLEAN predicate)
2025-03-26T11:31:56.977-04:00 DEBUG 26656 --- [BonafideGenerator] [           main] org.hibernate.HQL_FUNCTIONS              : Boolean bool_or(BOOLEAN predicate)
2025-03-26T11:31:56.977-04:00 DEBUG 26656 --- [BonafideGenerator] [           main] org.hibernate.HQL_FUNCTIONS              : cast(arg as Type)
2025-03-26T11:31:56.977-04:00 DEBUG 26656 --- [BonafideGenerator] [           main] org.hibernate.HQL_FUNCTIONS              : ceiling(NUMERIC arg)
2025-03-26T11:31:56.977-04:00 DEBUG 26656 --- [BonafideGenerator] [           main] org.hibernate.HQL_FUNCTIONS              : Character char(INTEGER arg)
2025-03-26T11:31:56.977-04:00 DEBUG 26656 --- [BonafideGenerator] [           main] org.hibernate.HQL_FUNCTIONS              : Integer character_length(STRING_OR_CLOB arg)
2025-03-26T11:31:56.977-04:00 DEBUG 26656 --- [BonafideGenerator] [           main] org.hibernate.HQL_FUNCTIONS              : Character chr(INTEGER arg)
2025-03-26T11:31:56.977-04:00 DEBUG 26656 --- [BonafideGenerator] [           main] org.hibernate.HQL_FUNCTIONS              : coalesce(arg0[, arg1[, ...]])
2025-03-26T11:31:56.977-04:00 DEBUG 26656 --- [BonafideGenerator] [           main] org.hibernate.HQL_FUNCTIONS              : String collate(STRING string as COLLATION collation)
2025-03-26T11:31:56.977-04:00 DEBUG 26656 --- [BonafideGenerator] [           main] org.hibernate.HQL_FUNCTIONS              : String concat(STRING string0[, STRING string1[, ...]])
2025-03-26T11:31:56.977-04:00 DEBUG 26656 --- [BonafideGenerator] [           main] org.hibernate.HQL_FUNCTIONS              : Double cos(NUMERIC arg)
2025-03-26T11:31:56.977-04:00 DEBUG 26656 --- [BonafideGenerator] [           main] org.hibernate.HQL_FUNCTIONS              : Double cosh(NUMERIC arg)
2025-03-26T11:31:56.977-04:00 DEBUG 26656 --- [BonafideGenerator] [           main] org.hibernate.HQL_FUNCTIONS              : Double cot(NUMERIC arg)
2025-03-26T11:31:56.978-04:00 DEBUG 26656 --- [BonafideGenerator] [           main] org.hibernate.HQL_FUNCTIONS              : Long count([distinct ]{arg|*})
2025-03-26T11:31:56.978-04:00 DEBUG 26656 --- [BonafideGenerator] [           main] org.hibernate.HQL_FUNCTIONS              : Double cume_dist([arg0[, ...]])
2025-03-26T11:31:56.978-04:00 DEBUG 26656 --- [BonafideGenerator] [           main] org.hibernate.HQL_FUNCTIONS              : Date curdate()
2025-03-26T11:31:56.978-04:00 DEBUG 26656 --- [BonafideGenerator] [           main] org.hibernate.HQL_FUNCTIONS              : Date current date
2025-03-26T11:31:56.978-04:00 DEBUG 26656 --- [BonafideGenerator] [           main] org.hibernate.HQL_FUNCTIONS              : Time current time
2025-03-26T11:31:56.978-04:00 DEBUG 26656 --- [BonafideGenerator] [           main] org.hibernate.HQL_FUNCTIONS              : Timestamp current timestamp
2025-03-26T11:31:56.978-04:00 DEBUG 26656 --- [BonafideGenerator] [           main] org.hibernate.HQL_FUNCTIONS              : Date current_date
2025-03-26T11:31:56.978-04:00 DEBUG 26656 --- [BonafideGenerator] [           main] org.hibernate.HQL_FUNCTIONS              : Instant current_instant
2025-03-26T11:31:56.978-04:00 DEBUG 26656 --- [BonafideGenerator] [           main] org.hibernate.HQL_FUNCTIONS              : Time current_time
2025-03-26T11:31:56.978-04:00 DEBUG 26656 --- [BonafideGenerator] [           main] org.hibernate.HQL_FUNCTIONS              : Timestamp current_timestamp
2025-03-26T11:31:56.978-04:00 DEBUG 26656 --- [BonafideGenerator] [           main] org.hibernate.HQL_FUNCTIONS              : Time curtime()
2025-03-26T11:31:56.978-04:00 DEBUG 26656 --- [BonafideGenerator] [           main] org.hibernate.HQL_FUNCTIONS              : date_trunc(STRING field, TEMPORAL datetime)
2025-03-26T11:31:56.978-04:00 DEBUG 26656 --- [BonafideGenerator] [           main] org.hibernate.HQL_FUNCTIONS              : dateadd(TEMPORAL_UNIT field, INTEGER magnitude, TEMPORAL datetime)
2025-03-26T11:31:56.978-04:00 DEBUG 26656 --- [BonafideGenerator] [           main] org.hibernate.HQL_FUNCTIONS              : Long|Double datediff(TEMPORAL_UNIT field, TEMPORAL start, TEMPORAL end)
2025-03-26T11:31:56.978-04:00 DEBUG 26656 --- [BonafideGenerator] [           main] org.hibernate.HQL_FUNCTIONS              : Integer day(DATE arg)
2025-03-26T11:31:56.978-04:00 DEBUG 26656 --- [BonafideGenerator] [           main] org.hibernate.HQL_FUNCTIONS              : Integer day_of_month(DATE arg)
2025-03-26T11:31:56.978-04:00 DEBUG 26656 --- [BonafideGenerator] [           main] org.hibernate.HQL_FUNCTIONS              : Integer day_of_week(DATE arg)
2025-03-26T11:31:56.978-04:00 DEBUG 26656 --- [BonafideGenerator] [           main] org.hibernate.HQL_FUNCTIONS              : Integer day_of_year(DATE arg)
2025-03-26T11:31:56.978-04:00 DEBUG 26656 --- [BonafideGenerator] [           main] org.hibernate.HQL_FUNCTIONS              : String dayname(DATE arg)
2025-03-26T11:31:56.978-04:00 DEBUG 26656 --- [BonafideGenerator] [           main] org.hibernate.HQL_FUNCTIONS              : Double degrees(NUMERIC arg)
2025-03-26T11:31:56.978-04:00 DEBUG 26656 --- [BonafideGenerator] [           main] org.hibernate.HQL_FUNCTIONS              : Long dense_rank([arg0[, ...]])
2025-03-26T11:31:56.978-04:00 DEBUG 26656 --- [BonafideGenerator] [           main] org.hibernate.HQL_FUNCTIONS              : Boolean every(BOOLEAN predicate)
2025-03-26T11:31:56.978-04:00 DEBUG 26656 --- [BonafideGenerator] [           main] org.hibernate.HQL_FUNCTIONS              : Double exp(NUMERIC arg)
2025-03-26T11:31:56.978-04:00 DEBUG 26656 --- [BonafideGenerator] [           main] org.hibernate.HQL_FUNCTIONS              : extract(TEMPORAL_UNIT field from TEMPORAL arg)
2025-03-26T11:31:56.978-04:00 DEBUG 26656 --- [BonafideGenerator] [           main] org.hibernate.HQL_FUNCTIONS              : first_valueANY value
2025-03-26T11:31:56.978-04:00 DEBUG 26656 --- [BonafideGenerator] [           main] org.hibernate.HQL_FUNCTIONS              : floor(NUMERIC arg)
2025-03-26T11:31:56.978-04:00 DEBUG 26656 --- [BonafideGenerator] [           main] org.hibernate.HQL_FUNCTIONS              : String format(TEMPORAL datetime as STRING pattern)
2025-03-26T11:31:56.978-04:00 DEBUG 26656 --- [BonafideGenerator] [           main] org.hibernate.HQL_FUNCTIONS              : greatest(COMPARABLE arg0, COMPARABLE arg1[, arg2[, ...]])
2025-03-26T11:31:56.978-04:00 DEBUG 26656 --- [BonafideGenerator] [           main] org.hibernate.HQL_FUNCTIONS              : Integer hour(TIME arg)
2025-03-26T11:31:56.978-04:00 DEBUG 26656 --- [BonafideGenerator] [           main] org.hibernate.HQL_FUNCTIONS              : ifnull(arg0, arg1)
2025-03-26T11:31:56.978-04:00 DEBUG 26656 --- [BonafideGenerator] [           main] org.hibernate.HQL_FUNCTIONS              : String insert(STRING string, INTEGER start, INTEGER length, STRING replacement)
2025-03-26T11:31:56.978-04:00 DEBUG 26656 --- [BonafideGenerator] [           main] org.hibernate.HQL_FUNCTIONS              : Instant instant
2025-03-26T11:31:56.978-04:00 DEBUG 26656 --- [BonafideGenerator] [           main] org.hibernate.HQL_FUNCTIONS              : Integer instr(STRING string, STRING pattern[, INTEGER start[, INTEGER occurrence]])
2025-03-26T11:31:56.978-04:00 DEBUG 26656 --- [BonafideGenerator] [           main] org.hibernate.HQL_FUNCTIONS              : lagANY value[, INTEGER offset[, ANY default]]
2025-03-26T11:31:56.978-04:00 DEBUG 26656 --- [BonafideGenerator] [           main] org.hibernate.HQL_FUNCTIONS              : last_valueANY value
2025-03-26T11:31:56.978-04:00 DEBUG 26656 --- [BonafideGenerator] [           main] org.hibernate.HQL_FUNCTIONS              : leadANY value[, INTEGER offset[, ANY default]]
2025-03-26T11:31:56.978-04:00 DEBUG 26656 --- [BonafideGenerator] [           main] org.hibernate.HQL_FUNCTIONS              : least(COMPARABLE arg0, COMPARABLE arg1[, arg2[, ...]])
2025-03-26T11:31:56.978-04:00 DEBUG 26656 --- [BonafideGenerator] [           main] org.hibernate.HQL_FUNCTIONS              : String left(STRING string, INTEGER length)
2025-03-26T11:31:56.978-04:00 DEBUG 26656 --- [BonafideGenerator] [           main] org.hibernate.HQL_FUNCTIONS              : length
2025-03-26T11:31:56.978-04:00 DEBUG 26656 --- [BonafideGenerator] [           main] org.hibernate.HQL_FUNCTIONS              : String listagg(STRING arg0, STRING arg1)
2025-03-26T11:31:56.978-04:00 DEBUG 26656 --- [BonafideGenerator] [           main] org.hibernate.HQL_FUNCTIONS              : Double ln(NUMERIC arg)
2025-03-26T11:31:56.978-04:00 DEBUG 26656 --- [BonafideGenerator] [           main] org.hibernate.HQL_FUNCTIONS              : LocalDate local date
2025-03-26T11:31:56.978-04:00 DEBUG 26656 --- [BonafideGenerator] [           main] org.hibernate.HQL_FUNCTIONS              : LocalDateTime local datetime
2025-03-26T11:31:56.978-04:00 DEBUG 26656 --- [BonafideGenerator] [           main] org.hibernate.HQL_FUNCTIONS              : LocalTime local time
2025-03-26T11:31:56.978-04:00 DEBUG 26656 --- [BonafideGenerator] [           main] org.hibernate.HQL_FUNCTIONS              : LocalDate local_date
2025-03-26T11:31:56.978-04:00 DEBUG 26656 --- [BonafideGenerator] [           main] org.hibernate.HQL_FUNCTIONS              : LocalDateTime local_datetime
2025-03-26T11:31:56.978-04:00 DEBUG 26656 --- [BonafideGenerator] [           main] org.hibernate.HQL_FUNCTIONS              : LocalTime local_time
2025-03-26T11:31:56.978-04:00 DEBUG 26656 --- [BonafideGenerator] [           main] org.hibernate.HQL_FUNCTIONS              : Time localtime
2025-03-26T11:31:56.978-04:00 DEBUG 26656 --- [BonafideGenerator] [           main] org.hibernate.HQL_FUNCTIONS              : Timestamp localtimestamp
2025-03-26T11:31:56.978-04:00 DEBUG 26656 --- [BonafideGenerator] [           main] org.hibernate.HQL_FUNCTIONS              : Integer locate(STRING pattern, STRING string[, INTEGER start])
2025-03-26T11:31:56.978-04:00 DEBUG 26656 --- [BonafideGenerator] [           main] org.hibernate.HQL_FUNCTIONS              : Double log(NUMERIC base, NUMERIC arg)
2025-03-26T11:31:56.978-04:00 DEBUG 26656 --- [BonafideGenerator] [           main] org.hibernate.HQL_FUNCTIONS              : Double log10(NUMERIC arg)
2025-03-26T11:31:56.978-04:00 DEBUG 26656 --- [BonafideGenerator] [           main] org.hibernate.HQL_FUNCTIONS              : String lower(STRING string)
2025-03-26T11:31:56.978-04:00 DEBUG 26656 --- [BonafideGenerator] [           main] org.hibernate.HQL_FUNCTIONS              : String lpad(STRING string, INTEGER length[, STRING padding])
2025-03-26T11:31:56.978-04:00 DEBUG 26656 --- [BonafideGenerator] [           main] org.hibernate.HQL_FUNCTIONS              : String ltrim(STRING string)
2025-03-26T11:31:56.978-04:00 DEBUG 26656 --- [BonafideGenerator] [           main] org.hibernate.HQL_FUNCTIONS              : max(COMPARABLE arg)
2025-03-26T11:31:56.978-04:00 DEBUG 26656 --- [BonafideGenerator] [           main] org.hibernate.HQL_FUNCTIONS              : Double median(NUMERIC arg)
2025-03-26T11:31:56.978-04:00 DEBUG 26656 --- [BonafideGenerator] [           main] org.hibernate.HQL_FUNCTIONS              : Integer microsecond(TIME arg)
2025-03-26T11:31:56.978-04:00 DEBUG 26656 --- [BonafideGenerator] [           main] org.hibernate.HQL_FUNCTIONS              : min(COMPARABLE arg)
2025-03-26T11:31:56.978-04:00 DEBUG 26656 --- [BonafideGenerator] [           main] org.hibernate.HQL_FUNCTIONS              : Integer minute(TIME arg)
2025-03-26T11:31:56.979-04:00 DEBUG 26656 --- [BonafideGenerator] [           main] org.hibernate.HQL_FUNCTIONS              : Integer mod(INTEGER arg0, INTEGER arg1)
2025-03-26T11:31:56.979-04:00 DEBUG 26656 --- [BonafideGenerator] [           main] org.hibernate.HQL_FUNCTIONS              : mode()
2025-03-26T11:31:56.979-04:00 DEBUG 26656 --- [BonafideGenerator] [           main] org.hibernate.HQL_FUNCTIONS              : Integer month(DATE arg)
2025-03-26T11:31:56.979-04:00 DEBUG 26656 --- [BonafideGenerator] [           main] org.hibernate.HQL_FUNCTIONS              : String monthname(DATE arg)
2025-03-26T11:31:56.979-04:00 DEBUG 26656 --- [BonafideGenerator] [           main] org.hibernate.HQL_FUNCTIONS              : Timestamp now()
2025-03-26T11:31:56.979-04:00 DEBUG 26656 --- [BonafideGenerator] [           main] org.hibernate.HQL_FUNCTIONS              : nth_valueANY value, INTEGER nth
2025-03-26T11:31:56.979-04:00 DEBUG 26656 --- [BonafideGenerator] [           main] org.hibernate.HQL_FUNCTIONS              : nullif(arg0, arg1)
2025-03-26T11:31:56.979-04:00 DEBUG 26656 --- [BonafideGenerator] [           main] org.hibernate.HQL_FUNCTIONS              : Integer octet_length(STRING_OR_CLOB arg)
2025-03-26T11:31:56.979-04:00 DEBUG 26656 --- [BonafideGenerator] [           main] org.hibernate.HQL_FUNCTIONS              : OffsetDateTime offset datetime
2025-03-26T11:31:56.979-04:00 DEBUG 26656 --- [BonafideGenerator] [           main] org.hibernate.HQL_FUNCTIONS              : OffsetDateTime offset_datetime
2025-03-26T11:31:56.979-04:00 DEBUG 26656 --- [BonafideGenerator] [           main] org.hibernate.HQL_FUNCTIONS              : String overlay(STRING string placing STRING replacement from INTEGER start[ for INTEGER length])
2025-03-26T11:31:56.979-04:00 DEBUG 26656 --- [BonafideGenerator] [           main] org.hibernate.HQL_FUNCTIONS              : String pad(STRING string with INTEGER length {leading|trailing}[ STRING character])
2025-03-26T11:31:56.979-04:00 DEBUG 26656 --- [BonafideGenerator] [           main] org.hibernate.HQL_FUNCTIONS              : Double percent_rank([arg0[, ...]])
2025-03-26T11:31:56.979-04:00 DEBUG 26656 --- [BonafideGenerator] [           main] org.hibernate.HQL_FUNCTIONS              : percentile_cont(NUMERIC arg)
2025-03-26T11:31:56.979-04:00 DEBUG 26656 --- [BonafideGenerator] [           main] org.hibernate.HQL_FUNCTIONS              : percentile_disc(NUMERIC arg)
2025-03-26T11:31:56.979-04:00 DEBUG 26656 --- [BonafideGenerator] [           main] org.hibernate.HQL_FUNCTIONS              : Double pi
2025-03-26T11:31:56.979-04:00 DEBUG 26656 --- [BonafideGenerator] [           main] org.hibernate.HQL_FUNCTIONS              : Integer position(STRING pattern in STRING string)
2025-03-26T11:31:56.979-04:00 DEBUG 26656 --- [BonafideGenerator] [           main] org.hibernate.HQL_FUNCTIONS              : Double power(NUMERIC arg0, NUMERIC arg1)
2025-03-26T11:31:56.979-04:00 DEBUG 26656 --- [BonafideGenerator] [           main] org.hibernate.HQL_FUNCTIONS              : Integer quarter(DATE arg)
2025-03-26T11:31:56.979-04:00 DEBUG 26656 --- [BonafideGenerator] [           main] org.hibernate.HQL_FUNCTIONS              : Double radians(NUMERIC arg)
2025-03-26T11:31:56.979-04:00 DEBUG 26656 --- [BonafideGenerator] [           main] org.hibernate.HQL_FUNCTIONS              : Double rand([INTEGER seed])
2025-03-26T11:31:56.979-04:00 DEBUG 26656 --- [BonafideGenerator] [           main] org.hibernate.HQL_FUNCTIONS              : Long rank([arg0[, ...]])
2025-03-26T11:31:56.979-04:00 DEBUG 26656 --- [BonafideGenerator] [           main] org.hibernate.HQL_FUNCTIONS              : String repeat(STRING string, INTEGER times)
2025-03-26T11:31:56.979-04:00 DEBUG 26656 --- [BonafideGenerator] [           main] org.hibernate.HQL_FUNCTIONS              : String replace(STRING string, STRING pattern, STRING replacement)
2025-03-26T11:31:56.979-04:00 DEBUG 26656 --- [BonafideGenerator] [           main] org.hibernate.HQL_FUNCTIONS              : String right(STRING string, INTEGER length)
2025-03-26T11:31:56.979-04:00 DEBUG 26656 --- [BonafideGenerator] [           main] org.hibernate.HQL_FUNCTIONS              : round(NUMERIC number[, INTEGER places])
2025-03-26T11:31:56.979-04:00 DEBUG 26656 --- [BonafideGenerator] [           main] org.hibernate.HQL_FUNCTIONS              : Long row_number()
2025-03-26T11:31:56.979-04:00 DEBUG 26656 --- [BonafideGenerator] [           main] org.hibernate.HQL_FUNCTIONS              : Long rownum()
2025-03-26T11:31:56.979-04:00 DEBUG 26656 --- [BonafideGenerator] [           main] org.hibernate.HQL_FUNCTIONS              : String rpad(STRING string, INTEGER length[, STRING padding])
2025-03-26T11:31:56.979-04:00 DEBUG 26656 --- [BonafideGenerator] [           main] org.hibernate.HQL_FUNCTIONS              : String rtrim(STRING string)
2025-03-26T11:31:56.979-04:00 DEBUG 26656 --- [BonafideGenerator] [           main] org.hibernate.HQL_FUNCTIONS              : Integer second(TIME arg)
2025-03-26T11:31:56.979-04:00 DEBUG 26656 --- [BonafideGenerator] [           main] org.hibernate.HQL_FUNCTIONS              : Integer sign(NUMERIC arg)
2025-03-26T11:31:56.979-04:00 DEBUG 26656 --- [BonafideGenerator] [           main] org.hibernate.HQL_FUNCTIONS              : Double sin(NUMERIC arg)
2025-03-26T11:31:56.979-04:00 DEBUG 26656 --- [BonafideGenerator] [           main] org.hibernate.HQL_FUNCTIONS              : Double sinh(NUMERIC arg)
2025-03-26T11:31:56.979-04:00 DEBUG 26656 --- [BonafideGenerator] [           main] org.hibernate.HQL_FUNCTIONS              : String soundex(arg)
2025-03-26T11:31:56.979-04:00 DEBUG 26656 --- [BonafideGenerator] [           main] org.hibernate.HQL_FUNCTIONS              : String space(INTEGER arg)
2025-03-26T11:31:56.979-04:00 DEBUG 26656 --- [BonafideGenerator] [           main] org.hibernate.HQL_FUNCTIONS              : Object sql
2025-03-26T11:31:56.979-04:00 DEBUG 26656 --- [BonafideGenerator] [           main] org.hibernate.HQL_FUNCTIONS              : Double sqrt(NUMERIC arg)
2025-03-26T11:31:56.979-04:00 DEBUG 26656 --- [BonafideGenerator] [           main] org.hibernate.HQL_FUNCTIONS              : Double stddev_pop(NUMERIC arg)
2025-03-26T11:31:56.979-04:00 DEBUG 26656 --- [BonafideGenerator] [           main] org.hibernate.HQL_FUNCTIONS              : Double stddev_samp(NUMERIC arg)
2025-03-26T11:31:56.979-04:00 DEBUG 26656 --- [BonafideGenerator] [           main] org.hibernate.HQL_FUNCTIONS              : String str(arg)
2025-03-26T11:31:56.979-04:00 DEBUG 26656 --- [BonafideGenerator] [           main] org.hibernate.HQL_FUNCTIONS              : String substr(STRING string, INTEGER start[, INTEGER length])
2025-03-26T11:31:56.979-04:00 DEBUG 26656 --- [BonafideGenerator] [           main] org.hibernate.HQL_FUNCTIONS              : String substring(STRING string{ from|,} INTEGER start[{ for|,} INTEGER length])
2025-03-26T11:31:56.979-04:00 DEBUG 26656 --- [BonafideGenerator] [           main] org.hibernate.HQL_FUNCTIONS              : sum(arg)
2025-03-26T11:31:56.979-04:00 DEBUG 26656 --- [BonafideGenerator] [           main] org.hibernate.HQL_FUNCTIONS              : Timestamp sysdate
2025-03-26T11:31:56.979-04:00 DEBUG 26656 --- [BonafideGenerator] [           main] org.hibernate.HQL_FUNCTIONS              : Double tan(NUMERIC arg)
2025-03-26T11:31:56.979-04:00 DEBUG 26656 --- [BonafideGenerator] [           main] org.hibernate.HQL_FUNCTIONS              : Double tanh(NUMERIC arg)
2025-03-26T11:31:56.979-04:00 DEBUG 26656 --- [BonafideGenerator] [           main] org.hibernate.HQL_FUNCTIONS              : timestampadd(TEMPORAL_UNIT field, INTEGER magnitude, TEMPORAL datetime)
2025-03-26T11:31:56.979-04:00 DEBUG 26656 --- [BonafideGenerator] [           main] org.hibernate.HQL_FUNCTIONS              : Long|Double timestampdiff(TEMPORAL_UNIT field, TEMPORAL start, TEMPORAL end)
2025-03-26T11:31:56.979-04:00 DEBUG 26656 --- [BonafideGenerator] [           main] org.hibernate.HQL_FUNCTIONS              : String translate(STRING arg0, STRING arg1, STRING arg2)
2025-03-26T11:31:56.979-04:00 DEBUG 26656 --- [BonafideGenerator] [           main] org.hibernate.HQL_FUNCTIONS              : String trim([[{leading|trailing|both} ][STRING arg0 ]from] STRING arg1)
2025-03-26T11:31:56.979-04:00 DEBUG 26656 --- [BonafideGenerator] [           main] org.hibernate.HQL_FUNCTIONS              : trunc( ... )
2025-03-26T11:31:56.979-04:00 DEBUG 26656 --- [BonafideGenerator] [           main] org.hibernate.HQL_FUNCTIONS              : truncate( ... )
2025-03-26T11:31:56.979-04:00 DEBUG 26656 --- [BonafideGenerator] [           main] org.hibernate.HQL_FUNCTIONS              : String upper(STRING string)
2025-03-26T11:31:56.979-04:00 DEBUG 26656 --- [BonafideGenerator] [           main] org.hibernate.HQL_FUNCTIONS              : Double var_pop(NUMERIC arg)
2025-03-26T11:31:56.979-04:00 DEBUG 26656 --- [BonafideGenerator] [           main] org.hibernate.HQL_FUNCTIONS              : Double var_samp(NUMERIC arg)
2025-03-26T11:31:56.979-04:00 DEBUG 26656 --- [BonafideGenerator] [           main] org.hibernate.HQL_FUNCTIONS              : Integer week(DATE arg)
2025-03-26T11:31:56.979-04:00 DEBUG 26656 --- [BonafideGenerator] [           main] org.hibernate.HQL_FUNCTIONS              : Integer year(DATE arg)
2025-03-26T11:31:56.981-04:00 DEBUG 26656 --- [BonafideGenerator] [           main] org.hibernate.orm.query.plan.cache       : Starting QueryInterpretationCache(2048)
2025-03-26T11:31:57.019-04:00 DEBUG 26656 --- [BonafideGenerator] [           main] .h.s.i.SessionFactoryServiceRegistryImpl : EventListenerRegistry access via ServiceRegistry is deprecated.  Use `sessionFactory.getEventEngine().getListenerRegistry()` instead
2025-03-26T11:31:57.020-04:00 DEBUG 26656 --- [BonafideGenerator] [           main] h.e.i.EntityCopyObserverFactoryInitiator : Configured EntityCopyObserver strategy: disallow
2025-03-26T11:31:57.058-04:00 DEBUG 26656 --- [BonafideGenerator] [           main] o.h.boot.internal.ClassLoaderAccessImpl  : Not known whether passed class name [com.newveela.bonafidegenerator.model.Student] is safe
2025-03-26T11:31:57.058-04:00 DEBUG 26656 --- [BonafideGenerator] [           main] o.h.boot.internal.ClassLoaderAccessImpl  : No temp ClassLoader provided; using live ClassLoader for loading potentially unsafe class : com.newveela.bonafidegenerator.model.Student
2025-03-26T11:31:57.127-04:00 DEBUG 26656 --- [BonafideGenerator] [           main] o.h.b.i.bytebuddy.BytecodeProviderImpl   : HHH000513: Unable to create the ReflectionOptimizer for [com.newveela.bonafidegenerator.model.Student]: private accessor [courseName]
2025-03-26T11:31:57.145-04:00 DEBUG 26656 --- [BonafideGenerator] [           main] o.hibernate.orm.model.mapping.creation   : Starting post-init callbacks
2025-03-26T11:31:57.146-04:00 DEBUG 26656 --- [BonafideGenerator] [           main] o.hibernate.orm.model.mapping.creation   : Starting PostInitCallbackEntry : Entity(com.newveela.bonafidegenerator.model.Student) `staticFetchableList` generator
2025-03-26T11:31:57.181-04:00 DEBUG 26656 --- [BonafideGenerator] [           main] org.hibernate.orm.sql.ast.create         : Created new SQL alias : s1_0
2025-03-26T11:31:57.182-04:00 DEBUG 26656 --- [BonafideGenerator] [           main] org.hibernate.orm.sql.ast.create         : Registration of TableGroup [StandardTableGroup(com.newveela.bonafidegenerator.model.Student)] with identifierForTableGroup [com.newveela.bonafidegenerator.model.Student] for NavigablePath [com.newveela.bonafidegenerator.model.Student] 
2025-03-26T11:31:57.187-04:00 DEBUG 26656 --- [BonafideGenerator] [           main] org.hibernate.orm.results.graph.AST      : DomainResult Graph:
 \-EntityResultImpl [com.newveela.bonafidegenerator.model.Student]
 |  +-BasicFetch [com.newveela.bonafidegenerator.model.Student.courseName]
 |  +-BasicFetch [com.newveela.bonafidegenerator.model.Student.currentYear]
 |  +-BasicFetch [com.newveela.bonafidegenerator.model.Student.department]
 |  +-BasicFetch [com.newveela.bonafidegenerator.model.Student.institutionName]
 |  +-BasicFetch [com.newveela.bonafidegenerator.model.Student.issueDate]
 |  +-BasicFetch [com.newveela.bonafidegenerator.model.Student.studentId]
 |  \-BasicFetch [com.newveela.bonafidegenerator.model.Student.studentName]

2025-03-26T11:31:57.188-04:00 DEBUG 26656 --- [BonafideGenerator] [           main] org.hibernate.orm.sql.ast.tree           : SQL AST Tree:
    SelectStatement {
      FromClause {
        StandardTableGroup (s1 : com.newveela.bonafidegenerator.model.Student) {
          primaryTableReference : student as s1_0
        }
      }
    }

2025-03-26T11:31:57.191-04:00 DEBUG 26656 --- [BonafideGenerator] [           main] o.h.p.entity.AbstractEntityPersister     : Static SQL for entity: com.newveela.bonafidegenerator.model.Student
2025-03-26T11:31:57.191-04:00 DEBUG 26656 --- [BonafideGenerator] [           main] o.h.p.entity.AbstractEntityPersister     :  Version select: select id from student where id=?
2025-03-26T11:31:57.191-04:00 DEBUG 26656 --- [BonafideGenerator] [           main] o.h.p.entity.AbstractEntityPersister     :  Insert (0): insert into student (course_name,current_year,department,institution_name,issue_date,student_id,student_name,id) values (?,?,?,?,?,?,?,default)
2025-03-26T11:31:57.191-04:00 DEBUG 26656 --- [BonafideGenerator] [           main] o.h.p.entity.AbstractEntityPersister     :  Update (0): update student set course_name=?,current_year=?,department=?,institution_name=?,issue_date=?,student_id=?,student_name=? where id=?
2025-03-26T11:31:57.191-04:00 DEBUG 26656 --- [BonafideGenerator] [           main] o.h.p.entity.AbstractEntityPersister     :  Delete (0): delete from student where id=?
2025-03-26T11:31:57.201-04:00  INFO 26656 --- [BonafideGenerator] [           main] o.h.e.t.j.p.i.JtaPlatformInitiator       : HHH000489: No JTA platform available (set 'hibernate.transaction.jta.platform' to enable JTA platform integration)
2025-03-26T11:31:57.201-04:00 DEBUG 26656 --- [BonafideGenerator] [           main] o.h.type.spi.TypeConfiguration$Scope     : Scoping TypeConfiguration [org.hibernate.type.spi.TypeConfiguration@1e194966] to SessionFactoryImplementor [org.hibernate.internal.SessionFactoryImpl@384b3fe7]
2025-03-26T11:31:57.202-04:00 DEBUG 26656 --- [BonafideGenerator] [           main] o.h.query.named.NamedObjectRepository    : Checking 0 named HQL queries
2025-03-26T11:31:57.202-04:00 DEBUG 26656 --- [BonafideGenerator] [           main] o.h.query.named.NamedObjectRepository    : Checking 0 named SQL queries
2025-03-26T11:31:57.223-04:00 DEBUG 26656 --- [BonafideGenerator] [           main] org.hibernate.SQL                        : 
    create table student (
        id bigint generated by default as identity,
        course_name varchar(255),
        current_year integer not null,
        department varchar(255),
        institution_name varchar(255),
        issue_date date,
        student_id varchar(255),
        student_name varchar(255),
        primary key (id)
    )
Hibernate: 
    create table student (
        id bigint generated by default as identity,
        course_name varchar(255),
        current_year integer not null,
        department varchar(255),
        institution_name varchar(255),
        issue_date date,
        student_id varchar(255),
        student_name varchar(255),
        primary key (id)
    )
2025-03-26T11:31:57.227-04:00 DEBUG 26656 --- [BonafideGenerator] [           main] o.h.internal.SessionFactoryRegistry      : Initializing SessionFactoryRegistry : org.hibernate.internal.SessionFactoryRegistry@1ac71b87
2025-03-26T11:31:57.227-04:00 DEBUG 26656 --- [BonafideGenerator] [           main] o.h.internal.SessionFactoryRegistry      : Registering SessionFactory: d58bb32d-2bbb-444a-8046-a64a905d57e7 (<unnamed>)
2025-03-26T11:31:57.227-04:00 DEBUG 26656 --- [BonafideGenerator] [           main] o.h.internal.SessionFactoryRegistry      : Not binding SessionFactory to JNDI, no JNDI name configured
2025-03-26T11:31:57.227-04:00 DEBUG 26656 --- [BonafideGenerator] [           main] o.hibernate.internal.SessionFactoryImpl  : Instantiated SessionFactory
2025-03-26T11:31:57.227-04:00  INFO 26656 --- [BonafideGenerator] [           main] j.LocalContainerEntityManagerFactoryBean : Initialized JPA EntityManagerFactory for persistence unit 'default'
2025-03-26T11:31:57.272-04:00 DEBUG 26656 --- [BonafideGenerator] [           main] .c.JpaMetamodelMappingContextFactoryBean : Initializing JpaMetamodelMappingContext…
2025-03-26T11:31:57.278-04:00 DEBUG 26656 --- [BonafideGenerator] [           main] .c.JpaMetamodelMappingContextFactoryBean : Finished initializing JpaMetamodelMappingContext
2025-03-26T11:31:57.315-04:00 DEBUG 26656 --- [BonafideGenerator] [           main] o.h.stat.internal.StatisticsInitiator    : Statistics initialized [enabled=false]
2025-03-26T11:31:57.358-04:00 DEBUG 26656 --- [BonafideGenerator] [           main] cResourceLocalTransactionCoordinatorImpl : JDBC transaction marked for rollback-only (exception provided for stack trace)

java.lang.Exception: exception just for purpose of providing stack trace
	at org.hibernate.resource.transaction.backend.jdbc.internal.JdbcResourceLocalTransactionCoordinatorImpl$TransactionDriverControlImpl.markRollbackOnly(JdbcResourceLocalTransactionCoordinatorImpl.java:309) ~[hibernate-core-6.6.11.Final.jar:6.6.11.Final]
	at org.hibernate.internal.AbstractSharedSessionContract.buildNamedQuery(AbstractSharedSessionContract.java:1141) ~[hibernate-core-6.6.11.Final.jar:6.6.11.Final]
	at org.hibernate.internal.AbstractSharedSessionContract.createNamedQuery(AbstractSharedSessionContract.java:1019) ~[hibernate-core-6.6.11.Final.jar:6.6.11.Final]
	at org.hibernate.internal.AbstractSharedSessionContract.createNamedQuery(AbstractSharedSessionContract.java:143) ~[hibernate-core-6.6.11.Final.jar:6.6.11.Final]
	at java.base/jdk.internal.reflect.DirectMethodHandleAccessor.invoke(DirectMethodHandleAccessor.java:103) ~[na:na]
	at java.base/java.lang.reflect.Method.invoke(Method.java:580) ~[na:na]
	at org.springframework.orm.jpa.ExtendedEntityManagerCreator$ExtendedEntityManagerInvocationHandler.invoke(ExtendedEntityManagerCreator.java:364) ~[spring-orm-6.2.5.jar:6.2.5]
	at jdk.proxy2/jdk.proxy2.$Proxy130.createNamedQuery(Unknown Source) ~[na:na]
	at org.springframework.data.jpa.repository.query.NamedQuery.hasNamedQuery(NamedQuery.java:114) ~[spring-data-jpa-3.4.4.jar:3.4.4]
	at org.springframework.data.jpa.repository.query.JpaQueryLookupStrategy$DeclaredQueryLookupStrategy.getCountQuery(JpaQueryLookupStrategy.java:208) ~[spring-data-jpa-3.4.4.jar:3.4.4]
	at org.springframework.data.jpa.repository.query.JpaQueryLookupStrategy$DeclaredQueryLookupStrategy.resolveQuery(JpaQueryLookupStrategy.java:175) ~[spring-data-jpa-3.4.4.jar:3.4.4]
	at org.springframework.data.jpa.repository.query.JpaQueryLookupStrategy$CreateIfNotFoundQueryLookupStrategy.resolveQuery(JpaQueryLookupStrategy.java:256) ~[spring-data-jpa-3.4.4.jar:3.4.4]
	at org.springframework.data.jpa.repository.query.JpaQueryLookupStrategy$AbstractQueryLookupStrategy.resolveQuery(JpaQueryLookupStrategy.java:99) ~[spring-data-jpa-3.4.4.jar:3.4.4]
	at org.springframework.data.repository.core.support.QueryExecutorMethodInterceptor.lookupQuery(QueryExecutorMethodInterceptor.java:116) ~[spring-data-commons-3.4.4.jar:3.4.4]
	at org.springframework.data.repository.core.support.QueryExecutorMethodInterceptor.mapMethodsToQuery(QueryExecutorMethodInterceptor.java:104) ~[spring-data-commons-3.4.4.jar:3.4.4]
	at org.springframework.data.repository.core.support.QueryExecutorMethodInterceptor.lambda$new$0(QueryExecutorMethodInterceptor.java:92) ~[spring-data-commons-3.4.4.jar:3.4.4]
	at java.base/java.util.Optional.map(Optional.java:260) ~[na:na]
	at org.springframework.data.repository.core.support.QueryExecutorMethodInterceptor.<init>(QueryExecutorMethodInterceptor.java:92) ~[spring-data-commons-3.4.4.jar:3.4.4]
	at org.springframework.data.repository.core.support.RepositoryFactorySupport.getRepository(RepositoryFactorySupport.java:431) ~[spring-data-commons-3.4.4.jar:3.4.4]
	at org.springframework.data.repository.core.support.RepositoryFactoryBeanSupport.lambda$afterPropertiesSet$4(RepositoryFactoryBeanSupport.java:350) ~[spring-data-commons-3.4.4.jar:3.4.4]
	at org.springframework.data.util.Lazy.getNullable(Lazy.java:135) ~[spring-data-commons-3.4.4.jar:3.4.4]
	at org.springframework.data.util.Lazy.get(Lazy.java:113) ~[spring-data-commons-3.4.4.jar:3.4.4]
	at org.springframework.data.repository.core.support.RepositoryFactoryBeanSupport.afterPropertiesSet(RepositoryFactoryBeanSupport.java:356) ~[spring-data-commons-3.4.4.jar:3.4.4]
	at org.springframework.data.jpa.repository.support.JpaRepositoryFactoryBean.afterPropertiesSet(JpaRepositoryFactoryBean.java:132) ~[spring-data-jpa-3.4.4.jar:3.4.4]
	at org.springframework.beans.factory.support.AbstractAutowireCapableBeanFactory.invokeInitMethods(AbstractAutowireCapableBeanFactory.java:1859) ~[spring-beans-6.2.5.jar:6.2.5]
	at org.springframework.beans.factory.support.AbstractAutowireCapableBeanFactory.initializeBean(AbstractAutowireCapableBeanFactory.java:1808) ~[spring-beans-6.2.5.jar:6.2.5]
	at org.springframework.beans.factory.support.AbstractAutowireCapableBeanFactory.doCreateBean(AbstractAutowireCapableBeanFactory.java:601) ~[spring-beans-6.2.5.jar:6.2.5]
	at org.springframework.beans.factory.support.AbstractAutowireCapableBeanFactory.createBean(AbstractAutowireCapableBeanFactory.java:523) ~[spring-beans-6.2.5.jar:6.2.5]
	at org.springframework.beans.factory.support.AbstractBeanFactory.lambda$doGetBean$0(AbstractBeanFactory.java:339) ~[spring-beans-6.2.5.jar:6.2.5]
	at org.springframework.beans.factory.support.DefaultSingletonBeanRegistry.getSingleton(DefaultSingletonBeanRegistry.java:347) ~[spring-beans-6.2.5.jar:6.2.5]
	at org.springframework.beans.factory.support.AbstractBeanFactory.doGetBean(AbstractBeanFactory.java:337) ~[spring-beans-6.2.5.jar:6.2.5]
	at org.springframework.beans.factory.support.AbstractBeanFactory.getBean(AbstractBeanFactory.java:202) ~[spring-beans-6.2.5.jar:6.2.5]
	at org.springframework.beans.factory.support.DefaultListableBeanFactory.doResolveDependency(DefaultListableBeanFactory.java:1609) ~[spring-beans-6.2.5.jar:6.2.5]
	at org.springframework.beans.factory.support.DefaultListableBeanFactory.resolveDependency(DefaultListableBeanFactory.java:1555) ~[spring-beans-6.2.5.jar:6.2.5]
	at org.springframework.beans.factory.annotation.AutowiredAnnotationBeanPostProcessor$AutowiredFieldElement.resolveFieldValue(AutowiredAnnotationBeanPostProcessor.java:785) ~[spring-beans-6.2.5.jar:6.2.5]
	at org.springframework.beans.factory.annotation.AutowiredAnnotationBeanPostProcessor$AutowiredFieldElement.inject(AutowiredAnnotationBeanPostProcessor.java:768) ~[spring-beans-6.2.5.jar:6.2.5]
	at org.springframework.beans.factory.annotation.InjectionMetadata.inject(InjectionMetadata.java:146) ~[spring-beans-6.2.5.jar:6.2.5]
	at org.springframework.beans.factory.annotation.AutowiredAnnotationBeanPostProcessor.postProcessProperties(AutowiredAnnotationBeanPostProcessor.java:509) ~[spring-beans-6.2.5.jar:6.2.5]
	at org.springframework.beans.factory.support.AbstractAutowireCapableBeanFactory.populateBean(AbstractAutowireCapableBeanFactory.java:1445) ~[spring-beans-6.2.5.jar:6.2.5]
	at org.springframework.beans.factory.support.AbstractAutowireCapableBeanFactory.doCreateBean(AbstractAutowireCapableBeanFactory.java:600) ~[spring-beans-6.2.5.jar:6.2.5]
	at org.springframework.beans.factory.support.AbstractAutowireCapableBeanFactory.createBean(AbstractAutowireCapableBeanFactory.java:523) ~[spring-beans-6.2.5.jar:6.2.5]
	at org.springframework.beans.factory.support.AbstractBeanFactory.lambda$doGetBean$0(AbstractBeanFactory.java:339) ~[spring-beans-6.2.5.jar:6.2.5]
	at org.springframework.beans.factory.support.DefaultSingletonBeanRegistry.getSingleton(DefaultSingletonBeanRegistry.java:347) ~[spring-beans-6.2.5.jar:6.2.5]
	at org.springframework.beans.factory.support.AbstractBeanFactory.doGetBean(AbstractBeanFactory.java:337) ~[spring-beans-6.2.5.jar:6.2.5]
	at org.springframework.beans.factory.support.AbstractBeanFactory.getBean(AbstractBeanFactory.java:202) ~[spring-beans-6.2.5.jar:6.2.5]
	at org.springframework.beans.factory.config.DependencyDescriptor.resolveCandidate(DependencyDescriptor.java:254) ~[spring-beans-6.2.5.jar:6.2.5]
	at org.springframework.beans.factory.support.DefaultListableBeanFactory.doResolveDependency(DefaultListableBeanFactory.java:1667) ~[spring-beans-6.2.5.jar:6.2.5]
	at org.springframework.beans.factory.support.DefaultListableBeanFactory.resolveDependency(DefaultListableBeanFactory.java:1555) ~[spring-beans-6.2.5.jar:6.2.5]
	at org.springframework.beans.factory.support.ConstructorResolver.resolveAutowiredArgument(ConstructorResolver.java:913) ~[spring-beans-6.2.5.jar:6.2.5]
	at org.springframework.beans.factory.support.ConstructorResolver.createArgumentArray(ConstructorResolver.java:791) ~[spring-beans-6.2.5.jar:6.2.5]
	at org.springframework.beans.factory.support.ConstructorResolver.autowireConstructor(ConstructorResolver.java:240) ~[spring-beans-6.2.5.jar:6.2.5]
	at org.springframework.beans.factory.support.AbstractAutowireCapableBeanFactory.autowireConstructor(AbstractAutowireCapableBeanFactory.java:1381) ~[spring-beans-6.2.5.jar:6.2.5]
	at org.springframework.beans.factory.support.AbstractAutowireCapableBeanFactory.createBeanInstance(AbstractAutowireCapableBeanFactory.java:1218) ~[spring-beans-6.2.5.jar:6.2.5]
	at org.springframework.beans.factory.support.AbstractAutowireCapableBeanFactory.doCreateBean(AbstractAutowireCapableBeanFactory.java:563) ~[spring-beans-6.2.5.jar:6.2.5]
	at org.springframework.beans.factory.support.AbstractAutowireCapableBeanFactory.createBean(AbstractAutowireCapableBeanFactory.java:523) ~[spring-beans-6.2.5.jar:6.2.5]
	at org.springframework.beans.factory.support.AbstractBeanFactory.lambda$doGetBean$0(AbstractBeanFactory.java:339) ~[spring-beans-6.2.5.jar:6.2.5]
	at org.springframework.beans.factory.support.DefaultSingletonBeanRegistry.getSingleton(DefaultSingletonBeanRegistry.java:347) ~[spring-beans-6.2.5.jar:6.2.5]
	at org.springframework.beans.factory.support.AbstractBeanFactory.doGetBean(AbstractBeanFactory.java:337) ~[spring-beans-6.2.5.jar:6.2.5]
	at org.springframework.beans.factory.support.AbstractBeanFactory.getBean(AbstractBeanFactory.java:202) ~[spring-beans-6.2.5.jar:6.2.5]
	at org.springframework.beans.factory.support.DefaultListableBeanFactory.instantiateSingleton(DefaultListableBeanFactory.java:1155) ~[spring-beans-6.2.5.jar:6.2.5]
	at org.springframework.beans.factory.support.DefaultListableBeanFactory.preInstantiateSingleton(DefaultListableBeanFactory.java:1121) ~[spring-beans-6.2.5.jar:6.2.5]
	at org.springframework.beans.factory.support.DefaultListableBeanFactory.preInstantiateSingletons(DefaultListableBeanFactory.java:1056) ~[spring-beans-6.2.5.jar:6.2.5]
	at org.springframework.context.support.AbstractApplicationContext.finishBeanFactoryInitialization(AbstractApplicationContext.java:987) ~[spring-context-6.2.5.jar:6.2.5]
	at org.springframework.context.support.AbstractApplicationContext.refresh(AbstractApplicationContext.java:627) ~[spring-context-6.2.5.jar:6.2.5]
	at org.springframework.boot.SpringApplication.refresh(SpringApplication.java:752) ~[spring-boot-3.4.4.jar:3.4.4]
	at org.springframework.boot.SpringApplication.refreshContext(SpringApplication.java:439) ~[spring-boot-3.4.4.jar:3.4.4]
	at org.springframework.boot.SpringApplication.run(SpringApplication.java:318) ~[spring-boot-3.4.4.jar:3.4.4]
	at org.springframework.boot.test.context.SpringBootContextLoader.lambda$loadContext$3(SpringBootContextLoader.java:144) ~[spring-boot-test-3.4.4.jar:3.4.4]
	at org.springframework.util.function.ThrowingSupplier.get(ThrowingSupplier.java:58) ~[spring-core-6.2.5.jar:6.2.5]
	at org.springframework.util.function.ThrowingSupplier.get(ThrowingSupplier.java:46) ~[spring-core-6.2.5.jar:6.2.5]
	at org.springframework.boot.SpringApplication.withHook(SpringApplication.java:1461) ~[spring-boot-3.4.4.jar:3.4.4]
	at org.springframework.boot.test.context.SpringBootContextLoader$ContextLoaderHook.run(SpringBootContextLoader.java:563) ~[spring-boot-test-3.4.4.jar:3.4.4]
	at org.springframework.boot.test.context.SpringBootContextLoader.loadContext(SpringBootContextLoader.java:144) ~[spring-boot-test-3.4.4.jar:3.4.4]
	at org.springframework.boot.test.context.SpringBootContextLoader.loadContext(SpringBootContextLoader.java:110) ~[spring-boot-test-3.4.4.jar:3.4.4]
	at org.springframework.test.context.cache.DefaultCacheAwareContextLoaderDelegate.loadContextInternal(DefaultCacheAwareContextLoaderDelegate.java:225) ~[spring-test-6.2.5.jar:6.2.5]
	at org.springframework.test.context.cache.DefaultCacheAwareContextLoaderDelegate.loadContext(DefaultCacheAwareContextLoaderDelegate.java:152) ~[spring-test-6.2.5.jar:6.2.5]
	at org.springframework.test.context.support.DefaultTestContext.getApplicationContext(DefaultTestContext.java:130) ~[spring-test-6.2.5.jar:6.2.5]
	at org.springframework.test.context.web.ServletTestExecutionListener.setUpRequestContextIfNecessary(ServletTestExecutionListener.java:200) ~[spring-test-6.2.5.jar:6.2.5]
	at org.springframework.test.context.web.ServletTestExecutionListener.prepareTestInstance(ServletTestExecutionListener.java:139) ~[spring-test-6.2.5.jar:6.2.5]
	at org.springframework.test.context.TestContextManager.prepareTestInstance(TestContextManager.java:260) ~[spring-test-6.2.5.jar:6.2.5]
	at org.springframework.test.context.junit.jupiter.SpringExtension.postProcessTestInstance(SpringExtension.java:160) ~[spring-test-6.2.5.jar:6.2.5]
	at org.junit.jupiter.engine.descriptor.ClassBasedTestDescriptor.lambda$invokeTestInstancePostProcessors$11(ClassBasedTestDescriptor.java:378) ~[junit-jupiter-engine-5.11.4.jar:5.11.4]
	at org.junit.jupiter.engine.descriptor.ClassBasedTestDescriptor.executeAndMaskThrowable(ClassBasedTestDescriptor.java:383) ~[junit-jupiter-engine-5.11.4.jar:5.11.4]
	at org.junit.jupiter.engine.descriptor.ClassBasedTestDescriptor.lambda$invokeTestInstancePostProcessors$12(ClassBasedTestDescriptor.java:378) ~[junit-jupiter-engine-5.11.4.jar:5.11.4]
	at java.base/java.util.stream.ForEachOps$ForEachOp$OfRef.accept(ForEachOps.java:184) ~[na:na]
	at java.base/java.util.stream.ReferencePipeline$3$1.accept(ReferencePipeline.java:215) ~[na:na]
	at java.base/java.util.stream.ReferencePipeline$2$1.accept(ReferencePipeline.java:197) ~[na:na]
	at java.base/java.util.stream.ReferencePipeline$3$1.accept(ReferencePipeline.java:215) ~[na:na]
	at java.base/java.util.ArrayList$ArrayListSpliterator.forEachRemaining(ArrayList.java:1709) ~[na:na]
	at java.base/java.util.stream.AbstractPipeline.copyInto(AbstractPipeline.java:570) ~[na:na]
	at java.base/java.util.stream.AbstractPipeline.wrapAndCopyInto(AbstractPipeline.java:560) ~[na:na]
	at java.base/java.util.stream.ForEachOps$ForEachOp.evaluateSequential(ForEachOps.java:151) ~[na:na]
	at java.base/java.util.stream.ForEachOps$ForEachOp$OfRef.evaluateSequential(ForEachOps.java:174) ~[na:na]
	at java.base/java.util.stream.AbstractPipeline.evaluate(AbstractPipeline.java:265) ~[na:na]
	at java.base/java.util.stream.ReferencePipeline.forEach(ReferencePipeline.java:636) ~[na:na]
	at org.junit.jupiter.engine.descriptor.ClassBasedTestDescriptor.invokeTestInstancePostProcessors(ClassBasedTestDescriptor.java:377) ~[junit-jupiter-engine-5.11.4.jar:5.11.4]
	at org.junit.jupiter.engine.descriptor.ClassBasedTestDescriptor.lambda$instantiateAndPostProcessTestInstance$7(ClassBasedTestDescriptor.java:290) ~[junit-jupiter-engine-5.11.4.jar:5.11.4]
	at org.junit.platform.engine.support.hierarchical.ThrowableCollector.execute(ThrowableCollector.java:73) ~[junit-platform-engine-1.11.4.jar:1.11.4]
	at org.junit.jupiter.engine.descriptor.ClassBasedTestDescriptor.instantiateAndPostProcessTestInstance(ClassBasedTestDescriptor.java:289) ~[junit-jupiter-engine-5.11.4.jar:5.11.4]
	at org.junit.jupiter.engine.descriptor.ClassBasedTestDescriptor.lambda$testInstancesProvider$5(ClassBasedTestDescriptor.java:279) ~[junit-jupiter-engine-5.11.4.jar:5.11.4]
	at java.base/java.util.Optional.orElseGet(Optional.java:364) ~[na:na]
	at org.junit.jupiter.engine.descriptor.ClassBasedTestDescriptor.lambda$testInstancesProvider$6(ClassBasedTestDescriptor.java:278) ~[junit-jupiter-engine-5.11.4.jar:5.11.4]
	at org.junit.jupiter.engine.execution.TestInstancesProvider.getTestInstances(TestInstancesProvider.java:31) ~[junit-jupiter-engine-5.11.4.jar:5.11.4]
	at org.junit.jupiter.engine.descriptor.TestMethodTestDescriptor.lambda$prepare$1(TestMethodTestDescriptor.java:105) ~[junit-jupiter-engine-5.11.4.jar:5.11.4]
	at org.junit.platform.engine.support.hierarchical.ThrowableCollector.execute(ThrowableCollector.java:73) ~[junit-platform-engine-1.11.4.jar:1.11.4]
	at org.junit.jupiter.engine.descriptor.TestMethodTestDescriptor.prepare(TestMethodTestDescriptor.java:104) ~[junit-jupiter-engine-5.11.4.jar:5.11.4]
	at org.junit.jupiter.engine.descriptor.TestMethodTestDescriptor.prepare(TestMethodTestDescriptor.java:68) ~[junit-jupiter-engine-5.11.4.jar:5.11.4]
	at org.junit.platform.engine.support.hierarchical.NodeTestTask.lambda$prepare$2(NodeTestTask.java:128) ~[junit-platform-engine-1.11.4.jar:1.11.4]
	at org.junit.platform.engine.support.hierarchical.ThrowableCollector.execute(ThrowableCollector.java:73) ~[junit-platform-engine-1.11.4.jar:1.11.4]
	at org.junit.platform.engine.support.hierarchical.NodeTestTask.prepare(NodeTestTask.java:128) ~[junit-platform-engine-1.11.4.jar:1.11.4]
	at org.junit.platform.engine.support.hierarchical.NodeTestTask.execute(NodeTestTask.java:95) ~[junit-platform-engine-1.11.4.jar:1.11.4]
	at java.base/java.util.ArrayList.forEach(ArrayList.java:1597) ~[na:na]
	at org.junit.platform.engine.support.hierarchical.SameThreadHierarchicalTestExecutorService.invokeAll(SameThreadHierarchicalTestExecutorService.java:41) ~[junit-platform-engine-1.11.4.jar:1.11.4]
	at org.junit.platform.engine.support.hierarchical.NodeTestTask.lambda$executeRecursively$6(NodeTestTask.java:160) ~[junit-platform-engine-1.11.4.jar:1.11.4]
	at org.junit.platform.engine.support.hierarchical.ThrowableCollector.execute(ThrowableCollector.java:73) ~[junit-platform-engine-1.11.4.jar:1.11.4]
	at org.junit.platform.engine.support.hierarchical.NodeTestTask.lambda$executeRecursively$8(NodeTestTask.java:146) ~[junit-platform-engine-1.11.4.jar:1.11.4]
	at org.junit.platform.engine.support.hierarchical.Node.around(Node.java:137) ~[junit-platform-engine-1.11.4.jar:1.11.4]
	at org.junit.platform.engine.support.hierarchical.NodeTestTask.lambda$executeRecursively$9(NodeTestTask.java:144) ~[junit-platform-engine-1.11.4.jar:1.11.4]
	at org.junit.platform.engine.support.hierarchical.ThrowableCollector.execute(ThrowableCollector.java:73) ~[junit-platform-engine-1.11.4.jar:1.11.4]
	at org.junit.platform.engine.support.hierarchical.NodeTestTask.executeRecursively(NodeTestTask.java:143) ~[junit-platform-engine-1.11.4.jar:1.11.4]
	at org.junit.platform.engine.support.hierarchical.NodeTestTask.execute(NodeTestTask.java:100) ~[junit-platform-engine-1.11.4.jar:1.11.4]
	at java.base/java.util.ArrayList.forEach(ArrayList.java:1597) ~[na:na]
	at org.junit.platform.engine.support.hierarchical.SameThreadHierarchicalTestExecutorService.invokeAll(SameThreadHierarchicalTestExecutorService.java:41) ~[junit-platform-engine-1.11.4.jar:1.11.4]
	at org.junit.platform.engine.support.hierarchical.NodeTestTask.lambda$executeRecursively$6(NodeTestTask.java:160) ~[junit-platform-engine-1.11.4.jar:1.11.4]
	at org.junit.platform.engine.support.hierarchical.ThrowableCollector.execute(ThrowableCollector.java:73) ~[junit-platform-engine-1.11.4.jar:1.11.4]
	at org.junit.platform.engine.support.hierarchical.NodeTestTask.lambda$executeRecursively$8(NodeTestTask.java:146) ~[junit-platform-engine-1.11.4.jar:1.11.4]
	at org.junit.platform.engine.support.hierarchical.Node.around(Node.java:137) ~[junit-platform-engine-1.11.4.jar:1.11.4]
	at org.junit.platform.engine.support.hierarchical.NodeTestTask.lambda$executeRecursively$9(NodeTestTask.java:144) ~[junit-platform-engine-1.11.4.jar:1.11.4]
	at org.junit.platform.engine.support.hierarchical.ThrowableCollector.execute(ThrowableCollector.java:73) ~[junit-platform-engine-1.11.4.jar:1.11.4]
	at org.junit.platform.engine.support.hierarchical.NodeTestTask.executeRecursively(NodeTestTask.java:143) ~[junit-platform-engine-1.11.4.jar:1.11.4]
	at org.junit.platform.engine.support.hierarchical.NodeTestTask.execute(NodeTestTask.java:100) ~[junit-platform-engine-1.11.4.jar:1.11.4]
	at org.junit.platform.engine.support.hierarchical.SameThreadHierarchicalTestExecutorService.submit(SameThreadHierarchicalTestExecutorService.java:35) ~[junit-platform-engine-1.11.4.jar:1.11.4]
	at org.junit.platform.engine.support.hierarchical.HierarchicalTestExecutor.execute(HierarchicalTestExecutor.java:57) ~[junit-platform-engine-1.11.4.jar:1.11.4]
	at org.junit.platform.engine.support.hierarchical.HierarchicalTestEngine.execute(HierarchicalTestEngine.java:54) ~[junit-platform-engine-1.11.4.jar:1.11.4]
	at org.junit.platform.launcher.core.EngineExecutionOrchestrator.execute(EngineExecutionOrchestrator.java:198) ~[junit-platform-launcher-1.11.4.jar:1.11.4]
	at org.junit.platform.launcher.core.EngineExecutionOrchestrator.execute(EngineExecutionOrchestrator.java:169) ~[junit-platform-launcher-1.11.4.jar:1.11.4]
	at org.junit.platform.launcher.core.EngineExecutionOrchestrator.execute(EngineExecutionOrchestrator.java:93) ~[junit-platform-launcher-1.11.4.jar:1.11.4]
	at org.junit.platform.launcher.core.EngineExecutionOrchestrator.lambda$execute$0(EngineExecutionOrchestrator.java:58) ~[junit-platform-launcher-1.11.4.jar:1.11.4]
	at org.junit.platform.launcher.core.EngineExecutionOrchestrator.withInterceptedStreams(EngineExecutionOrchestrator.java:141) ~[junit-platform-launcher-1.11.4.jar:1.11.4]
	at org.junit.platform.launcher.core.EngineExecutionOrchestrator.execute(EngineExecutionOrchestrator.java:57) ~[junit-platform-launcher-1.11.4.jar:1.11.4]
	at org.junit.platform.launcher.core.DefaultLauncher.execute(DefaultLauncher.java:103) ~[junit-platform-launcher-1.11.4.jar:1.11.4]
	at org.junit.platform.launcher.core.DefaultLauncher.execute(DefaultLauncher.java:85) ~[junit-platform-launcher-1.11.4.jar:1.11.4]
	at org.junit.platform.launcher.core.DelegatingLauncher.execute(DelegatingLauncher.java:47) ~[junit-platform-launcher-1.11.4.jar:1.11.4]
	at org.apache.maven.surefire.junitplatform.LazyLauncher.execute(LazyLauncher.java:56) ~[surefire-junit-platform-3.5.2.jar:3.5.2]
	at org.apache.maven.surefire.junitplatform.JUnitPlatformProvider.execute(JUnitPlatformProvider.java:184) ~[surefire-junit-platform-3.5.2.jar:3.5.2]
	at org.apache.maven.surefire.junitplatform.JUnitPlatformProvider.invokeAllTests(JUnitPlatformProvider.java:148) ~[surefire-junit-platform-3.5.2.jar:3.5.2]
	at org.apache.maven.surefire.junitplatform.JUnitPlatformProvider.invoke(JUnitPlatformProvider.java:122) ~[surefire-junit-platform-3.5.2.jar:3.5.2]
	at org.apache.maven.surefire.booter.ForkedBooter.runSuitesInProcess(ForkedBooter.java:385) ~[surefire-booter-3.5.2.jar:3.5.2]
	at org.apache.maven.surefire.booter.ForkedBooter.execute(ForkedBooter.java:162) ~[surefire-booter-3.5.2.jar:3.5.2]
	at org.apache.maven.surefire.booter.ForkedBooter.run(ForkedBooter.java:507) ~[surefire-booter-3.5.2.jar:3.5.2]
	at org.apache.maven.surefire.booter.ForkedBooter.main(ForkedBooter.java:495) ~[surefire-booter-3.5.2.jar:3.5.2]

2025-03-26T11:31:57.360-04:00 DEBUG 26656 --- [BonafideGenerator] [           main] o.s.d.jpa.repository.query.NamedQuery    : Did not find named query Student.findByStudentId.count
2025-03-26T11:31:57.365-04:00  INFO 26656 --- [BonafideGenerator] [           main] o.s.d.j.r.query.QueryEnhancerFactory     : Hibernate is in classpath; If applicable, HQL parser will be used.
2025-03-26T11:31:57.498-04:00 DEBUG 26656 --- [BonafideGenerator] [           main] org.hibernate.orm.query.hql              : HQL : SELECT s FROM Student s WHERE s.studentId = :studentId
2025-03-26T11:31:57.665-04:00 DEBUG 26656 --- [BonafideGenerator] [           main] org.hibernate.orm.query.sqm.creation     : Applying inferable type to SqmExpression [SqmNamedParameter(studentId)] : null -> SqmBasicValuedSimplePath(com.newveela.bonafidegenerator.model.Student(s).studentId)
2025-03-26T11:31:57.669-04:00 DEBUG 26656 --- [BonafideGenerator] [           main] org.hibernate.orm.query.sqm.ast          : SqmStatement Tree :
    -> [select]
      -> [query-spec]
        -> [select]
          -> [selection]
            -> [root] - `com.newveela.bonafidegenerator.model.Student(s)`
            <- [root] - `com.newveela.bonafidegenerator.model.Student(s)`
          <- [selection]
        <- [select]
        -> [from]
          -> [root] - `com.newveela.bonafidegenerator.model.Student(s)`
          <- [root] - `com.newveela.bonafidegenerator.model.Student(s)`
        <- [from]
        -> [where]
          -> [EQUAL]
              -> [basic-path] - `com.newveela.bonafidegenerator.model.Student(s).studentId`
              :studentId
          <- [EQUAL]
        <- [where]
      <- [query-spec]
    <- [select]

2025-03-26T11:31:57.800-04:00  WARN 26656 --- [BonafideGenerator] [           main] JpaBaseConfiguration$JpaWebConfiguration : spring.jpa.open-in-view is enabled by default. Therefore, database queries may be performed during view rendering. Explicitly configure spring.jpa.open-in-view to disable this warning
2025-03-26T11:31:57.816-04:00  INFO 26656 --- [BonafideGenerator] [           main] o.s.b.a.w.s.WelcomePageHandlerMapping    : Adding welcome page: class path resource [static/index.html]
2025-03-26T11:31:57.847-04:00 DEBUG 26656 --- [BonafideGenerator] [           main] s.w.s.m.m.a.RequestMappingHandlerMapping : 7 mappings in 'requestMappingHandlerMapping'
2025-03-26T11:31:57.883-04:00 DEBUG 26656 --- [BonafideGenerator] [           main] o.s.w.s.handler.SimpleUrlHandlerMapping  : Patterns [/webjars/**, /**] in 'resourceHandlerMapping'
2025-03-26T11:31:57.899-04:00 DEBUG 26656 --- [BonafideGenerator] [           main] s.w.s.m.m.a.RequestMappingHandlerAdapter : ControllerAdvice beans: 0 @ModelAttribute, 0 @InitBinder, 1 RequestBodyAdvice, 1 ResponseBodyAdvice
2025-03-26T11:31:57.927-04:00 DEBUG 26656 --- [BonafideGenerator] [           main] .m.m.a.ExceptionHandlerExceptionResolver : ControllerAdvice beans: 0 @ExceptionHandler, 1 ResponseBodyAdvice
2025-03-26T11:31:58.084-04:00  INFO 26656 --- [BonafideGenerator] [           main] o.s.b.a.h2.H2ConsoleAutoConfiguration    : H2 console available at '/h2-console'. Database available at 'jdbc:h2:mem:student'
2025-03-26T11:31:58.103-04:00  INFO 26656 --- [BonafideGenerator] [           main] o.s.b.a.e.web.EndpointLinksResolver      : Exposing 1 endpoint beneath base path '/actuator'
2025-03-26T11:31:58.144-04:00  INFO 26656 --- [BonafideGenerator] [           main] c.n.b.BonafideGeneratorApplicationTests  : Started BonafideGeneratorApplicationTests in 2.337 seconds (process running for 2.755)
]]></system-out>
    <system-err><![CDATA[Mockito is currently self-attaching to enable the inline-mock-maker. This will no longer work in future releases of the JDK. Please add Mockito as an agent to your build what is described in Mockito's documentation: https://javadoc.io/doc/org.mockito/mockito-core/latest/org/mockito/Mockito.html#0.3
WARNING: A Java agent has been loaded dynamically (/Users/bug/.m2/repository/net/bytebuddy/byte-buddy-agent/1.15.11/byte-buddy-agent-1.15.11.jar)
WARNING: If a serviceability tool is in use, please run with -XX:+EnableDynamicAgentLoading to hide this warning
WARNING: If a serviceability tool is not in use, please run with -Djdk.instrument.traceUsage for more information
WARNING: Dynamic loading of agents will be disallowed by default in a future release
]]></system-err>
  </testcase>
</testsuite>